Log file open, 05/21/20 11:12:02
LogWindows: Failed to load 'aqProf.dll' (GetLastError=126)
LogWindows: File 'aqProf.dll' does not exist
LogWindows: Failed to load 'VtuneApi.dll' (GetLastError=126)
LogWindows: File 'VtuneApi.dll' does not exist
LogWindows: Failed to load 'VtuneApi32e.dll' (GetLastError=126)
LogWindows: File 'VtuneApi32e.dll' does not exist
LogConsoleResponse: Display: Failed to find resolution value strings in scalability ini. Falling back to default.
LogInit: Display: Running engine for game: TrabajoTPS
LogPlatformFile: Not using cached read wrapper
LogTaskGraph: Started task graph with 5 named threads and 23 total threads with 3 sets of task threads.
LogStats: Stats thread started at 2.107051
LogD3D11RHI: Loaded GFSDK_Aftermath_Lib.x64.dll
LogICUInternationalization: ICU TimeZone Detection - Raw Offset: +1:00, Platform Override: ''
LogPluginManager: Mounting plugin Paper2D
LogPluginManager: Mounting plugin AISupport
LogPluginManager: Mounting plugin LightPropagationVolume
LogPluginManager: Mounting plugin ActorLayerUtilities
LogPluginManager: Mounting plugin AnimationSharing
LogPluginManager: Mounting plugin CLionSourceCodeAccess
LogPluginManager: Mounting plugin CodeLiteSourceCodeAccess
LogPluginManager: Mounting plugin GitSourceControl
LogPluginManager: Mounting plugin KDevelopSourceCodeAccess
LogPluginManager: Mounting plugin NullSourceCodeAccess
LogPluginManager: Mounting plugin PerforceSourceControl
LogPluginManager: Mounting plugin SubversionSourceControl
LogPluginManager: Mounting plugin UObjectPlugin
LogPluginManager: Mounting plugin VisualStudioCodeSourceCodeAccess
LogPluginManager: Mounting plugin VisualStudioSourceCodeAccess
LogPluginManager: Mounting plugin XCodeSourceCodeAccess
LogPluginManager: Mounting plugin AssetManagerEditor
LogPluginManager: Mounting plugin CryptoKeys
LogPluginManager: Mounting plugin CurveEditorTools
LogPluginManager: Mounting plugin DataValidation
LogPluginManager: Mounting plugin FacialAnimation
LogPluginManager: Mounting plugin GameplayTagsEditor
LogPluginManager: Mounting plugin MacGraphicsSwitching
LogPluginManager: Mounting plugin MaterialAnalyzer
LogPluginManager: Mounting plugin MobileLauncherProfileWizard
LogPluginManager: Mounting plugin PluginBrowser
LogPluginManager: Mounting plugin SpeedTreeImporter
LogPluginManager: Mounting plugin DatasmithContent
LogPluginManager: Mounting plugin VariantManagerContent
LogPluginManager: Mounting plugin AlembicImporter
LogPluginManager: Mounting plugin AutomationUtils
LogPluginManager: Mounting plugin BackChannel
LogPluginManager: Mounting plugin CharacterAI
LogPluginManager: Mounting plugin GeometryCache
LogPluginManager: Mounting plugin HTML5Networking
LogPluginManager: Mounting plugin PlatformCrypto
LogPluginManager: Mounting plugin ProxyLODPlugin
LogPluginManager: Mounting plugin SkeletalReduction
LogPluginManager: Mounting plugin MagicLeap
LogPluginManager: Mounting plugin MagicLeapMedia
LogPluginManager: Mounting plugin AndroidMedia
LogPluginManager: Mounting plugin AvfMedia
LogPluginManager: Mounting plugin ImgMedia
LogPluginManager: Mounting plugin MediaCompositing
LogPluginManager: Mounting plugin MediaPlayerEditor
LogPluginManager: Mounting plugin WebMMedia
LogPluginManager: Mounting plugin WmfMedia
LogPluginManager: Mounting plugin TcpMessaging
LogPluginManager: Mounting plugin UdpMessaging
LogPluginManager: Mounting plugin ActorSequence
LogPluginManager: Mounting plugin LevelSequenceEditor
LogPluginManager: Mounting plugin MatineeToLevelSequence
LogPluginManager: Mounting plugin NetcodeUnitTest
LogPluginManager: Mounting plugin NUTUnrealEngine4
LogPluginManager: Mounting plugin OnlineSubsystemGooglePlay
LogPluginManager: Mounting plugin OnlineSubsystemIOS
LogPluginManager: Mounting plugin OnlineSubsystem
LogPluginManager: Mounting plugin OnlineSubsystemNull
LogPluginManager: Mounting plugin OnlineSubsystemUtils
LogPluginManager: Mounting plugin LauncherChunkInstaller
LogPluginManager: Mounting plugin AndroidDeviceProfileSelector
LogPluginManager: Mounting plugin AndroidMoviePlayer
LogPluginManager: Mounting plugin AndroidPermission
LogPluginManager: Mounting plugin AppleImageUtils
LogPluginManager: Mounting plugin AppleMoviePlayer
LogPluginManager: Mounting plugin ArchVisCharacter
LogPluginManager: Mounting plugin AudioCapture
LogPluginManager: Mounting plugin CableComponent
LogPluginManager: Mounting plugin CustomMeshComponent
LogPluginManager: Mounting plugin EditableMesh
LogPluginManager: Mounting plugin ExampleDeviceProfileSelector
LogPluginManager: Mounting plugin GoogleCloudMessaging
LogPluginManager: Mounting plugin IOSDeviceProfileSelector
LogPluginManager: Mounting plugin LinuxDeviceProfileSelector
LogPluginManager: Mounting plugin LocationServicesBPLibrary
LogPluginManager: Mounting plugin MobilePatchingUtils
LogPluginManager: Mounting plugin OculusVR
LogPluginManager: Mounting plugin PhysXVehicles
LogPluginManager: Mounting plugin ProceduralMeshComponent
LogPluginManager: Mounting plugin RuntimePhysXCooking
LogPluginManager: Mounting plugin SignificanceManager
LogPluginManager: Mounting plugin SteamVR
LogPluginManager: Mounting plugin WebMMoviePlayer
LogPluginManager: Mounting plugin WindowsMoviePlayer
LogPluginManager: Mounting plugin ScreenshotTools
LogInit: Using libcurl 7.55.1-DEV
LogInit:  - built for x86_64-pc-win32
LogInit:  - supports SSL with OpenSSL/1.1.1
LogInit:  - supports HTTP deflate (compression) using libz 1.2.8
LogInit:  - other features:
LogInit:      CURL_VERSION_SSL
LogInit:      CURL_VERSION_LIBZ
LogInit:      CURL_VERSION_IPV6
LogInit:      CURL_VERSION_ASYNCHDNS
LogInit:      CURL_VERSION_LARGEFILE
LogInit:      CURL_VERSION_IDN
LogInit:  CurlRequestOptions (configurable via config and command line):
LogInit:  - bVerifyPeer = true  - Libcurl will verify peer certificate
LogInit:  - bUseHttpProxy = false  - Libcurl will NOT use HTTP proxy
LogInit:  - bDontReuseConnections = false  - Libcurl will reuse connections
LogInit:  - MaxHostConnections = 16  - Libcurl will limit the number of connections to a host
LogInit:  - LocalHostAddr = Default
LogInit:  - BufferSize = 65536
LogOnline: OSS: Creating online subsystem instance for: NULL
LogInit: WinSock: version 1.1 (2.2), MaxSocks=32767, MaxUdp=65467
LogInit: Build: ++UE4+Release-4.23-CL-9631420
LogInit: Engine Version: 4.23.1-9631420+++UE4+Release-4.23
LogInit: Compatible Engine Version: 4.23.0-8386587+++UE4+Release-4.23
LogInit: Net CL: 8386587
LogInit: OS: Windows 10 (Release 1903) (), CPU: Intel(R) Core(TM) i7-6700 CPU @ 3.40GHz, GPU: NVIDIA GeForce GTX 1060 6GB
LogInit: Compiled (64-bit): Oct 18 2019 02:07:44
LogInit: Compiled with Visual C++: 19.16.27030.01
LogInit: Build Configuration: Development
LogInit: Branch Name: ++UE4+Release-4.23
LogInit: Command Line: 
LogInit: Base Directory: F:/Program Files/Epic Games/UE_4.23/Engine/Binaries/Win64/
LogInit: Installed Engine Build: 1
LogDevObjectVersion: Number of dev versions registered: 23
LogDevObjectVersion:   Dev-Blueprints (B0D832E4-1F89-4F0D-ACCF-7EB736FD4AA2): 10
LogDevObjectVersion:   Dev-Build (E1C64328-A22C-4D53-A36C-8E866417BD8C): 0
LogDevObjectVersion:   Dev-Core (375EC13C-06E4-48FB-B500-84F0262A717E): 3
LogDevObjectVersion:   Dev-Editor (E4B068ED-F494-42E9-A231-DA0B2E46BB41): 34
LogDevObjectVersion:   Dev-Framework (CFFC743F-43B0-4480-9391-14DF171D2073): 35
LogDevObjectVersion:   Dev-Mobile (B02B49B5-BB20-44E9-A304-32B752E40360): 2
LogDevObjectVersion:   Dev-Networking (A4E4105C-59A1-49B5-A7C5-40C4547EDFEE): 0
LogDevObjectVersion:   Dev-Online (39C831C9-5AE6-47DC-9A44-9C173E1C8E7C): 0
LogDevObjectVersion:   Dev-Physics (78F01B33-EBEA-4F98-B9B4-84EACCB95AA2): 0
LogDevObjectVersion:   Dev-Platform (6631380F-2D4D-43E0-8009-CF276956A95A): 0
LogDevObjectVersion:   Dev-Rendering (12F88B9F-8875-4AFC-A67C-D90C383ABD29): 31
LogDevObjectVersion:   Dev-Sequencer (7B5AE74C-D270-4C10-A958-57980B212A5A): 11
LogDevObjectVersion:   Dev-VR (D7296918-1DD6-4BDD-9DE2-64A83CC13884): 2
LogDevObjectVersion:   Dev-LoadTimes (C2A15278-BFE7-4AFE-6C17-90FF531DF755): 1
LogDevObjectVersion:   Private-Geometry (6EACA3D4-40EC-4CC1-B786-8BED09428FC5): 3
LogDevObjectVersion:   Dev-AnimPhys (29E575DD-E0A3-4627-9D10-D276232CDCEA): 17
LogDevObjectVersion:   Dev-Anim (AF43A65D-7FD3-4947-9873-3E8ED9C1BB05): 2
LogDevObjectVersion:   Dev-ReflectionCapture (6B266CEC-1EC7-4B8F-A30B-E4D90942FC07): 1
LogDevObjectVersion:   Dev-Automation (0DF73D61-A23F-47EA-B727-89E90C41499A): 1
LogDevObjectVersion:   FortniteMain (601D1886-AC64-4F84-AA16-D3DE0DEAC7D6): 27
LogDevObjectVersion:   Dev-Enterprise (9DFFBCD6-494F-0158-E221-12823C92A888): 6
LogDevObjectVersion:   Dev-Niagara (F2AED0AC-9AFE-416F-8664-AA7FFA26D6FC): 1
LogDevObjectVersion:   Dev-Destruction (174F1F0B-B4C6-45A5-B13F-2EE8D0FB917D): 9
LogInit: Presizing for max 16777216 objects, including 0 objects not considered by GC, pre-allocating 0 bytes for permanent pool.
LogInit: Object subsystem initialized
LogConfig: Setting CVar [[con.DebugEarlyDefault:1]]
LogConfig: Setting CVar [[r.setres:1280x720]]
[2020.05.21-09.12.04:798][  0]LogConfig: Setting CVar [[r.VSync:0]]
[2020.05.21-09.12.04:798][  0]LogConfig: Setting CVar [[r.RHICmdBypass:0]]
[2020.05.21-09.12.04:798][  0]LogConfig: Applying CVar settings from Section [/Script/Engine.RendererSettings] File [C:/Users/User/Desktop/TrabajoUnrealTPS/TrabajoTPS/Saved/Config/Windows/Engine.ini]
[2020.05.21-09.12.04:798][  0]LogConfig: Setting CVar [[r.GPUCrashDebugging:0]]
[2020.05.21-09.12.04:798][  0]LogConfig: Applying CVar settings from Section [/Script/Engine.RendererOverrideSettings] File [C:/Users/User/Desktop/TrabajoUnrealTPS/TrabajoTPS/Saved/Config/Windows/Engine.ini]
[2020.05.21-09.12.04:798][  0]LogConfig: Applying CVar settings from Section [/Script/Engine.StreamingSettings] File [C:/Users/User/Desktop/TrabajoUnrealTPS/TrabajoTPS/Saved/Config/Windows/Engine.ini]
[2020.05.21-09.12.04:798][  0]LogConfig: Setting CVar [[s.MinBulkDataSizeForAsyncLoading:131072]]
[2020.05.21-09.12.04:798][  0]LogConfig: Setting CVar [[s.AsyncLoadingThreadEnabled:0]]
[2020.05.21-09.12.04:798][  0]LogConfig: Setting CVar [[s.EventDrivenLoaderEnabled:1]]
[2020.05.21-09.12.04:798][  0]LogConfig: Setting CVar [[s.WarnIfTimeLimitExceeded:0]]
[2020.05.21-09.12.04:798][  0]LogConfig: Setting CVar [[s.TimeLimitExceededMultiplier:1.5]]
[2020.05.21-09.12.04:798][  0]LogConfig: Setting CVar [[s.TimeLimitExceededMinTime:0.005]]
[2020.05.21-09.12.04:798][  0]LogConfig: Setting CVar [[s.UseBackgroundLevelStreaming:1]]
[2020.05.21-09.12.04:798][  0]LogConfig: Setting CVar [[s.PriorityAsyncLoadingExtraTime:15.0]]
[2020.05.21-09.12.04:798][  0]LogConfig: Setting CVar [[s.LevelStreamingActorsUpdateTimeLimit:5.0]]
[2020.05.21-09.12.04:798][  0]LogConfig: Setting CVar [[s.PriorityLevelStreamingActorsUpdateExtraTime:5.0]]
[2020.05.21-09.12.04:798][  0]LogConfig: Setting CVar [[s.LevelStreamingComponentsRegistrationGranularity:10]]
[2020.05.21-09.12.04:798][  0]LogConfig: Setting CVar [[s.UnregisterComponentsTimeLimit:1.0]]
[2020.05.21-09.12.04:798][  0]LogConfig: Setting CVar [[s.LevelStreamingComponentsUnregistrationGranularity:5]]
[2020.05.21-09.12.04:798][  0]LogConfig: Applying CVar settings from Section [/Script/Engine.GarbageCollectionSettings] File [C:/Users/User/Desktop/TrabajoUnrealTPS/TrabajoTPS/Saved/Config/Windows/Engine.ini]
[2020.05.21-09.12.04:798][  0]LogConfig: Setting CVar [[gc.MaxObjectsNotConsideredByGC:1]]
[2020.05.21-09.12.04:798][  0]LogConfig: Setting CVar [[gc.SizeOfPermanentObjectPool:0]]
[2020.05.21-09.12.04:798][  0]LogConfig: Setting CVar [[gc.FlushStreamingOnGC:0]]
[2020.05.21-09.12.04:798][  0]LogConfig: Setting CVar [[gc.NumRetriesBeforeForcingGC:10]]
[2020.05.21-09.12.04:798][  0]LogConfig: Setting CVar [[gc.AllowParallelGC:1]]
[2020.05.21-09.12.04:798][  0]LogConfig: Setting CVar [[gc.TimeBetweenPurgingPendingKillObjects:61.1]]
[2020.05.21-09.12.04:798][  0]LogConfig: Setting CVar [[gc.MaxObjectsInEditor:16777216]]
[2020.05.21-09.12.04:798][  0]LogConfig: Setting CVar [[gc.IncrementalBeginDestroyEnabled:1]]
[2020.05.21-09.12.04:798][  0]LogConfig: Setting CVar [[gc.CreateGCClusters:1]]
[2020.05.21-09.12.04:798][  0]LogConfig: Setting CVar [[gc.MinGCClusterSize:5]]
[2020.05.21-09.12.04:798][  0]LogConfig: Setting CVar [[gc.ActorClusteringEnabled:0]]
[2020.05.21-09.12.04:799][  0]LogConfig: Setting CVar [[gc.BlueprintClusteringEnabled:0]]
[2020.05.21-09.12.04:799][  0]LogConfig: Setting CVar [[gc.UseDisregardForGCOnDedicatedServers:0]]
[2020.05.21-09.12.04:799][  0]LogConfig: Applying CVar settings from Section [/Script/Engine.NetworkSettings] File [C:/Users/User/Desktop/TrabajoUnrealTPS/TrabajoTPS/Saved/Config/Windows/Engine.ini]
[2020.05.21-09.12.04:799][  0]LogConfig: Applying CVar settings from Section [/Script/UnrealEd.CookerSettings] File [C:/Users/User/Desktop/TrabajoUnrealTPS/TrabajoTPS/Saved/Config/Windows/Engine.ini]
[2020.05.21-09.12.04:848][  0]LogConfig: Applying CVar settings from Section [ViewDistanceQuality@3] File [C:/Users/User/Desktop/TrabajoUnrealTPS/TrabajoTPS/Saved/Config/Windows/Scalability.ini]
[2020.05.21-09.12.04:848][  0]LogConfig: Setting CVar [[r.SkeletalMeshLODBias:0]]
[2020.05.21-09.12.04:848][  0]LogConfig: Setting CVar [[r.ViewDistanceScale:1.0]]
[2020.05.21-09.12.04:848][  0]LogConfig: Applying CVar settings from Section [AntiAliasingQuality@3] File [C:/Users/User/Desktop/TrabajoUnrealTPS/TrabajoTPS/Saved/Config/Windows/Scalability.ini]
[2020.05.21-09.12.04:848][  0]LogConfig: Setting CVar [[r.PostProcessAAQuality:4]]
[2020.05.21-09.12.04:848][  0]LogConfig: Applying CVar settings from Section [ShadowQuality@3] File [C:/Users/User/Desktop/TrabajoUnrealTPS/TrabajoTPS/Saved/Config/Windows/Scalability.ini]
[2020.05.21-09.12.04:848][  0]LogConfig: Setting CVar [[r.LightFunctionQuality:1]]
[2020.05.21-09.12.04:848][  0]LogConfig: Setting CVar [[r.ShadowQuality:5]]
[2020.05.21-09.12.04:848][  0]LogConfig: Setting CVar [[r.Shadow.CSM.MaxCascades:10]]
[2020.05.21-09.12.04:848][  0]LogConfig: Setting CVar [[r.Shadow.MaxResolution:2048]]
[2020.05.21-09.12.04:848][  0]LogConfig: Setting CVar [[r.Shadow.MaxCSMResolution:2048]]
[2020.05.21-09.12.04:848][  0]LogConfig: Setting CVar [[r.Shadow.RadiusThreshold:0.01]]
[2020.05.21-09.12.04:848][  0]LogConfig: Setting CVar [[r.Shadow.DistanceScale:1.0]]
[2020.05.21-09.12.04:848][  0]LogConfig: Setting CVar [[r.Shadow.CSM.TransitionScale:1.0]]
[2020.05.21-09.12.04:848][  0]LogConfig: Setting CVar [[r.Shadow.PreShadowResolutionFactor:1.0]]
[2020.05.21-09.12.04:848][  0]LogConfig: Setting CVar [[r.DistanceFieldShadowing:1]]
[2020.05.21-09.12.04:848][  0]LogConfig: Setting CVar [[r.DistanceFieldAO:1]]
[2020.05.21-09.12.04:848][  0]LogConfig: Setting CVar [[r.AOQuality:2]]
[2020.05.21-09.12.04:848][  0]LogConfig: Setting CVar [[r.VolumetricFog:1]]
[2020.05.21-09.12.04:848][  0]LogConfig: Setting CVar [[r.VolumetricFog.GridPixelSize:8]]
[2020.05.21-09.12.04:848][  0]LogConfig: Setting CVar [[r.VolumetricFog.GridSizeZ:128]]
[2020.05.21-09.12.04:848][  0]LogConfig: Setting CVar [[r.VolumetricFog.HistoryMissSupersampleCount:4]]
[2020.05.21-09.12.04:848][  0]LogConfig: Setting CVar [[r.LightMaxDrawDistanceScale:1]]
[2020.05.21-09.12.04:848][  0]LogConfig: Setting CVar [[r.CapsuleShadows:1]]
[2020.05.21-09.12.04:848][  0]LogConfig: Applying CVar settings from Section [PostProcessQuality@3] File [C:/Users/User/Desktop/TrabajoUnrealTPS/TrabajoTPS/Saved/Config/Windows/Scalability.ini]
[2020.05.21-09.12.04:848][  0]LogConfig: Setting CVar [[r.MotionBlurQuality:4]]
[2020.05.21-09.12.04:848][  0]LogConfig: Setting CVar [[r.AmbientOcclusionMipLevelFactor:0.4]]
[2020.05.21-09.12.04:848][  0]LogConfig: Setting CVar [[r.AmbientOcclusionMaxQuality:100]]
[2020.05.21-09.12.04:848][  0]LogConfig: Setting CVar [[r.AmbientOcclusionLevels:-1]]
[2020.05.21-09.12.04:848][  0]LogConfig: Setting CVar [[r.AmbientOcclusionRadiusScale:1.0]]
[2020.05.21-09.12.04:848][  0]LogConfig: Setting CVar [[r.DepthOfFieldQuality:2]]
[2020.05.21-09.12.04:848][  0]LogConfig: Setting CVar [[r.RenderTargetPoolMin:400]]
[2020.05.21-09.12.04:848][  0]LogConfig: Setting CVar [[r.LensFlareQuality:2]]
[2020.05.21-09.12.04:848][  0]LogConfig: Setting CVar [[r.SceneColorFringeQuality:1]]
[2020.05.21-09.12.04:848][  0]LogConfig: Setting CVar [[r.EyeAdaptationQuality:2]]
[2020.05.21-09.12.04:848][  0]LogConfig: Setting CVar [[r.BloomQuality:5]]
[2020.05.21-09.12.04:848][  0]LogConfig: Setting CVar [[r.FastBlurThreshold:100]]
[2020.05.21-09.12.04:848][  0]LogConfig: Setting CVar [[r.Upscale.Quality:3]]
[2020.05.21-09.12.04:848][  0]LogConfig: Setting CVar [[r.Tonemapper.GrainQuantization:1]]
[2020.05.21-09.12.04:848][  0]LogConfig: Setting CVar [[r.LightShaftQuality:1]]
[2020.05.21-09.12.04:848][  0]LogConfig: Setting CVar [[r.Filter.SizeScale:1]]
[2020.05.21-09.12.04:848][  0]LogConfig: Setting CVar [[r.Tonemapper.Quality:5]]
[2020.05.21-09.12.04:848][  0]LogConfig: Setting CVar [[r.DOF.Gather.AccumulatorQuality:1        ; higher gathering accumulator quality]]
[2020.05.21-09.12.04:848][  0]LogConfig: Setting CVar [[r.DOF.Gather.PostfilterMethod:1          ; Median3x3 postfilering method]]
[2020.05.21-09.12.04:848][  0]LogConfig: Setting CVar [[r.DOF.Gather.EnableBokehSettings:0       ; no bokeh simulation when gathering]]
[2020.05.21-09.12.04:848][  0]LogConfig: Setting CVar [[r.DOF.Gather.RingCount:4                 ; medium number of samples when gathering]]
[2020.05.21-09.12.04:848][  0]LogConfig: Setting CVar [[r.DOF.Scatter.ForegroundCompositing:1    ; additive foreground scattering]]
[2020.05.21-09.12.04:848][  0]LogConfig: Setting CVar [[r.DOF.Scatter.BackgroundCompositing:2    ; additive background scattering]]
[2020.05.21-09.12.04:848][  0]LogConfig: Setting CVar [[r.DOF.Scatter.EnableBokehSettings:1      ; bokeh simulation when scattering]]
[2020.05.21-09.12.04:848][  0]LogConfig: Setting CVar [[r.DOF.Scatter.MaxSpriteRatio:0.1         ; only a maximum of 10% of scattered bokeh]]
[2020.05.21-09.12.04:848][  0]LogConfig: Setting CVar [[r.DOF.Recombine.Quality:1                ; cheap slight out of focus]]
[2020.05.21-09.12.04:848][  0]LogConfig: Setting CVar [[r.DOF.Recombine.EnableBokehSettings:0    ; no bokeh simulation on slight out of focus]]
[2020.05.21-09.12.04:848][  0]LogConfig: Setting CVar [[r.DOF.TemporalAAQuality:1                ; more stable temporal accumulation]]
[2020.05.21-09.12.04:848][  0]LogConfig: Setting CVar [[r.DOF.Kernel.MaxForegroundRadius:0.025]]
[2020.05.21-09.12.04:848][  0]LogConfig: Setting CVar [[r.DOF.Kernel.MaxBackgroundRadius:0.025]]
[2020.05.21-09.12.04:848][  0]LogConfig: Applying CVar settings from Section [TextureQuality@3] File [C:/Users/User/Desktop/TrabajoUnrealTPS/TrabajoTPS/Saved/Config/Windows/Scalability.ini]
[2020.05.21-09.12.04:848][  0]LogConfig: Setting CVar [[r.Streaming.MipBias:0]]
[2020.05.21-09.12.04:848][  0]LogConfig: Setting CVar [[r.Streaming.AmortizeCPUToGPUCopy:0]]
[2020.05.21-09.12.04:848][  0]LogConfig: Setting CVar [[r.Streaming.MaxNumTexturesToStreamPerFrame:0]]
[2020.05.21-09.12.04:848][  0]LogConfig: Setting CVar [[r.Streaming.Boost:1]]
[2020.05.21-09.12.04:848][  0]LogConfig: Setting CVar [[r.MaxAnisotropy:8]]
[2020.05.21-09.12.04:848][  0]LogConfig: Setting CVar [[r.Streaming.LimitPoolSizeToVRAM:0]]
[2020.05.21-09.12.04:848][  0]LogConfig: Setting CVar [[r.Streaming.PoolSize:1000]]
[2020.05.21-09.12.04:848][  0]LogConfig: Setting CVar [[r.Streaming.MaxEffectiveScreenSize:0]]
[2020.05.21-09.12.04:848][  0]LogConfig: Applying CVar settings from Section [EffectsQuality@3] File [C:/Users/User/Desktop/TrabajoUnrealTPS/TrabajoTPS/Saved/Config/Windows/Scalability.ini]
[2020.05.21-09.12.04:848][  0]LogConfig: Setting CVar [[r.TranslucencyLightingVolumeDim:64]]
[2020.05.21-09.12.04:848][  0]LogConfig: Setting CVar [[r.RefractionQuality:2]]
[2020.05.21-09.12.04:848][  0]LogConfig: Setting CVar [[r.SSR.Quality:3]]
[2020.05.21-09.12.04:848][  0]LogConfig: Setting CVar [[r.SceneColorFormat:4]]
[2020.05.21-09.12.04:849][  0]LogConfig: Setting CVar [[r.DetailMode:2]]
[2020.05.21-09.12.04:849][  0]LogConfig: Setting CVar [[r.TranslucencyVolumeBlur:1]]
[2020.05.21-09.12.04:849][  0]LogConfig: Setting CVar [[r.MaterialQualityLevel:1 ; High quality]]
[2020.05.21-09.12.04:849][  0]LogConfig: Setting CVar [[r.SSS.Scale:1]]
[2020.05.21-09.12.04:849][  0]LogConfig: Setting CVar [[r.SSS.SampleSet:2]]
[2020.05.21-09.12.04:849][  0]LogConfig: Setting CVar [[r.SSS.Quality:1]]
[2020.05.21-09.12.04:849][  0]LogConfig: Setting CVar [[r.SSS.HalfRes:1]]
[2020.05.21-09.12.04:849][  0]LogConfig: Setting CVar [[r.EmitterSpawnRateScale:1.0]]
[2020.05.21-09.12.04:849][  0]LogConfig: Setting CVar [[r.ParticleLightQuality:2]]
[2020.05.21-09.12.04:849][  0]LogConfig: Applying CVar settings from Section [FoliageQuality@3] File [C:/Users/User/Desktop/TrabajoUnrealTPS/TrabajoTPS/Saved/Config/Windows/Scalability.ini]
[2020.05.21-09.12.04:849][  0]LogConfig: Setting CVar [[foliage.DensityScale:1.0]]
[2020.05.21-09.12.04:849][  0]LogConfig: Setting CVar [[grass.DensityScale:1.0]]
[2020.05.21-09.12.04:867][  0]LogInit: Selected Device Profile: [Windows]
[2020.05.21-09.12.04:871][  0]LogInit: Applying CVar settings loaded from the selected device profile: [Windows]
[2020.05.21-09.12.04:902][  0]LogHAL: Display: Platform has ~ 16 GB [17113026560 / 17179869184 / 16], which maps to Larger [LargestMinGB=32, LargerMinGB=12, DefaultMinGB=8, SmallerMinGB=6, SmallestMinGB=0)
[2020.05.21-09.12.04:902][  0]LogInit: Going up to parent DeviceProfile []
[2020.05.21-09.12.04:902][  0]LogConfig: Applying CVar settings from Section [ViewDistanceQuality@3] File [C:/Users/User/Desktop/TrabajoUnrealTPS/TrabajoTPS/Saved/Config/Windows/Scalability.ini]
[2020.05.21-09.12.04:902][  0]LogConfig: Setting CVar [[r.SkeletalMeshLODBias:0]]
[2020.05.21-09.12.04:902][  0]LogConfig: Setting CVar [[r.ViewDistanceScale:1.0]]
[2020.05.21-09.12.04:902][  0]LogConfig: Applying CVar settings from Section [AntiAliasingQuality@3] File [C:/Users/User/Desktop/TrabajoUnrealTPS/TrabajoTPS/Saved/Config/Windows/Scalability.ini]
[2020.05.21-09.12.04:902][  0]LogConfig: Setting CVar [[r.PostProcessAAQuality:4]]
[2020.05.21-09.12.04:902][  0]LogConfig: Applying CVar settings from Section [ShadowQuality@3] File [C:/Users/User/Desktop/TrabajoUnrealTPS/TrabajoTPS/Saved/Config/Windows/Scalability.ini]
[2020.05.21-09.12.04:902][  0]LogConfig: Setting CVar [[r.LightFunctionQuality:1]]
[2020.05.21-09.12.04:902][  0]LogConfig: Setting CVar [[r.ShadowQuality:5]]
[2020.05.21-09.12.04:902][  0]LogConfig: Setting CVar [[r.Shadow.CSM.MaxCascades:10]]
[2020.05.21-09.12.04:902][  0]LogConfig: Setting CVar [[r.Shadow.MaxResolution:2048]]
[2020.05.21-09.12.04:902][  0]LogConfig: Setting CVar [[r.Shadow.MaxCSMResolution:2048]]
[2020.05.21-09.12.04:902][  0]LogConfig: Setting CVar [[r.Shadow.RadiusThreshold:0.01]]
[2020.05.21-09.12.04:902][  0]LogConfig: Setting CVar [[r.Shadow.DistanceScale:1.0]]
[2020.05.21-09.12.04:902][  0]LogConfig: Setting CVar [[r.Shadow.CSM.TransitionScale:1.0]]
[2020.05.21-09.12.04:902][  0]LogConfig: Setting CVar [[r.Shadow.PreShadowResolutionFactor:1.0]]
[2020.05.21-09.12.04:902][  0]LogConfig: Setting CVar [[r.DistanceFieldShadowing:1]]
[2020.05.21-09.12.04:902][  0]LogConfig: Setting CVar [[r.DistanceFieldAO:1]]
[2020.05.21-09.12.04:902][  0]LogConfig: Setting CVar [[r.AOQuality:2]]
[2020.05.21-09.12.04:902][  0]LogConfig: Setting CVar [[r.VolumetricFog:1]]
[2020.05.21-09.12.04:902][  0]LogConfig: Setting CVar [[r.VolumetricFog.GridPixelSize:8]]
[2020.05.21-09.12.04:902][  0]LogConfig: Setting CVar [[r.VolumetricFog.GridSizeZ:128]]
[2020.05.21-09.12.04:902][  0]LogConfig: Setting CVar [[r.VolumetricFog.HistoryMissSupersampleCount:4]]
[2020.05.21-09.12.04:902][  0]LogConfig: Setting CVar [[r.LightMaxDrawDistanceScale:1]]
[2020.05.21-09.12.04:902][  0]LogConfig: Setting CVar [[r.CapsuleShadows:1]]
[2020.05.21-09.12.04:902][  0]LogConfig: Applying CVar settings from Section [PostProcessQuality@3] File [C:/Users/User/Desktop/TrabajoUnrealTPS/TrabajoTPS/Saved/Config/Windows/Scalability.ini]
[2020.05.21-09.12.04:902][  0]LogConfig: Setting CVar [[r.MotionBlurQuality:4]]
[2020.05.21-09.12.04:902][  0]LogConfig: Setting CVar [[r.AmbientOcclusionMipLevelFactor:0.4]]
[2020.05.21-09.12.04:903][  0]LogConfig: Setting CVar [[r.AmbientOcclusionMaxQuality:100]]
[2020.05.21-09.12.04:903][  0]LogConfig: Setting CVar [[r.AmbientOcclusionLevels:-1]]
[2020.05.21-09.12.04:903][  0]LogConfig: Setting CVar [[r.AmbientOcclusionRadiusScale:1.0]]
[2020.05.21-09.12.04:903][  0]LogConfig: Setting CVar [[r.DepthOfFieldQuality:2]]
[2020.05.21-09.12.04:903][  0]LogConfig: Setting CVar [[r.RenderTargetPoolMin:400]]
[2020.05.21-09.12.04:903][  0]LogConfig: Setting CVar [[r.LensFlareQuality:2]]
[2020.05.21-09.12.04:903][  0]LogConfig: Setting CVar [[r.SceneColorFringeQuality:1]]
[2020.05.21-09.12.04:903][  0]LogConfig: Setting CVar [[r.EyeAdaptationQuality:2]]
[2020.05.21-09.12.04:903][  0]LogConfig: Setting CVar [[r.BloomQuality:5]]
[2020.05.21-09.12.04:903][  0]LogConfig: Setting CVar [[r.FastBlurThreshold:100]]
[2020.05.21-09.12.04:903][  0]LogConfig: Setting CVar [[r.Upscale.Quality:3]]
[2020.05.21-09.12.04:903][  0]LogConfig: Setting CVar [[r.Tonemapper.GrainQuantization:1]]
[2020.05.21-09.12.04:903][  0]LogConfig: Setting CVar [[r.LightShaftQuality:1]]
[2020.05.21-09.12.04:903][  0]LogConfig: Setting CVar [[r.Filter.SizeScale:1]]
[2020.05.21-09.12.04:903][  0]LogConfig: Setting CVar [[r.Tonemapper.Quality:5]]
[2020.05.21-09.12.04:903][  0]LogConfig: Setting CVar [[r.DOF.Gather.AccumulatorQuality:1        ; higher gathering accumulator quality]]
[2020.05.21-09.12.04:903][  0]LogConfig: Setting CVar [[r.DOF.Gather.PostfilterMethod:1          ; Median3x3 postfilering method]]
[2020.05.21-09.12.04:903][  0]LogConfig: Setting CVar [[r.DOF.Gather.EnableBokehSettings:0       ; no bokeh simulation when gathering]]
[2020.05.21-09.12.04:903][  0]LogConfig: Setting CVar [[r.DOF.Gather.RingCount:4                 ; medium number of samples when gathering]]
[2020.05.21-09.12.04:903][  0]LogConfig: Setting CVar [[r.DOF.Scatter.ForegroundCompositing:1    ; additive foreground scattering]]
[2020.05.21-09.12.04:903][  0]LogConfig: Setting CVar [[r.DOF.Scatter.BackgroundCompositing:2    ; additive background scattering]]
[2020.05.21-09.12.04:903][  0]LogConfig: Setting CVar [[r.DOF.Scatter.EnableBokehSettings:1      ; bokeh simulation when scattering]]
[2020.05.21-09.12.04:903][  0]LogConfig: Setting CVar [[r.DOF.Scatter.MaxSpriteRatio:0.1         ; only a maximum of 10% of scattered bokeh]]
[2020.05.21-09.12.04:903][  0]LogConfig: Setting CVar [[r.DOF.Recombine.Quality:1                ; cheap slight out of focus]]
[2020.05.21-09.12.04:903][  0]LogConfig: Setting CVar [[r.DOF.Recombine.EnableBokehSettings:0    ; no bokeh simulation on slight out of focus]]
[2020.05.21-09.12.04:903][  0]LogConfig: Setting CVar [[r.DOF.TemporalAAQuality:1                ; more stable temporal accumulation]]
[2020.05.21-09.12.04:903][  0]LogConfig: Setting CVar [[r.DOF.Kernel.MaxForegroundRadius:0.025]]
[2020.05.21-09.12.04:903][  0]LogConfig: Setting CVar [[r.DOF.Kernel.MaxBackgroundRadius:0.025]]
[2020.05.21-09.12.04:903][  0]LogConfig: Applying CVar settings from Section [TextureQuality@3] File [C:/Users/User/Desktop/TrabajoUnrealTPS/TrabajoTPS/Saved/Config/Windows/Scalability.ini]
[2020.05.21-09.12.04:903][  0]LogConfig: Setting CVar [[r.Streaming.MipBias:0]]
[2020.05.21-09.12.04:903][  0]LogConfig: Setting CVar [[r.Streaming.AmortizeCPUToGPUCopy:0]]
[2020.05.21-09.12.04:903][  0]LogConfig: Setting CVar [[r.Streaming.MaxNumTexturesToStreamPerFrame:0]]
[2020.05.21-09.12.04:903][  0]LogConfig: Setting CVar [[r.Streaming.Boost:1]]
[2020.05.21-09.12.04:903][  0]LogConfig: Setting CVar [[r.MaxAnisotropy:8]]
[2020.05.21-09.12.04:903][  0]LogConfig: Setting CVar [[r.Streaming.LimitPoolSizeToVRAM:0]]
[2020.05.21-09.12.04:903][  0]LogConfig: Setting CVar [[r.Streaming.PoolSize:1000]]
[2020.05.21-09.12.04:903][  0]LogConfig: Setting CVar [[r.Streaming.MaxEffectiveScreenSize:0]]
[2020.05.21-09.12.04:903][  0]LogConfig: Applying CVar settings from Section [EffectsQuality@3] File [C:/Users/User/Desktop/TrabajoUnrealTPS/TrabajoTPS/Saved/Config/Windows/Scalability.ini]
[2020.05.21-09.12.04:903][  0]LogConfig: Setting CVar [[r.TranslucencyLightingVolumeDim:64]]
[2020.05.21-09.12.04:903][  0]LogConfig: Setting CVar [[r.RefractionQuality:2]]
[2020.05.21-09.12.04:903][  0]LogConfig: Setting CVar [[r.SSR.Quality:3]]
[2020.05.21-09.12.04:903][  0]LogConfig: Setting CVar [[r.SceneColorFormat:4]]
[2020.05.21-09.12.04:903][  0]LogConfig: Setting CVar [[r.DetailMode:2]]
[2020.05.21-09.12.04:903][  0]LogConfig: Setting CVar [[r.TranslucencyVolumeBlur:1]]
[2020.05.21-09.12.04:903][  0]LogConfig: Setting CVar [[r.MaterialQualityLevel:1 ; High quality]]
[2020.05.21-09.12.04:903][  0]LogConfig: Setting CVar [[r.SSS.Scale:1]]
[2020.05.21-09.12.04:903][  0]LogConfig: Setting CVar [[r.SSS.SampleSet:2]]
[2020.05.21-09.12.04:903][  0]LogConfig: Setting CVar [[r.SSS.Quality:1]]
[2020.05.21-09.12.04:903][  0]LogConfig: Setting CVar [[r.SSS.HalfRes:1]]
[2020.05.21-09.12.04:903][  0]LogConfig: Setting CVar [[r.EmitterSpawnRateScale:1.0]]
[2020.05.21-09.12.04:903][  0]LogConfig: Setting CVar [[r.ParticleLightQuality:2]]
[2020.05.21-09.12.04:903][  0]LogConfig: Applying CVar settings from Section [FoliageQuality@3] File [C:/Users/User/Desktop/TrabajoUnrealTPS/TrabajoTPS/Saved/Config/Windows/Scalability.ini]
[2020.05.21-09.12.04:903][  0]LogConfig: Setting CVar [[foliage.DensityScale:1.0]]
[2020.05.21-09.12.04:903][  0]LogConfig: Setting CVar [[grass.DensityScale:1.0]]
[2020.05.21-09.12.04:903][  0]LogConfig: Applying CVar settings from Section [Startup] File [../../../Engine/Config/ConsoleVariables.ini]
[2020.05.21-09.12.04:909][  0]LogConfig: Setting CVar [[net.UseAdaptiveNetUpdateFrequency:0]]
[2020.05.21-09.12.04:909][  0]LogConfig: Setting CVar [[p.chaos.AllowCreatePhysxBodies:1]]
[2020.05.21-09.12.04:909][  0]LogConfig: Applying CVar settings from Section [ConsoleVariables] File [C:/Users/User/Desktop/TrabajoUnrealTPS/TrabajoTPS/Saved/Config/Windows/Engine.ini]
[2020.05.21-09.12.04:910][  0]LogInit: Computer: DESKTOP-N4V67P8
[2020.05.21-09.12.04:910][  0]LogInit: User: User
[2020.05.21-09.12.04:910][  0]LogInit: CPU Page size=4096, Cores=4
[2020.05.21-09.12.04:910][  0]LogInit: High frequency timer resolution =10.000000 MHz
[2020.05.21-09.12.04:910][  0]LogMemory: Memory total: Physical=15.9GB (16GB approx)
[2020.05.21-09.12.04:910][  0]LogMemory: Platform Memory Stats for Windows
[2020.05.21-09.12.04:910][  0]LogMemory: Process Physical Memory: 101.10 MB used, 101.10 MB peak
[2020.05.21-09.12.04:910][  0]LogMemory: Process Virtual Memory: 100.57 MB used, 100.57 MB peak
[2020.05.21-09.12.04:910][  0]LogMemory: Physical Memory: 6289.63 MB used,  10030.62 MB free, 16320.25 MB total
[2020.05.21-09.12.04:910][  0]LogMemory: Virtual Memory: 4668.45 MB used,  134213056.00 MB free, 134217728.00 MB total
[2020.05.21-09.12.04:946][  0]LogWindows: WindowsPlatformFeatures enabled
[2020.05.21-09.12.05:560][  0]LogInit: Overriding language with editor language configuration option (en).
[2020.05.21-09.12.05:560][  0]LogInit: Overriding locale with editor culture configuration option ().
[2020.05.21-09.12.05:560][  0]LogInit: Using OS detected locale (es-ES).
[2020.05.21-09.12.06:134][  0]LogInit: Setting process to per monitor DPI aware
[2020.05.21-09.12.06:553][  0]LogSlate: New Slate User Created.  User Index 0, Is Virtual User: 0
[2020.05.21-09.12.06:553][  0]LogSlate: Slate User Registered.  User Index 0, Is Virtual User: 0
[2020.05.21-09.12.09:219][  0]LogHMD: Failed to initialize OpenVR with code 110
[2020.05.21-09.12.09:219][  0]LogD3D11RHI: D3D11 adapters:
[2020.05.21-09.12.09:286][  0]LogD3D11RHI:    0. 'NVIDIA GeForce GTX 1060 6GB' (Feature Level 11_0)
[2020.05.21-09.12.09:286][  0]LogD3D11RHI:       6052/0/8160 MB DedicatedVideo/DedicatedSystem/SharedSystem, Outputs:2, VendorId:0x10de
[2020.05.21-09.12.09:289][  0]LogD3D11RHI:    1. 'Microsoft Basic Render Driver' (Feature Level 11_0)
[2020.05.21-09.12.09:289][  0]LogD3D11RHI:       0/0/8160 MB DedicatedVideo/DedicatedSystem/SharedSystem, Outputs:0, VendorId:0x1414
[2020.05.21-09.12.09:289][  0]LogD3D11RHI: Chosen D3D11 Adapter: 0
[2020.05.21-09.12.09:305][  0]LogD3D11RHI: Creating new Direct3DDevice
[2020.05.21-09.12.09:305][  0]LogD3D11RHI:     GPU DeviceId: 0x1c03 (for the marketing name, search the web for "GPU Device Id")
[2020.05.21-09.12.09:305][  0]LogWindows: EnumDisplayDevices:
[2020.05.21-09.12.09:305][  0]LogWindows:    0. 'NVIDIA GeForce GTX 1060 6GB' (P:0 D:1)
[2020.05.21-09.12.09:306][  0]LogWindows:    1. 'NVIDIA GeForce GTX 1060 6GB' (P:1 D:1)
[2020.05.21-09.12.09:306][  0]LogWindows:    2. 'NVIDIA GeForce GTX 1060 6GB' (P:0 D:0)
[2020.05.21-09.12.09:306][  0]LogWindows:    3. 'NVIDIA GeForce GTX 1060 6GB' (P:0 D:0)
[2020.05.21-09.12.09:306][  0]LogWindows: DebugString: FoundDriverCount:4 
[2020.05.21-09.12.09:306][  0]LogD3D11RHI:     Adapter Name: NVIDIA GeForce GTX 1060 6GB
[2020.05.21-09.12.09:307][  0]LogD3D11RHI:   Driver Version: 442.59 (internal:26.21.14.4259, unified:442.59)
[2020.05.21-09.12.09:307][  0]LogD3D11RHI:      Driver Date: 3-4-2020
[2020.05.21-09.12.09:307][  0]LogRHI: Texture pool is 4236 MB (70% of 6052 MB)
[2020.05.21-09.12.09:373][  0]LogD3D11RHI: Async texture creation enabled
[2020.05.21-09.12.09:496][  0]LogD3D11RHI: GPU Timing Frequency: 1000.000000 (Debug: 2 1)
[2020.05.21-09.12.10:324][  0]LogTemp: Display: Module 'AllDesktopTargetPlatform' loaded TargetPlatform 'AllDesktop'
[2020.05.21-09.12.10:371][  0]LogTemp: Display: Module 'MacClientTargetPlatform' loaded TargetPlatform 'MacClient'
[2020.05.21-09.12.10:394][  0]LogTemp: Display: Module 'MacNoEditorTargetPlatform' loaded TargetPlatform 'MacNoEditor'
[2020.05.21-09.12.10:417][  0]LogTemp: Display: Module 'MacServerTargetPlatform' loaded TargetPlatform 'MacServer'
[2020.05.21-09.12.10:468][  0]LogTemp: Display: Module 'MacTargetPlatform' loaded TargetPlatform 'Mac'
[2020.05.21-09.12.10:525][  0]LogTemp: Display: Module 'WindowsClientTargetPlatform' loaded TargetPlatform 'WindowsClient'
[2020.05.21-09.12.10:549][  0]LogTemp: Display: Module 'WindowsNoEditorTargetPlatform' loaded TargetPlatform 'WindowsNoEditor'
[2020.05.21-09.12.10:572][  0]LogTemp: Display: Module 'WindowsServerTargetPlatform' loaded TargetPlatform 'WindowsServer'
[2020.05.21-09.12.10:591][  0]LogTemp: Display: Module 'WindowsTargetPlatform' loaded TargetPlatform 'Windows'
[2020.05.21-09.12.10:708][  0]LogTemp: Display: Module 'AndroidTargetPlatform' loaded TargetPlatform 'Android'
[2020.05.21-09.12.10:708][  0]LogTemp: Display: Module 'AndroidTargetPlatform' loaded TargetPlatform 'Android_ASTC'
[2020.05.21-09.12.10:708][  0]LogTemp: Display: Module 'AndroidTargetPlatform' loaded TargetPlatform 'Android_ATC'
[2020.05.21-09.12.10:708][  0]LogTemp: Display: Module 'AndroidTargetPlatform' loaded TargetPlatform 'Android_DXT'
[2020.05.21-09.12.10:708][  0]LogTemp: Display: Module 'AndroidTargetPlatform' loaded TargetPlatform 'Android_ETC1'
[2020.05.21-09.12.10:708][  0]LogTemp: Display: Module 'AndroidTargetPlatform' loaded TargetPlatform 'Android_ETC1a'
[2020.05.21-09.12.10:708][  0]LogTemp: Display: Module 'AndroidTargetPlatform' loaded TargetPlatform 'Android_ETC2'
[2020.05.21-09.12.10:708][  0]LogTemp: Display: Module 'AndroidTargetPlatform' loaded TargetPlatform 'Android_PVRTC'
[2020.05.21-09.12.10:708][  0]LogTemp: Display: Module 'AndroidTargetPlatform' loaded TargetPlatform 'AndroidClient'
[2020.05.21-09.12.10:708][  0]LogTemp: Display: Module 'AndroidTargetPlatform' loaded TargetPlatform 'Android_ASTCClient'
[2020.05.21-09.12.10:708][  0]LogTemp: Display: Module 'AndroidTargetPlatform' loaded TargetPlatform 'Android_ATCClient'
[2020.05.21-09.12.10:708][  0]LogTemp: Display: Module 'AndroidTargetPlatform' loaded TargetPlatform 'Android_DXTClient'
[2020.05.21-09.12.10:708][  0]LogTemp: Display: Module 'AndroidTargetPlatform' loaded TargetPlatform 'Android_ETC1Client'
[2020.05.21-09.12.10:708][  0]LogTemp: Display: Module 'AndroidTargetPlatform' loaded TargetPlatform 'Android_ETC1aClient'
[2020.05.21-09.12.10:708][  0]LogTemp: Display: Module 'AndroidTargetPlatform' loaded TargetPlatform 'Android_ETC2Client'
[2020.05.21-09.12.10:708][  0]LogTemp: Display: Module 'AndroidTargetPlatform' loaded TargetPlatform 'Android_PVRTCClient'
[2020.05.21-09.12.10:708][  0]LogTemp: Display: Module 'AndroidTargetPlatform' loaded TargetPlatform 'Android_Multi'
[2020.05.21-09.12.10:708][  0]LogTemp: Display: Module 'AndroidTargetPlatform' loaded TargetPlatform 'Android_MultiClient'
[2020.05.21-09.12.10:733][  0]LogTemp: Display: Module 'HTML5TargetPlatform' loaded TargetPlatform 'HTML5'
[2020.05.21-09.12.10:859][  0]LogTemp: Display: Module 'IOSTargetPlatform' loaded TargetPlatform 'IOSClient'
[2020.05.21-09.12.10:859][  0]LogTemp: Display: Module 'IOSTargetPlatform' loaded TargetPlatform 'IOS'
[2020.05.21-09.12.10:895][  0]LogTemp: Display: Module 'TVOSTargetPlatform' loaded TargetPlatform 'TVOSClient'
[2020.05.21-09.12.10:895][  0]LogTemp: Display: Module 'TVOSTargetPlatform' loaded TargetPlatform 'TVOS'
[2020.05.21-09.12.10:937][  0]LogTemp: Display: Module 'LinuxClientTargetPlatform' loaded TargetPlatform 'LinuxClient'
[2020.05.21-09.12.10:960][  0]LogTemp: Display: Module 'LinuxNoEditorTargetPlatform' loaded TargetPlatform 'LinuxNoEditor'
[2020.05.21-09.12.11:003][  0]LogTemp: Display: Module 'LinuxServerTargetPlatform' loaded TargetPlatform 'LinuxServer'
[2020.05.21-09.12.11:035][  0]LogTemp: Display: Module 'LinuxTargetPlatform' loaded TargetPlatform 'Linux'
[2020.05.21-09.12.11:098][  0]LogTemp: Display: Module 'LuminTargetPlatform' loaded TargetPlatform 'Lumin'
[2020.05.21-09.12.11:098][  0]LogTemp: Display: Module 'LuminTargetPlatform' loaded TargetPlatform 'LuminClient'
[2020.05.21-09.12.11:099][  0]LogTargetPlatformManager: Display: Building Assets For Windows
[2020.05.21-09.12.11:258][  0]LogAudioDebug: Display: Lib vorbis DLL was dynamically loaded.
[2020.05.21-09.12.11:960][  0]LogShaderCompilers: Guid format shader working directory is -4 characters bigger than the processId version (C:/Users/User/Desktop/TrabajoUnrealTPS/TrabajoTPS/Intermediate/Shaders/WorkingDirectory/9072/).
[2020.05.21-09.12.11:960][  0]LogShaderCompilers: Cleaned the shader compiler working directory 'C:/Users/User/AppData/Local/Temp/UnrealShaderWorkingDir/AFDD7B054EA0BE7D30DA3C9882EF0614/'.
[2020.05.21-09.12.11:975][  0]LogXGEController: Cleaning working directory: C:/Users/User/AppData/Local/Temp/UnrealXGEWorkingDir/
[2020.05.21-09.12.11:976][  0]LogXGEController: Cannot use XGE Controller as Incredibuild is not installed on this machine.
[2020.05.21-09.12.11:976][  0]LogShaderCompilers: Cannot use XGE Shader Compiler as Incredibuild is not installed on this machine.
[2020.05.21-09.12.11:976][  0]LogShaderCompilers: Display: Using Local Shader Compiler.
[2020.05.21-09.12.14:971][  0]LogDerivedDataCache: Display: Max Cache Size: 512 MB
[2020.05.21-09.12.15:199][  0]LogDerivedDataCache: Loaded boot cache 0.23s 73MB C:/Users/User/AppData/Local/UnrealEngine/4.23/DerivedDataCache/Boot.ddc.
[2020.05.21-09.12.15:199][  0]LogDerivedDataCache: Display: Loaded Boot cache: C:/Users/User/AppData/Local/UnrealEngine/4.23/DerivedDataCache/Boot.ddc
[2020.05.21-09.12.15:199][  0]LogDerivedDataCache: FDerivedDataBackendGraph:  Pak pak cache file C:/Users/User/Desktop/TrabajoUnrealTPS/TrabajoTPS/DerivedDataCache/DDC.ddp not found, will not use a pak cache.
[2020.05.21-09.12.15:199][  0]LogDerivedDataCache: Unable to find inner node Pak for hierarchical cache Hierarchy.
[2020.05.21-09.12.15:199][  0]LogDerivedDataCache: FDerivedDataBackendGraph:  CompressedPak pak cache file C:/Users/User/Desktop/TrabajoUnrealTPS/TrabajoTPS/DerivedDataCache/Compressed.ddp not found, will not use a pak cache.
[2020.05.21-09.12.15:199][  0]LogDerivedDataCache: Unable to find inner node CompressedPak for hierarchical cache Hierarchy.
[2020.05.21-09.12.15:263][  0]LogDerivedDataCache: Display: Pak cache opened for reading ../../../Engine/DerivedDataCache/Compressed.ddp.
[2020.05.21-09.12.15:263][  0]LogDerivedDataCache: FDerivedDataBackendGraph:  EnterprisePak pak cache file ../../../Enterprise/DerivedDataCache/Compressed.ddp not found, will not use a pak cache.
[2020.05.21-09.12.15:263][  0]LogDerivedDataCache: Unable to find inner node EnterprisePak for hierarchical cache Hierarchy.
[2020.05.21-09.12.15:265][  0]LogDerivedDataCache: Using Local data cache path C:/Users/User/AppData/Local/UnrealEngine/Common/DerivedDataCache: Writable
[2020.05.21-09.12.15:265][  0]LogDerivedDataCache: Shared data cache path not found in *engine.ini, will not use an Shared cache.
[2020.05.21-09.12.15:265][  0]LogDerivedDataCache: Unable to find inner node Shared for hierarchical cache Hierarchy.
[2020.05.21-09.12.15:308][  0]LogMaterial: Verifying Global Shaders for PCD3D_SM5
[2020.05.21-09.12.15:356][  0]LogSlate: Using FreeType 2.6.0
[2020.05.21-09.12.15:431][  0]LogSlate: SlateFontServices - WITH_FREETYPE: 1, WITH_HARFBUZZ: 1
[2020.05.21-09.12.16:310][  0]LogAssetRegistry: FAssetRegistry took 0.0055 seconds to start up
[2020.05.21-09.12.20:512][  0]LogInit: Selected Device Profile: [Windows]
[2020.05.21-09.12.21:747][  0]LogMeshReduction: Using QuadricMeshReduction for automatic static mesh reduction
[2020.05.21-09.12.21:747][  0]LogMeshReduction: Using SimplygonMeshReduction for automatic skeletal mesh reduction
[2020.05.21-09.12.21:747][  0]LogMeshReduction: Using ProxyLODMeshReduction for automatic mesh merging
[2020.05.21-09.12.21:747][  0]LogMeshReduction: No distributed automatic mesh merging module available
[2020.05.21-09.12.21:747][  0]LogMeshMerging: No distributed automatic mesh merging module available
[2020.05.21-09.12.22:066][  0]LogNetVersion: TrabajoTPS 1.0.0, NetCL: 8386587, EngineNetVer: 11, GameNetVer: 0 (Checksum: 3956719085)
[2020.05.21-09.12.24:720][  0]LogPackageLocalizationCache: Processed 12 localized package path(s) for 1 prioritized culture(s) in 0.079540 seconds
[2020.05.21-09.12.24:725][  0]LogUObjectArray: 43444 objects as part of root set at end of initial load.
[2020.05.21-09.12.24:725][  0]LogUObjectAllocator: 7548648 out of 0 bytes used by permanent object pool.
[2020.05.21-09.12.24:725][  0]LogUObjectArray: CloseDisregardForGC: 0/0 objects in disregard for GC pool
[2020.05.21-09.12.38:492][  0]LogTcpMessaging: Initializing TcpMessaging bridge
[2020.05.21-09.12.38:545][  0]LogUdpMessaging: Initializing bridge on interface 0.0.0.0:0 to multicast group 230.0.0.1:6666.
[2020.05.21-09.12.39:429][  0]SourceControl: Source control is disabled
[2020.05.21-09.12.39:441][  0]SourceControl: Source control is disabled
[2020.05.21-09.12.39:589][  0]SourceControl: Source control is disabled
[2020.05.21-09.12.39:654][  0]SourceControl: Source control is disabled
[2020.05.21-09.12.41:502][  0]LogAndroidPermission: UAndroidPermissionCallbackProxy::GetInstance
[2020.05.21-09.12.42:204][  0]LogOcInput: OculusInput pre-init called
[2020.05.21-09.12.42:288][  0]LogWindows: Failed to load 'OVRPlugin.dll' (GetLastError=126)
[2020.05.21-09.12.42:288][  0]LogWindows: File 'OVRPlugin.dll' does not exist
[2020.05.21-09.12.43:209][  0]LogEngine: Initializing Engine...
[2020.05.21-09.12.43:234][  0]LogHMD: Failed to initialize OpenVR with code 110
[2020.05.21-09.12.43:277][  0]LogStats: UGameplayTagsManager::InitializeManager -  0.042 s
[2020.05.21-09.12.43:524][  0]LogInit: Initializing FReadOnlyCVARCache
[2020.05.21-09.12.43:816][  0]LogAIModule: Creating AISystem for world Untitled
[2020.05.21-09.12.43:981][  0]LogInit: XAudio2 using 'Altavoces (Realtek High Definition Audio)' : 2 channels at 48 kHz using 32 bits per sample (channel mask 0x3)
[2020.05.21-09.12.44:005][  0]LogInit: FAudioDevice initialized.
[2020.05.21-09.12.44:005][  0]LogNetVersion: Set ProjectVersion to 1.0.0.0. Version Checksum will be recalculated on next use.
[2020.05.21-09.12.44:120][  0]LogDerivedDataCache: Saved boot cache 0.12s 73MB C:/Users/User/AppData/Local/UnrealEngine/4.23/DerivedDataCache/Boot.ddc.
[2020.05.21-09.12.44:128][  0]LogInit: Texture streaming: Enabled
[2020.05.21-09.12.44:285][  0]LogEngineSessionManager: EngineSessionManager initialized
[2020.05.21-09.12.44:285][  0]LogEditorSessionSummary: Verbose: Initializing EditorSessionSummaryWriter for editor session tracking
[2020.05.21-09.12.44:293][  0]LogEditorSessionSummary: EditorSessionSummaryWriter initialized
[2020.05.21-09.12.44:902][  0]LogInit: Transaction tracking system initialized
[2020.05.21-09.12.45:696][  0]BlueprintLog: New page: Editor Load
[2020.05.21-09.12.47:337][  0]LocalizationService: Localization service is disabled
[2020.05.21-09.12.50:566][  0]LogFileCache: Scanning file cache for directory 'C:/Users/User/Desktop/TrabajoUnrealTPS/TrabajoTPS/Content/' took 0.03s
[2020.05.21-09.12.50:566][  0]LogCook: Display: Max memory allowance for cook 16384mb min free memory 0mb
[2020.05.21-09.12.50:566][  0]LogCook: Display: Mobile HDR setting 1
[2020.05.21-09.12.55:480][  0]SourceControl: Source control is disabled
[2020.05.21-09.12.55:503][  0]Cmd: MAP LOAD FILE="C:/Users/User/Desktop/TrabajoUnrealTPS/TrabajoTPS/Content/ThirdPersonBP/Maps/ThirdPersonExampleMap.umap" TEMPLATE=0 SHOWPROGRESS=1 FEATURELEVEL=3
[2020.05.21-09.12.55:504][  0]LightingResults: New page: Lighting Build
[2020.05.21-09.12.55:577][  0]LogWorld: UWorld::CleanupWorld for Untitled, bSessionEnded=true, bCleanupResources=true
[2020.05.21-09.12.55:720][  0]MapCheck: New page: Map Check
[2020.05.21-09.12.55:720][  0]LightingResults: New page: Lighting Build
[2020.05.21-09.12.55:969][  0]LogUObjectHash: Compacting FUObjectHashTables data took   1.51ms
[2020.05.21-09.12.56:769][  0]LogLinker: Warning: While loading 'C:/Users/User/Desktop/TrabajoUnrealTPS/TrabajoTPS/Content/ThirdPersonBP/Maps/ThirdPersonExampleMap.umap' failed to load '/Game/ThirdPersonBP/Maps/ThirdPersonExampleMap_BuiltData': Can't find file.
[2020.05.21-09.12.56:769][  0]LogLinker: Warning: While loading 'C:/Users/User/Desktop/TrabajoUnrealTPS/TrabajoTPS/Content/ThirdPersonBP/Maps/ThirdPersonExampleMap.umap' failed to load '/Game/ThirdPersonBP/Maps/ThirdPersonExampleMap_BuiltData': Can't find file.
[2020.05.21-09.12.56:816][  0]LogLinker: Warning: While loading 'C:/Users/User/Desktop/TrabajoUnrealTPS/TrabajoTPS/Content/ThirdPersonBP/Maps/ThirdPersonExampleMap.umap' failed to load '/Game/ThirdPersonBP/Maps/ThirdPersonExampleMap_BuiltData': Can't find file.
[2020.05.21-09.12.56:816][  0]LogLinker: Warning: While loading 'C:/Users/User/Desktop/TrabajoUnrealTPS/TrabajoTPS/Content/ThirdPersonBP/Maps/ThirdPersonExampleMap.umap' failed to load '/Game/ThirdPersonBP/Maps/ThirdPersonExampleMap_BuiltData': Can't find file.
[2020.05.21-09.12.56:819][  0]LogLinker: Warning: Failed to load '/Game/ThirdPersonBP/Maps/ThirdPersonExampleMap_BuiltData': Can't find file.
[2020.05.21-09.12.56:819][  0]LogLinker: Warning: Failed to load '/Game/ThirdPersonBP/Maps/ThirdPersonExampleMap_BuiltData': Can't find file.
[2020.05.21-09.12.56:819][  0]LogLinker: Warning: Failed to load '/Game/ThirdPersonBP/Maps/ThirdPersonExampleMap_BuiltData': Can't find file.
[2020.05.21-09.12.56:819][  0]LogLinker: Warning: Failed to load '/Game/ThirdPersonBP/Maps/ThirdPersonExampleMap_BuiltData': Can't find file.
[2020.05.21-09.12.56:939][  0]LogTexture: Display: Building textures: CLAU_initialShadingGroup_OcclusionRoughnessMetallic (AutoDXT, 1024X1024)
[2020.05.21-09.12.56:939][  0]LogTexture: Display: Building textures: CLAU_initialShadingGroup_BaseColor (AutoDXT, 1024X1024)
[2020.05.21-09.12.56:939][  0]LogTexture: Display: Building textures: Standard-lock-key (AutoDXT, 1600X740)
[2020.05.21-09.12.56:939][  0]LogTexture: Display: Building textures: CLAU_initialShadingGroup_Normal (BC5, 1024X1024)
[2020.05.21-09.12.56:939][  0]LogLinker: Warning: While loading 'C:/Users/User/Desktop/TrabajoUnrealTPS/TrabajoTPS/Content/ThirdPersonBP/Maps/ThirdPersonExampleMap.umap' failed to load '/Game/ThirdPersonBP/Maps/ThirdPersonExampleMap_BuiltData': Can't find file.
[2020.05.21-09.12.56:939][  0]LoadErrors: Failed to load /Game/ThirdPersonBP/Maps/ThirdPersonExampleMap_BuiltData.ThirdPersonExampleMap_BuiltData Referenced by PersistentLevel
[2020.05.21-09.12.56:940][  0]LogLinker: Warning: While loading 'C:/Users/User/Desktop/TrabajoUnrealTPS/TrabajoTPS/Content/ThirdPersonBP/Maps/ThirdPersonExampleMap.umap' failed to load '/Game/ThirdPersonBP/Maps/ThirdPersonExampleMap_BuiltData': Can't find file.
[2020.05.21-09.12.56:940][  0]LoadErrors: Failed to load /Game/ThirdPersonBP/Maps/ThirdPersonExampleMap_BuiltData.ThirdPersonExampleMap_BuiltData Referenced by PersistentLevel
[2020.05.21-09.12.58:567][  0]LogTexture: Display: Building textures: teshfj1q_8K_Roughness (AutoDXT, 2048X2048)
[2020.05.21-09.12.58:567][  0]LogTexture: Display: Building textures: teshfj1q_8K_Normal (BC5, 2048X2048)
[2020.05.21-09.12.58:567][  0]LogTexture: Display: Building textures: teshfj1q_8K_Albedo (AutoDXT, 2048X2048)
[2020.05.21-09.12.58:567][  0]LogTexture: Display: Building textures: td1hcimn_8K_Roughness (AutoDXT, 2048X2048)
[2020.05.21-09.12.58:567][  0]LogTexture: Display: Building textures: td1hcimn_8K_Normal (BC5, 2048X2048)
[2020.05.21-09.12.58:567][  0]LogTexture: Display: Building textures: td1hcimn_8K_Albedo (AutoDXT, 2048X2048)
[2020.05.21-09.12.58:567][  0]LogTexture: Display: Building textures: tedndbsq_8K_Roughness (AutoDXT, 2048X2048)
[2020.05.21-09.12.58:567][  0]LogAudioDerivedData: Display: Building compressed audio format OGG hash OGG wave PickUp...
[2020.05.21-09.12.58:750][  0]LogAudioDerivedData: Display: Updated SoundWave->RawPCMDataSize from 0 to 45116 while cooking SoundWave /Game/ThirdPersonBP/Sounds/PickUp.PickUp.
[2020.05.21-09.12.59:180][  0]LogTexture: Display: Building textures: tedndbsq_8K_Normal (BC5, 2048X2048)
[2020.05.21-09.12.59:180][  0]LogMaterial: Display: Missing cached shader map for material pCylinder1Mat, compiling. 
[2020.05.21-09.12.59:374][  0]LogShaderCompilers: Display: Worker (1/5): shaders left to compile 22
[2020.05.21-09.12.59:375][  0]LogShaderCompilers: Display: Worker (2/5): shaders left to compile 17
[2020.05.21-09.12.59:375][  0]LogShaderCompilers: Display: Worker (3/5): shaders left to compile 12
[2020.05.21-09.12.59:375][  0]LogShaderCompilers: Display: Worker (4/5): shaders left to compile 7
[2020.05.21-09.12.59:375][  0]LogShaderCompilers: Display: Worker (5/5): shaders left to compile 2
[2020.05.21-09.12.59:375][  0]LogStaticMesh: Building static mesh CLAU...
[2020.05.21-09.12.59:512][  0]LogStaticMesh: Built static mesh [0.15s] /Game/ThirdPersonBP/Clau/CLAU.CLAU
[2020.05.21-09.13.07:168][  0]LogTexture: Display: Building textures: tefnah1q_8K_Roughness (AutoDXT, 2048X2048)
[2020.05.21-09.13.07:168][  0]LogTexture: Display: Building textures: tedndbsq_8K_Albedo (AutoDXT, 8192X8192)
[2020.05.21-09.13.07:168][  0]LogTexture: Display: Building textures: tefnah1q_8K_Albedo (AutoDXT, 2048X2048)
[2020.05.21-09.13.07:168][  0]LogTexture: Display: Building textures: tefnah1q_8K_Normal (BC5, 2048X2048)
[2020.05.21-09.13.07:168][  0]LogTexture: Display: Building textures: Texture2D_0 (BGRA8, 512X512)
[2020.05.21-09.13.07:168][  0]LogTexture: Display: Building textures: Texture2D_14 (BGRA8, 128X128)
[2020.05.21-09.13.07:168][  0]LogTexture: Display: Building textures: Texture2D_6 (BGRA8, 128X128)
[2020.05.21-09.13.07:168][  0]LogTexture: Display: Building textures: Texture2D_7 (BGRA8, 128X128)
[2020.05.21-09.13.07:168][  0]LogMaterial: Display: Missing cached shader map for material Standard_MasterMaterial, compiling. 
[2020.05.21-09.13.40:288][  0]LogShaderCompilers: Display: Worker (1/5): shaders left to compile 90
[2020.05.21-09.13.40:288][  0]LogShaderCompilers: Display: Worker (5/5): shaders left to compile 80
[2020.05.21-09.13.40:288][  0]LogShaderCompilers: Display: Worker (1/5): shaders left to compile 70
[2020.05.21-09.13.40:288][  0]LogShaderCompilers: Display: Worker (4/5): shaders left to compile 60
[2020.05.21-09.13.40:288][  0]LogShaderCompilers: Display: Worker (5/5): shaders left to compile 50
[2020.05.21-09.13.40:288][  0]LogShaderCompilers: Display: Worker (4/5): shaders left to compile 40
[2020.05.21-09.13.40:288][  0]LogShaderCompilers: Display: Worker (1/5): shaders left to compile 31
[2020.05.21-09.13.40:288][  0]LogShaderCompilers: Display: Worker (5/5): shaders left to compile 24
[2020.05.21-09.13.40:288][  0]LogShaderCompilers: Display: Worker (2/5): shaders left to compile 19
[2020.05.21-09.13.40:288][  0]LogShaderCompilers: Display: Worker (3/5): shaders left to compile 15
[2020.05.21-09.13.40:288][  0]LogShaderCompilers: Display: Worker (4/5): shaders left to compile 11
[2020.05.21-09.13.40:288][  0]LogShaderCompilers: Display: Worker (1/5): shaders left to compile 8
[2020.05.21-09.13.40:288][  0]LogShaderCompilers: Display: Worker (2/5): shaders left to compile 6
[2020.05.21-09.13.40:288][  0]LogShaderCompilers: Display: Worker (5/5): shaders left to compile 4
[2020.05.21-09.13.40:288][  0]LogShaderCompilers: Display: Worker (5/5): shaders left to compile 3
[2020.05.21-09.13.40:288][  0]LogShaderCompilers: Display: Worker (3/5): shaders left to compile 2
[2020.05.21-09.13.40:288][  0]LogShaderCompilers: Display: Worker (2/5): shaders left to compile 1
[2020.05.21-09.13.40:288][  0]LogMaterial: Display: Missing cached shader map for material Terrain, compiling. 
[2020.05.21-09.13.40:329][  0]LogAudioDerivedData: Display: Building compressed audio format OGG hash OGG wave Bandage...
[2020.05.21-09.13.40:344][  0]LogShaderCompilers: Display: Worker (1/5): shaders left to compile 31
[2020.05.21-09.13.40:344][  0]LogShaderCompilers: Display: Worker (2/5): shaders left to compile 24
[2020.05.21-09.13.40:344][  0]LogShaderCompilers: Display: Worker (3/5): shaders left to compile 17
[2020.05.21-09.13.40:344][  0]LogShaderCompilers: Display: Worker (4/5): shaders left to compile 10
[2020.05.21-09.13.40:344][  0]LogShaderCompilers: Display: Worker (5/5): shaders left to compile 3
[2020.05.21-09.13.40:344][  0]LogAudioDerivedData: Display: Updated SoundWave->RawPCMDataSize from 0 to 87432 while cooking SoundWave /Game/ThirdPersonBP/Sounds/Bandage.Bandage.
[2020.05.21-09.13.40:449][  0]LogAudioDerivedData: Display: Building compressed audio format OGG hash OGG wave WalkStep...
[2020.05.21-09.13.40:487][  0]LogAudioDerivedData: Display: Updated SoundWave->RawPCMDataSize from 0 to 118784 while cooking SoundWave /Game/ThirdPersonBP/Sounds/WalkStep.WalkStep.
[2020.05.21-09.13.40:678][  0]LogMaterial: Display: Missing cached shader map for material Terrain, compiling. 
[2020.05.21-09.13.40:790][  0]LogMaterial: Display: Missing cached shader map for material Terrain, compiling. 
[2020.05.21-09.13.40:887][  0]LogAIModule: Creating AISystem for world ThirdPersonExampleMap
[2020.05.21-09.13.42:240][  0]LogShaderCompilers: Display: Worker (5/5): shaders left to compile 120
[2020.05.21-09.13.42:240][  0]LogEditorServer: Finished looking for orphan Actors (0.000 secs)
[2020.05.21-09.13.42:388][  0]LogShaderCompilers: Display: Worker (1/5): shaders left to compile 110
[2020.05.21-09.13.42:469][  0]LogUObjectHash: Compacting FUObjectHashTables data took   3.46ms
[2020.05.21-09.13.42:510][  0]Cmd: MAP CHECKDEP NOCLEARLOG
[2020.05.21-09.13.42:530][  0]MapCheck: Map check complete: 0 Error(s), 0 Warning(s), took 20,513ms to complete.
[2020.05.21-09.13.42:530][  0]LogFileHelpers: Loading map 'ThirdPersonExampleMap' took 47.043
[2020.05.21-09.13.44:437][  0]LogShaderCompilers: Display: Worker (2/5): shaders left to compile 100
[2020.05.21-09.13.44:437][  0]LogShaderCompilers: Display: Worker (3/5): shaders left to compile 90
[2020.05.21-09.13.44:437][  0]LogShaderCompilers: Display: Worker (4/5): shaders left to compile 80
[2020.05.21-09.13.44:437][  0]LogShaderCompilers: Display: Worker (5/5): shaders left to compile 70
[2020.05.21-09.13.45:538][  0]LogSlate: Updating window title bar state: overlay mode, drag disabled, window buttons hidden, title bar hidden
[2020.05.21-09.13.45:549][  0]LogSlate: Updating window title bar state: overlay mode, drag disabled, window buttons hidden, title bar hidden
[2020.05.21-09.13.45:559][  0]LogSlate: Updating window title bar state: overlay mode, drag disabled, window buttons hidden, title bar hidden
[2020.05.21-09.13.45:568][  0]LogSlate: Updating window title bar state: overlay mode, drag disabled, window buttons hidden, title bar hidden
[2020.05.21-09.13.45:731][  0]LogCollectionManager: Loaded 0 collections in 0.001917 seconds
[2020.05.21-09.13.45:831][  0]LogFileCache: Scanning file cache for directory 'C:/Users/User/Desktop/TrabajoUnrealTPS/TrabajoTPS/Saved/Collections/' took 0.00s
[2020.05.21-09.13.45:831][  0]LogFileCache: Scanning file cache for directory 'C:/Users/User/Desktop/TrabajoUnrealTPS/TrabajoTPS/Content/Developers/User/Collections/' took 0.00s
[2020.05.21-09.13.45:831][  0]LogFileCache: Scanning file cache for directory 'C:/Users/User/Desktop/TrabajoUnrealTPS/TrabajoTPS/Content/Collections/' took 0.00s
[2020.05.21-09.13.45:831][  0]LogCollectionManager: Rebuilt the GUID cache for 0 collections in 0.000002 seconds
[2020.05.21-09.13.45:855][  0]LogContentBrowser: Native class hierarchy populated in 0.0177 seconds. Added 2863 classes and 680 folders.
[2020.05.21-09.13.45:994][  0]LogContentBrowser: Native class hierarchy updated for 'WidgetCarousel' in 0.0003 seconds. Added 0 classes and 0 folders.
[2020.05.21-09.13.47:334][  0]LogShaderCompilers: Display: Worker (3/5): shaders left to compile 60
[2020.05.21-09.13.47:334][  0]LogShaderCompilers: Display: Worker (1/5): shaders left to compile 50
[2020.05.21-09.13.47:334][  0]LogContentBrowser: Native class hierarchy updated for 'AddContentDialog' in 0.0003 seconds. Added 0 classes and 0 folders.
[2020.05.21-09.13.47:411][  0]LogShaderCompilers: Display: Worker (2/5): shaders left to compile 40
[2020.05.21-09.13.47:411][  0]LogContentBrowser: Native class hierarchy updated for 'SceneOutliner' in 0.0003 seconds. Added 1 classes and 2 folders.
[2020.05.21-09.13.48:413][  0]LogShaderCompilers: Display: Worker (4/5): shaders left to compile 31
[2020.05.21-09.13.48:413][  0]LogShaderCompilers: Display: Worker (5/5): shaders left to compile 24
[2020.05.21-09.13.48:413][  0]LogSlate: Took 0.058590 seconds to synchronously load lazily loaded font '../../../Engine/Content/Slate/Fonts/Roboto-Regular.ttf' (155K)
[2020.05.21-09.13.48:436][  0]LogSlate: Took 0.013686 seconds to synchronously load lazily loaded font '../../../Engine/Content/Slate/Fonts/Roboto-Bold.ttf' (160K)
[2020.05.21-09.13.48:574][  0]LogSlate: Took 0.044377 seconds to synchronously load lazily loaded font '../../../Engine/Content/Editor/Slate/Fonts/FontAwesome.ttf' (139K)
[2020.05.21-09.13.49:322][  0]LogShaderCompilers: Display: Worker (3/5): shaders left to compile 19
[2020.05.21-09.13.49:322][  0]LogRenderer: Reallocating scene render targets to support 1208x600 Format 10 NumSamples 1 (Frame:1).
[2020.05.21-09.13.50:236][  0]LogShaderCompilers: Display: Worker (4/5): shaders left to compile 15
[2020.05.21-09.13.50:236][  0]LogShaderCompilers: Display: Worker (5/5): shaders left to compile 11
[2020.05.21-09.13.50:236][  0]LogSlate: FSceneViewport::OnFocusLost() reason 5
[2020.05.21-09.13.50:392][  0]LogSlate: Window 'Tutorials' being destroyed
[2020.05.21-09.13.50:531][  0]LogContentBrowser: Native class hierarchy updated for 'HierarchicalLODOutliner' in 0.0003 seconds. Added 0 classes and 0 folders.
[2020.05.21-09.13.50:531][  0]LogLoad: (Engine Initialization) Total time: 119.81 seconds
[2020.05.21-09.13.50:531][  0]LogLoad: (Engine Initialization) Total Blueprint compile time: 0.00 seconds
[2020.05.21-09.13.51:033][  0]LogShaderCompilers: Display: Worker (3/5): shaders left to compile 8
[2020.05.21-09.13.51:033][  0]LogShaderCompilers: Display: Worker (1/5): shaders left to compile 6
[2020.05.21-09.13.51:033][  0]LogContentStreaming: Texture pool size now 1000 MB
[2020.05.21-09.13.51:090][  0]LogSlate: FSceneViewport::OnFocusLost() reason 5
[2020.05.21-09.13.51:812][  0]LogShaderCompilers: Display: Worker (2/5): shaders left to compile 4
[2020.05.21-09.13.51:812][  0]LogShaderCompilers: Display: Worker (2/5): shaders left to compile 3
[2020.05.21-09.13.51:812][  0]LogShaderCompilers: Display: Worker (4/5): shaders left to compile 2
[2020.05.21-09.13.51:812][  0]LogShaderCompilers: Display: Worker (3/5): shaders left to compile 1
[2020.05.21-09.13.51:812][  0]LogSlate: Took 0.022090 seconds to synchronously load lazily loaded font '../../../Engine/Content/Slate/Fonts/Roboto-Light.ttf' (167K)
[2020.05.21-09.13.52:017][  1]LogFileCache: Retrieving MD5 hashes for directory 'C:/Users/User/Desktop/TrabajoUnrealTPS/TrabajoTPS/Content/' took 1.18s
[2020.05.21-09.13.52:568][  2]LogAssetRegistry: Asset discovery search completed in 96.2595 seconds
[2020.05.21-09.13.52:607][  2]LogCollectionManager: Rebuilt the object cache for 0 collections in 0.000011 seconds (found 0 objects)
[2020.05.21-09.13.52:607][  2]LogCollectionManager: Fixed up redirectors for 0 collections in 0.000069 seconds (updated 0 objects)
[2020.05.21-09.14.00:370][884]LogSlate: Window 'Message Log' being destroyed
[2020.05.21-09.14.00:377][884]LogSlate: Window 'Message Log' being destroyed
[2020.05.21-09.14.19:024][100]LogSlate: FSceneViewport::OnFocusLost() reason 0
[2020.05.21-09.15.05:115][ 81]LogSlate: FSceneViewport::OnFocusLost() reason 0
[2020.05.21-09.15.05:436][ 81]LogUObjectHash: Compacting FUObjectHashTables data took   1.31ms
[2020.05.21-09.15.05:957][ 81]LogSlate: Window 'TrabajoTPS - Unreal Editor' being destroyed
[2020.05.21-09.15.05:958][ 81]LogWindowsTextInputMethodSystem: Display: IME system now deactivated.
[2020.05.21-09.15.08:611][ 82]Cmd: QUIT_EDITOR
[2020.05.21-09.15.11:364][ 82]LogExit: Preparing to exit.
[2020.05.21-09.15.14:400][ 82]LogWorld: UWorld::CleanupWorld for World_0, bSessionEnded=true, bCleanupResources=true
[2020.05.21-09.15.15:287][ 82]LogDemo: Cleaned up 0 splitscreen connections with owner deletion
[2020.05.21-09.15.16:015][ 82]LogWorld: UWorld::CleanupWorld for None, bSessionEnded=true, bCleanupResources=true
[2020.05.21-09.15.16:016][ 82]LogExit: Editor shut down
[2020.05.21-09.15.16:016][ 82]LogExit: Transaction tracking system shut down
[2020.05.21-09.15.25:371][ 82]LogExit: Object subsystem successfully closed.
[2020.05.21-09.15.25:827][ 82]LogShaderCompilers: Display: Shaders left to compile 0
[2020.05.21-09.15.31:568][ 82]LogModuleManager: Shutting down and abandoning module HierarchicalLODOutliner (670)
[2020.05.21-09.15.31:568][ 82]LogModuleManager: Shutting down and abandoning module SceneOutliner (668)
[2020.05.21-09.15.31:568][ 82]LogModuleManager: Shutting down and abandoning module AddContentDialog (666)
[2020.05.21-09.15.31:595][ 82]LogModuleManager: Shutting down and abandoning module WidgetCarousel (665)
[2020.05.21-09.15.31:595][ 82]LogModuleManager: Shutting down and abandoning module EditorWidgets (662)
[2020.05.21-09.15.31:595][ 82]LogModuleManager: Shutting down and abandoning module CollectionManager (660)
[2020.05.21-09.15.31:702][ 82]LogModuleManager: Shutting down and abandoning module MeshBuilder (658)
[2020.05.21-09.15.31:702][ 82]LogModuleManager: Shutting down and abandoning module StatsViewer (656)
[2020.05.21-09.15.31:732][ 82]LogModuleManager: Shutting down and abandoning module VirtualTexturingEditor (654)
[2020.05.21-09.15.31:732][ 82]LogModuleManager: Shutting down and abandoning module FoliageEdit (652)
[2020.05.21-09.15.31:771][ 82]LogModuleManager: Shutting down and abandoning module LandscapeEditor (650)
[2020.05.21-09.15.31:869][ 82]LogModuleManager: Shutting down and abandoning module MeshPaintMode (648)
[2020.05.21-09.15.31:875][ 82]LogModuleManager: Shutting down and abandoning module SceneDepthPickerMode (646)
[2020.05.21-09.15.31:875][ 82]LogModuleManager: Shutting down and abandoning module ActorPickerMode (644)
[2020.05.21-09.15.31:875][ 82]LogModuleManager: Shutting down and abandoning module GeometryMode (642)
[2020.05.21-09.15.31:977][ 82]LogModuleManager: Shutting down and abandoning module TextureAlignMode (640)
[2020.05.21-09.15.31:977][ 82]LogModuleManager: Shutting down and abandoning module BspMode (638)
[2020.05.21-09.15.31:977][ 82]LogModuleManager: Shutting down and abandoning module PIEPreviewDeviceProfileSelector (636)
[2020.05.21-09.15.31:985][ 82]LogModuleManager: Shutting down and abandoning module SequenceRecorderSections (634)
[2020.05.21-09.15.31:995][ 82]LogModuleManager: Shutting down and abandoning module AutomationWorker (632)
[2020.05.21-09.15.31:995][ 82]LogModuleManager: Shutting down and abandoning module OculusMR (630)
[2020.05.21-09.15.31:995][ 82]LogModuleManager: Shutting down and abandoning module AudioCaptureEditor (628)
[2020.05.21-09.15.32:005][ 82]LogModuleManager: Shutting down and abandoning module MatineeToLevelSequence (626)
[2020.05.21-09.15.32:012][ 82]LogModuleManager: Shutting down and abandoning module LevelSequenceEditor (624)
[2020.05.21-09.15.32:069][ 82]LogModuleManager: Shutting down and abandoning module PlacementMode (623)
[2020.05.21-09.15.32:069][ 82]LogModuleManager: Shutting down and abandoning module MaterialEditor (622)
[2020.05.21-09.15.32:242][ 82]LogModuleManager: Shutting down and abandoning module ActorSequenceEditor (618)
[2020.05.21-09.15.32:275][ 82]LogModuleManager: Shutting down and abandoning module WmfMediaFactory (616)
[2020.05.21-09.15.32:275][ 82]LogModuleManager: Shutting down and abandoning module WmfMediaEditor (614)
[2020.05.21-09.15.32:275][ 82]LogModuleManager: Shutting down and abandoning module WebMMediaFactory (612)
[2020.05.21-09.15.32:275][ 82]LogModuleManager: Shutting down and abandoning module WebMMediaEditor (610)
[2020.05.21-09.15.32:275][ 82]LogModuleManager: Shutting down and abandoning module WebMMedia (608)
[2020.05.21-09.15.32:290][ 82]LogModuleManager: Shutting down and abandoning module MediaPlayerEditor (606)
[2020.05.21-09.15.32:380][ 82]LogModuleManager: Shutting down and abandoning module MediaCompositingEditor (604)
[2020.05.21-09.15.32:487][ 82]LogModuleManager: Shutting down and abandoning module SequenceRecorder (603)
[2020.05.21-09.15.32:491][ 82]LogModuleManager: Shutting down and abandoning module OpenExrWrapper (600)
[2020.05.21-09.15.32:491][ 82]LogModuleManager: Shutting down and abandoning module ImgMediaFactory (598)
[2020.05.21-09.15.32:491][ 82]LogModuleManager: Shutting down and abandoning module ImgMediaEditor (596)
[2020.05.21-09.15.32:491][ 82]LogModuleManager: Shutting down and abandoning module AvfMediaFactory (594)
[2020.05.21-09.15.32:491][ 82]LogModuleManager: Shutting down and abandoning module AvfMediaEditor (592)
[2020.05.21-09.15.32:491][ 82]LogModuleManager: Shutting down and abandoning module AndroidMediaFactory (590)
[2020.05.21-09.15.32:491][ 82]LogModuleManager: Shutting down and abandoning module AndroidMediaEditor (588)
[2020.05.21-09.15.32:491][ 82]LogModuleManager: Shutting down and abandoning module MagicLeapCameraPreviewFactory (586)
[2020.05.21-09.15.32:491][ 82]LogModuleManager: Shutting down and abandoning module MagicLeapMediaCodecFactory (584)
[2020.05.21-09.15.32:491][ 82]LogModuleManager: Shutting down and abandoning module MagicLeapMediaFactory (582)
[2020.05.21-09.15.32:491][ 82]LogModuleManager: Shutting down and abandoning module MagicLeapMediaEditor (580)
[2020.05.21-09.15.32:491][ 82]LogModuleManager: Shutting down and abandoning module CharacterAI (578)
[2020.05.21-09.15.32:491][ 82]LogModuleManager: Shutting down and abandoning module SmartSnapping (576)
[2020.05.21-09.15.32:491][ 82]LogModuleManager: Shutting down and abandoning module SessionServices (574)
[2020.05.21-09.15.32:491][ 82]LogModuleManager: Shutting down and abandoning module MeshPaint (572)
[2020.05.21-09.15.32:622][ 82]LogModuleManager: Shutting down and abandoning module ViewportSnapping (570)
[2020.05.21-09.15.32:622][ 82]LogModuleManager: Shutting down and abandoning module ViewportInteraction (568)
[2020.05.21-09.15.32:634][ 82]LogModuleManager: Shutting down and abandoning module ClothPainter (566)
[2020.05.21-09.15.32:856][ 82]LogModuleManager: Shutting down and abandoning module SkeletalMeshEditor (565)
[2020.05.21-09.15.33:095][ 82]LogModuleManager: Shutting down and abandoning module LogVisualizer (562)
[2020.05.21-09.15.33:278][ 82]LogModuleManager: Shutting down and abandoning module IntroTutorials (560)
[2020.05.21-09.15.33:327][ 82]LogModuleManager: Shutting down and abandoning module GameProjectGeneration (559)
[2020.05.21-09.15.33:495][ 82]LogModuleManager: Shutting down and abandoning module LuminPlatformEditor (556)
[2020.05.21-09.15.33:495][ 82]LogModuleManager: Shutting down and abandoning module IOSPlatformEditor (554)
[2020.05.21-09.15.33:520][ 82]LogModuleManager: Shutting down and abandoning module HTML5PlatformEditor (552)
[2020.05.21-09.15.33:520][ 82]LogModuleManager: Shutting down and abandoning module AndroidPlatformEditor (550)
[2020.05.21-09.15.33:520][ 82]LogModuleManager: Shutting down and abandoning module AndroidDeviceDetection (549)
[2020.05.21-09.15.34:167][ 82]LogModuleManager: Shutting down and abandoning module WindowsPlatformEditor (546)
[2020.05.21-09.15.34:167][ 82]LogModuleManager: Shutting down and abandoning module LuminRuntimeSettings (544)
[2020.05.21-09.15.34:167][ 82]LogModuleManager: Shutting down and abandoning module IOSRuntimeSettings (542)
[2020.05.21-09.15.34:167][ 82]LogModuleManager: Shutting down and abandoning module AndroidRuntimeSettings (540)
[2020.05.21-09.15.34:167][ 82]LogModuleManager: Shutting down and abandoning module TimeManagementEditor (538)
[2020.05.21-09.15.34:167][ 82]LogModuleManager: Shutting down and abandoning module InputBindingEditor (536)
[2020.05.21-09.15.34:179][ 82]LogModuleManager: Shutting down and abandoning module MergeActors (534)
[2020.05.21-09.15.34:329][ 82]LogModuleManager: Shutting down and abandoning module LocalizationDashboard (532)
[2020.05.21-09.15.34:354][ 82]LogModuleManager: Shutting down and abandoning module LocalizationService (531)
[2020.05.21-09.15.34:360][ 82]LogModuleManager: Shutting down and abandoning module HardwareTargeting (528)
[2020.05.21-09.15.34:360][ 82]LogModuleManager: Shutting down and abandoning module DeviceProfileEditor (526)
[2020.05.21-09.15.34:367][ 82]LogModuleManager: Shutting down and abandoning module UndoHistory (524)
[2020.05.21-09.15.34:381][ 82]LogModuleManager: Shutting down and abandoning module XmlParser (522)
[2020.05.21-09.15.34:633][ 82]LogModuleManager: Shutting down and abandoning module Blutility (520)
[2020.05.21-09.15.34:663][ 82]LogModuleManager: Shutting down and abandoning module ProjectSettingsViewer (518)
[2020.05.21-09.15.34:663][ 82]LogModuleManager: Shutting down and abandoning module ProjectTargetPlatformEditor (517)
[2020.05.21-09.15.34:663][ 82]LogModuleManager: Shutting down and abandoning module EditorSettingsViewer (514)
[2020.05.21-09.15.34:663][ 82]LogModuleManager: Shutting down and abandoning module SettingsEditor (512)
[2020.05.21-09.15.34:688][ 82]LogModuleManager: Shutting down and abandoning module ProjectLauncher (510)
[2020.05.21-09.15.34:691][ 82]LogModuleManager: Shutting down and abandoning module SessionFrontend (508)
[2020.05.21-09.15.34:699][ 82]LogModuleManager: Shutting down and abandoning module ProfilerClient (506)
[2020.05.21-09.15.34:707][ 82]LogModuleManager: Shutting down and abandoning module DeviceManager (504)
[2020.05.21-09.15.34:722][ 82]LogModuleManager: Shutting down and abandoning module TargetDeviceServices (503)
[2020.05.21-09.15.34:770][ 82]LogModuleManager: Shutting down and abandoning module AutomationController (500)
[2020.05.21-09.15.34:815][ 82]LogModuleManager: Shutting down and abandoning module AutomationWindow (498)
[2020.05.21-09.15.34:845][ 82]LogModuleManager: Shutting down and abandoning module Layers (496)
[2020.05.21-09.15.34:891][ 82]LogModuleManager: Shutting down and abandoning module ComponentVisualizers (494)
[2020.05.21-09.15.34:891][ 82]LogModuleManager: Shutting down and abandoning module DetailCustomizations (492)
[2020.05.21-09.15.34:937][ 82]LogModuleManager: Shutting down and abandoning module PackagesDialog (490)
[2020.05.21-09.15.34:986][ 82]LogModuleManager: Shutting down and abandoning module AnimationBlueprintEditor (488)
[2020.05.21-09.15.35:054][ 82]LogModuleManager: Shutting down and abandoning module Persona (486)
[2020.05.21-09.15.35:127][ 82]LogModuleManager: Shutting down and abandoning module AdvancedPreviewScene (485)
[2020.05.21-09.15.35:156][ 82]LogModuleManager: Shutting down and abandoning module AnimGraph (483)
[2020.05.21-09.15.35:156][ 82]LogModuleManager: Shutting down and abandoning module Kismet (480)
[2020.05.21-09.15.35:294][ 82]LogModuleManager: Shutting down and abandoning module KismetWidgets (479)
[2020.05.21-09.15.35:384][ 82]LogModuleManager: Shutting down and abandoning module GraphEditor (476)
[2020.05.21-09.15.35:856][ 82]LogModuleManager: Shutting down and abandoning module StructViewer (474)
[2020.05.21-09.15.35:856][ 82]LogModuleManager: Shutting down and abandoning module ClassViewer (472)
[2020.05.21-09.15.35:894][ 82]LogModuleManager: Shutting down and abandoning module Toolbox (470)
[2020.05.21-09.15.35:894][ 82]LogModuleManager: Shutting down and abandoning module ModuleUI (468)
[2020.05.21-09.15.35:900][ 82]LogModuleManager: Shutting down and abandoning module MovieSceneTools (466)
[2020.05.21-09.15.35:969][ 82]LogModuleManager: Shutting down and abandoning module OutputLog (464)
[2020.05.21-09.15.35:978][ 82]LogModuleManager: Shutting down and abandoning module GammaUI (462)
[2020.05.21-09.15.36:053][ 82]LogModuleManager: Shutting down and abandoning module Documentation (460)
[2020.05.21-09.15.36:053][ 82]LogModuleManager: Shutting down and abandoning module LiveCoding (458)
[2020.05.21-09.15.36:212][ 82]LogModuleManager: Shutting down and abandoning module LevelSequence (456)
[2020.05.21-09.15.36:565][ 82]LogModuleManager: Shutting down and abandoning module MovieSceneTracks (454)
[2020.05.21-09.15.36:565][ 82]LogModuleManager: Shutting down and abandoning module MovieScene (452)
[2020.05.21-09.15.36:573][ 82]LogModuleManager: Shutting down and abandoning module StreamingPauseRendering (450)
[2020.05.21-09.15.36:593][ 82]LogModuleManager: Shutting down and abandoning module LauncherPlatform (448)
[2020.05.21-09.15.36:593][ 82]LogModuleManager: Shutting down and abandoning module AnalyticsET (446)
[2020.05.21-09.15.36:593][ 82]LogModuleManager: Shutting down and abandoning module PortalServices (444)
[2020.05.21-09.15.36:593][ 82]LogModuleManager: Shutting down and abandoning module PortalRpc (442)
[2020.05.21-09.15.36:593][ 82]LogModuleManager: Shutting down and abandoning module MessagingRpc (440)
[2020.05.21-09.15.36:593][ 82]LogModuleManager: Shutting down and abandoning module AIModule (438)
[2020.05.21-09.15.36:674][ 82]LogModuleManager: Shutting down and abandoning module GameplayDebugger (437)
[2020.05.21-09.15.36:685][ 82]LogModuleManager: Shutting down and abandoning module AITestSuite (435)
[2020.05.21-09.15.36:697][ 82]LogModuleManager: Shutting down and abandoning module NavigationSystem (433)
[2020.05.21-09.15.36:697][ 82]LogModuleManager: Shutting down and abandoning module DesktopPlatform (430)
[2020.05.21-09.15.36:712][ 82]LogModuleManager: Shutting down and abandoning module ImageWriteQueue (428)
[2020.05.21-09.15.36:715][ 82]LogModuleManager: Shutting down and abandoning module ProfilerService (426)
[2020.05.21-09.15.36:964][ 82]LogModuleManager: Shutting down and abandoning module TaskGraph (424)
[2020.05.21-09.15.37:088][ 82]LogModuleManager: Shutting down and abandoning module ScreenshotTools (422)
[2020.05.21-09.15.37:088][ 82]LogModuleManager: Shutting down and abandoning module SteamVRController (420)
[2020.05.21-09.15.37:088][ 82]LogModuleManager: Shutting down and abandoning module ProceduralMeshComponentEditor (418)
[2020.05.21-09.15.37:088][ 82]LogModuleManager: Shutting down and abandoning module ProceduralMeshComponent (416)
[2020.05.21-09.15.37:122][ 82]LogModuleManager: Shutting down and abandoning module OculusEditor (414)
[2020.05.21-09.15.37:153][ 82]LogModuleManager: Shutting down and abandoning module OculusInput (412)
[2020.05.21-09.15.37:153][ 82]LogModuleManager: Shutting down and abandoning module MobilePatchingUtils (410)
[2020.05.21-09.15.37:153][ 82]LogModuleManager: Shutting down and abandoning module EditableMesh (408)
[2020.05.21-09.15.37:172][ 82]LogModuleManager: Shutting down and abandoning module CustomMeshComponent (406)
[2020.05.21-09.15.37:172][ 82]LogModuleManager: Shutting down and abandoning module CableComponent (404)
[2020.05.21-09.15.37:172][ 82]LogModuleManager: Shutting down and abandoning module AudioCapture (402)
[2020.05.21-09.15.37:172][ 82]LogModuleManager: Shutting down and abandoning module ArchVisCharacter (400)
[2020.05.21-09.15.37:172][ 82]LogModuleManager: Shutting down and abandoning module AppleImageUtilsBlueprintSupport (398)
[2020.05.21-09.15.37:172][ 82]LogModuleManager: Shutting down and abandoning module AppleImageUtils (396)
[2020.05.21-09.15.37:172][ 82]LogModuleManager: Shutting down and abandoning module AndroidPermission (394)
[2020.05.21-09.15.37:172][ 82]LogModuleManager: Shutting down and abandoning module NUTUnrealEngine4 (392)
[2020.05.21-09.15.37:192][ 82]LogModuleManager: Shutting down and abandoning module NetcodeUnitTest (390)
[2020.05.21-09.15.37:221][ 82]LogModuleManager: Shutting down and abandoning module MediaCompositing (388)
[2020.05.21-09.15.37:221][ 82]LogModuleManager: Shutting down and abandoning module ImgMedia (386)
[2020.05.21-09.15.37:233][ 82]LogModuleManager: Shutting down and abandoning module MagicLeapHelperVulkan (384)
[2020.05.21-09.15.37:233][ 82]LogModuleManager: Shutting down and abandoning module MagicLeapHelperOpenGL (382)
[2020.05.21-09.15.37:233][ 82]LogModuleManager: Shutting down and abandoning module MagicLeapAudio (380)
[2020.05.21-09.15.37:245][ 82]LogModuleManager: Shutting down and abandoning module HTML5Networking (378)
[2020.05.21-09.15.37:245][ 82]LogModuleManager: Shutting down and abandoning module GeometryCacheTracks (376)
[2020.05.21-09.15.37:245][ 82]LogModuleManager: Shutting down and abandoning module GeometryCacheSequencer (374)
[2020.05.21-09.15.37:245][ 82]LogModuleManager: Shutting down and abandoning module BackChannel (372)
[2020.05.21-09.15.37:255][ 82]LogModuleManager: Shutting down and abandoning module AutomationUtilsEditor (370)
[2020.05.21-09.15.37:255][ 82]LogModuleManager: Shutting down and abandoning module AutomationUtils (368)
[2020.05.21-09.15.37:259][ 82]LogModuleManager: Shutting down and abandoning module AlembicImporter (366)
[2020.05.21-09.15.37:269][ 82]LogModuleManager: Shutting down and abandoning module AlembicLibrary (365)
[2020.05.21-09.15.37:269][ 82]LogModuleManager: Shutting down and abandoning module GeometryCache (364)
[2020.05.21-09.15.37:269][ 82]LogModuleManager: Shutting down and abandoning module GeometryCacheEd (363)
[2020.05.21-09.15.37:269][ 82]LogModuleManager: Shutting down and abandoning module VariantManagerContent (358)
[2020.05.21-09.15.37:280][ 82]LogModuleManager: Shutting down and abandoning module DatasmithContentEditor (356)
[2020.05.21-09.15.37:280][ 82]LogModuleManager: Shutting down and abandoning module SpeedTreeImporter (354)
[2020.05.21-09.15.37:280][ 82]LogModuleManager: Shutting down and abandoning module PluginBrowser (352)
[2020.05.21-09.15.37:294][ 82]LogModuleManager: Shutting down and abandoning module MobileLauncherProfileWizard (350)
[2020.05.21-09.15.37:316][ 82]LogModuleManager: Shutting down and abandoning module MaterialAnalyzer (348)
[2020.05.21-09.15.37:325][ 82]LogModuleManager: Shutting down and abandoning module CurveEditorTools (346)
[2020.05.21-09.15.37:353][ 82]LogModuleManager: Shutting down and abandoning module CurveEditor (345)
[2020.05.21-09.15.37:398][ 82]LogModuleManager: Shutting down and abandoning module CryptoKeysOpenSSL (342)
[2020.05.21-09.15.37:398][ 82]LogModuleManager: Shutting down and abandoning module CryptoKeys (340)
[2020.05.21-09.15.37:398][ 82]LogModuleManager: Shutting down and abandoning module VisualStudioSourceCodeAccess (338)
[2020.05.21-09.15.37:411][ 82]LogModuleManager: Shutting down and abandoning module VisualStudioCodeSourceCodeAccess (336)
[2020.05.21-09.15.37:411][ 82]LogModuleManager: Shutting down and abandoning module UObjectPlugin (334)
[2020.05.21-09.15.37:411][ 82]LogModuleManager: Shutting down and abandoning module SubversionSourceControl (332)
[2020.05.21-09.15.37:453][ 82]LogModuleManager: Shutting down and abandoning module PerforceSourceControl (330)
[2020.05.21-09.15.37:475][ 82]LogModuleManager: Shutting down and abandoning module GitSourceControl (328)
[2020.05.21-09.15.37:506][ 82]LogModuleManager: Shutting down and abandoning module SourceControl (327)
[2020.05.21-09.15.37:517][ 82]LogModuleManager: Shutting down and abandoning module CLionSourceCodeAccess (324)
[2020.05.21-09.15.37:517][ 82]LogModuleManager: Shutting down and abandoning module AnimationSharingEd (322)
[2020.05.21-09.15.37:517][ 82]LogModuleManager: Shutting down and abandoning module ActorLayerUtilitiesEditor (320)
[2020.05.21-09.15.37:517][ 82]LogModuleManager: Shutting down and abandoning module ActorLayerUtilities (318)
[2020.05.21-09.15.37:517][ 82]LogModuleManager: Shutting down and abandoning module LightPropagationVolumeEditor (316)
[2020.05.21-09.15.37:517][ 82]LogModuleManager: Shutting down and abandoning module PaperTiledImporter (314)
[2020.05.21-09.15.37:517][ 82]LogModuleManager: Shutting down and abandoning module PaperSpriteSheetImporter (312)
[2020.05.21-09.15.37:561][ 82]LogModuleManager: Shutting down and abandoning module Paper2DEditor (310)
[2020.05.21-09.15.37:640][ 82]LogModuleManager: Shutting down and abandoning module SignificanceManager (308)
[2020.05.21-09.15.37:640][ 82]LogModuleManager: Shutting down and abandoning module RuntimePhysXCooking (306)
[2020.05.21-09.15.37:640][ 82]LogModuleManager: Shutting down and abandoning module PhysXVehiclesEditor (304)
[2020.05.21-09.15.37:640][ 82]LogModuleManager: Shutting down and abandoning module LocationServicesBPLibrary (300)
[2020.05.21-09.15.37:640][ 82]LogModuleManager: Shutting down and abandoning module ActorSequence (298)
[2020.05.21-09.15.37:640][ 82]LogModuleManager: Shutting down and abandoning module UdpMessaging (296)
[2020.05.21-09.15.37:741][ 82]LogModuleManager: Shutting down and abandoning module TcpMessaging (294)
[2020.05.21-09.15.37:858][ 82]LogModuleManager: Shutting down and abandoning module MagicLeapIdentity (292)
[2020.05.21-09.15.37:858][ 82]LogModuleManager: Shutting down and abandoning module MagicLeapSecureStorage (290)
[2020.05.21-09.15.37:858][ 82]LogModuleManager: Shutting down and abandoning module MagicLeapHandTracking (288)
[2020.05.21-09.15.37:881][ 82]LogModuleManager: Shutting down and abandoning module MagicLeapEyeTracker (286)
[2020.05.21-09.15.37:881][ 82]LogModuleManager: Shutting down and abandoning module MagicLeapController (284)
[2020.05.21-09.15.37:892][ 82]LogSlate: Slate User Destroyed.  User Index 0, Is Virtual User: 0
[2020.05.21-09.15.37:892][ 82]LogModuleManager: Shutting down and abandoning module MagicLeapAR (282)
[2020.05.21-09.15.37:919][ 82]LogModuleManager: Shutting down and abandoning module AugmentedReality (281)
[2020.05.21-09.15.37:919][ 82]LogModuleManager: Shutting down and abandoning module GameplayTagsEditor (278)
[2020.05.21-09.15.37:928][ 82]LogModuleManager: Shutting down and abandoning module FacialAnimationEditor (276)
[2020.05.21-09.15.37:939][ 82]LogModuleManager: Shutting down and abandoning module FacialAnimation (274)
[2020.05.21-09.15.37:939][ 82]LogModuleManager: Shutting down and abandoning module DataValidation (272)
[2020.05.21-09.15.37:968][ 82]LogModuleManager: Shutting down and abandoning module AssetManagerEditor (270)
[2020.05.21-09.15.38:087][ 82]LogModuleManager: Shutting down and abandoning module LevelEditor (269)
[2020.05.21-09.15.38:204][ 82]LogModuleManager: Shutting down and abandoning module PixelInspectorModule (268)
[2020.05.21-09.15.38:271][ 82]LogModuleManager: Shutting down and abandoning module CommonMenuExtensions (266)
[2020.05.21-09.15.38:271][ 82]LogModuleManager: Shutting down and abandoning module MainFrame (264)
[2020.05.21-09.15.38:328][ 82]LogModuleManager: Shutting down and abandoning module HotReload (263)
[2020.05.21-09.15.38:385][ 82]LogModuleManager: Shutting down and abandoning module ContentBrowser (259)
[2020.05.21-09.15.38:385][ 82]LogModuleManager: Shutting down and abandoning module TreeMap (257)
[2020.05.21-09.15.38:426][ 82]LogModuleManager: Shutting down and abandoning module AnimationSharing (254)
[2020.05.21-09.15.38:426][ 82]LogModuleManager: Shutting down and abandoning module LightPropagationVolumeRuntime (252)
[2020.05.21-09.15.38:426][ 82]LogModuleManager: Shutting down and abandoning module Paper2D (250)
[2020.05.21-09.15.38:660][ 82]LogModuleManager: Shutting down and abandoning module WindowsMoviePlayer (248)
[2020.05.21-09.15.38:716][ 82]LogModuleManager: Shutting down and abandoning module WebMMoviePlayer (246)
[2020.05.21-09.15.38:811][ 82]LogModuleManager: Shutting down and abandoning module NetworkReplayStreaming (244)
[2020.05.21-09.15.38:811][ 82]LogModuleManager: Shutting down and abandoning module PacketHandler (242)
[2020.05.21-09.15.38:811][ 82]LogModuleManager: Shutting down and abandoning module ClothingSystemEditor (240)
[2020.05.21-09.15.38:811][ 82]LogModuleManager: Shutting down and abandoning module ClothingSystemRuntime (238)
[2020.05.21-09.15.38:894][ 82]LogModuleManager: Shutting down and abandoning module MediaAssets (236)
[2020.05.21-09.15.38:911][ 82]LogModuleManager: Shutting down and abandoning module Overlay (234)
[2020.05.21-09.15.38:911][ 82]LogModuleManager: Shutting down and abandoning module OverlayEditor (233)
[2020.05.21-09.15.38:911][ 82]LogModuleManager: Shutting down and abandoning module VREditor (230)
[2020.05.21-09.15.38:930][ 82]LogModuleManager: Shutting down and abandoning module StringTableEditor (228)
[2020.05.21-09.15.38:976][ 82]LogModuleManager: Shutting down and abandoning module GameplayTasksEditor (226)
[2020.05.21-09.15.38:976][ 82]LogModuleManager: Shutting down and abandoning module BehaviorTreeEditor (224)
[2020.05.21-09.15.39:069][ 82]LogModuleManager: Shutting down and abandoning module FunctionalTesting (222)
[2020.05.21-09.15.39:076][ 82]LogModuleManager: Shutting down and abandoning module CollisionAnalyzer (220)
[2020.05.21-09.15.39:083][ 82]LogModuleManager: Shutting down and abandoning module WorkspaceMenuStructure (219)
[2020.05.21-09.15.39:092][ 82]LogModuleManager: Shutting down and abandoning module UMG (216)
[2020.05.21-09.15.39:099][ 82]LogModuleManager: Shutting down and abandoning module UMGEditor (215)
[2020.05.21-09.15.39:107][ 82]LogModuleManager: Shutting down and abandoning module Sequencer (214)
[2020.05.21-09.15.39:138][ 82]LogModuleManager: Shutting down and abandoning module MessageLog (211)
[2020.05.21-09.15.39:138][ 82]LogModuleManager: Shutting down and abandoning module SlateReflector (206)
[2020.05.21-09.15.39:224][ 82]LogModuleManager: Shutting down and abandoning module Slate (204)
[2020.05.21-09.15.39:224][ 82]LogModuleManager: Shutting down and abandoning module LandscapeEditorUtilities (202)
[2020.05.21-09.15.39:224][ 82]LogModuleManager: Shutting down and abandoning module EditorStyle (200)
[2020.05.21-09.15.39:225][ 82]LogModuleManager: Shutting down and abandoning module UnrealEd (198)
[2020.05.21-09.15.39:235][ 82]LogModuleManager: Shutting down and abandoning module MRMesh (196)
[2020.05.21-09.15.39:236][ 82]LogModuleManager: Shutting down and abandoning module SourceCodeAccess (194)
[2020.05.21-09.15.39:236][ 82]LogModuleManager: Shutting down and abandoning module HeadMountedDisplay (192)
[2020.05.21-09.15.39:279][ 82]LogModuleManager: Shutting down and abandoning module XAudio2 (190)
[2020.05.21-09.15.39:279][ 82]LogModuleManager: Shutting down and abandoning module Networking (188)
[2020.05.21-09.15.39:279][ 82]LogModuleManager: Shutting down and abandoning module Core (186)
[2020.05.21-09.15.39:280][ 82]LogModuleManager: Shutting down and abandoning module KismetCompiler (184)
[2020.05.21-09.15.39:280][ 82]LogModuleManager: Shutting down and abandoning module MeshUtilities (182)
[2020.05.21-09.15.39:340][ 82]LogModuleManager: Shutting down and abandoning module MeshMergeUtilities (181)
[2020.05.21-09.15.39:447][ 82]LogModuleManager: Shutting down and abandoning module MeshReductionInterface (180)
[2020.05.21-09.15.39:447][ 82]LogModuleManager: Shutting down and abandoning module SkeletalMeshReduction (179)
[2020.05.21-09.15.39:567][ 82]LogModuleManager: Shutting down and abandoning module ProxyLODMeshReduction (177)
[2020.05.21-09.15.39:685][ 82]LogModuleManager: Shutting down and abandoning module QuadricMeshReduction (175)
[2020.05.21-09.15.39:832][ 82]LogModuleManager: Shutting down and abandoning module MaterialBaking (171)
[2020.05.21-09.15.39:896][ 82]LogModuleManager: Shutting down and abandoning module NullInstallBundleManager (166)
[2020.05.21-09.15.39:896][ 82]LogModuleManager: Shutting down and abandoning module DerivedDataCache (164)
[2020.05.21-09.15.39:974][ 82]LogDerivedDataCache: Shutdown
[2020.05.21-09.15.39:975][ 82]LogModuleManager: Shutting down and abandoning module XGEController (162)
[2020.05.21-09.15.39:975][ 82]LogXGEController: Cleaning working directory: C:/Users/User/AppData/Local/Temp/UnrealXGEWorkingDir/
[2020.05.21-09.15.40:057][ 82]LogModuleManager: Shutting down and abandoning module TargetPlatform (160)
[2020.05.21-09.15.40:324][ 82]LogModuleManager: Shutting down and abandoning module VulkanShaderFormat (159)
[2020.05.21-09.15.40:328][ 82]LogModuleManager: Shutting down and abandoning module ShaderFormatVectorVM (157)
[2020.05.21-09.15.40:340][ 82]LogModuleManager: Shutting down and abandoning module ShaderFormatOpenGL (155)
[2020.05.21-09.15.40:346][ 82]LogModuleManager: Shutting down and abandoning module ShaderFormatD3D (153)
[2020.05.21-09.15.40:360][ 82]LogModuleManager: Shutting down and abandoning module MetalShaderFormat (151)
[2020.05.21-09.15.40:374][ 82]LogModuleManager: Shutting down and abandoning module TextureFormatUncompressed (149)
[2020.05.21-09.15.40:374][ 82]LogModuleManager: Shutting down and abandoning module TextureFormatPVR (147)
[2020.05.21-09.15.40:374][ 82]LogModuleManager: Shutting down and abandoning module TextureFormatDXT (145)
[2020.05.21-09.15.40:374][ 82]LogModuleManager: Shutting down and abandoning module TextureFormatIntelISPCTexComp (143)
[2020.05.21-09.15.40:383][ 82]LogModuleManager: Shutting down and abandoning module TextureFormatASTC (141)
[2020.05.21-09.15.40:383][ 82]LogModuleManager: Shutting down and abandoning module ImageWrapper (140)
[2020.05.21-09.15.40:383][ 82]LogModuleManager: Shutting down and abandoning module TextureFormatAndroid (137)
[2020.05.21-09.15.40:383][ 82]LogModuleManager: Shutting down and abandoning module AudioFormatOpus (135)
[2020.05.21-09.15.40:393][ 82]LogModuleManager: Shutting down and abandoning module AudioFormatOgg (133)
[2020.05.21-09.15.40:393][ 82]LogModuleManager: Shutting down and abandoning module AudioFormatADPCM (131)
[2020.05.21-09.15.40:393][ 82]LogModuleManager: Shutting down and abandoning module LuminTargetPlatform (129)
[2020.05.21-09.15.40:408][ 82]LogModuleManager: Shutting down and abandoning module LinuxTargetPlatform (127)
[2020.05.21-09.15.40:408][ 82]LogModuleManager: Shutting down and abandoning module LinuxServerTargetPlatform (125)
[2020.05.21-09.15.40:417][ 82]LogModuleManager: Shutting down and abandoning module LinuxNoEditorTargetPlatform (123)
[2020.05.21-09.15.40:425][ 82]LogModuleManager: Shutting down and abandoning module LinuxClientTargetPlatform (121)
[2020.05.21-09.15.40:425][ 82]LogModuleManager: Shutting down and abandoning module TVOSTargetPlatform (119)
[2020.05.21-09.15.40:426][ 82]LogModuleManager: Shutting down and abandoning module Messaging (117)
[2020.05.21-09.15.40:426][ 82]LogModuleManager: Shutting down and abandoning module IOSTargetPlatform (115)
[2020.05.21-09.15.40:426][ 82]LogModuleManager: Shutting down and abandoning module HTML5TargetPlatform (113)
[2020.05.21-09.15.40:427][ 82]LogModuleManager: Shutting down and abandoning module AndroidTargetPlatform (111)
[2020.05.21-09.15.40:431][ 82]LogModuleManager: Shutting down and abandoning module WindowsTargetPlatform (109)
[2020.05.21-09.15.40:431][ 82]LogModuleManager: Shutting down and abandoning module WindowsServerTargetPlatform (107)
[2020.05.21-09.15.40:431][ 82]LogModuleManager: Shutting down and abandoning module WindowsNoEditorTargetPlatform (105)
[2020.05.21-09.15.40:432][ 82]LogModuleManager: Shutting down and abandoning module WindowsClientTargetPlatform (103)
[2020.05.21-09.15.40:432][ 82]LogModuleManager: Shutting down and abandoning module MacTargetPlatform (101)
[2020.05.21-09.15.40:432][ 82]LogModuleManager: Shutting down and abandoning module MacServerTargetPlatform (99)
[2020.05.21-09.15.40:432][ 82]LogModuleManager: Shutting down and abandoning module MacNoEditorTargetPlatform (97)
[2020.05.21-09.15.40:432][ 82]LogModuleManager: Shutting down and abandoning module MacClientTargetPlatform (95)
[2020.05.21-09.15.40:432][ 82]LogModuleManager: Shutting down and abandoning module AllDesktopTargetPlatform (93)
[2020.05.21-09.15.40:432][ 82]LogModuleManager: Shutting down and abandoning module InputCore (90)
[2020.05.21-09.15.40:432][ 82]LogModuleManager: Shutting down and abandoning module Settings (88)
[2020.05.21-09.15.40:432][ 82]LogModuleManager: Shutting down and abandoning module DirectoryWatcher (86)
[2020.05.21-09.15.40:432][ 82]LogModuleManager: Shutting down and abandoning module PhysXCooking (84)
[2020.05.21-09.15.40:432][ 82]LogModuleManager: Shutting down and abandoning module WindowsPlatformFeatures (82)
[2020.05.21-09.15.40:475][ 82]LogModuleManager: Shutting down and abandoning module GameplayMediaEncoder (81)
[2020.05.21-09.15.40:660][ 82]LogModuleManager: Shutting down and abandoning module SteamVR (78)
[2020.05.21-09.15.40:694][ 82]LogHMD: Freeing OpenVRDLLHandle.
[2020.05.21-09.15.40:710][ 82]LogModuleManager: Shutting down and abandoning module OculusHMD (76)
[2020.05.21-09.15.40:774][ 82]LogModuleManager: Shutting down and abandoning module ExampleDeviceProfileSelector (74)
[2020.05.21-09.15.40:774][ 82]LogModuleManager: Shutting down and abandoning module LauncherChunkInstaller (72)
[2020.05.21-09.15.40:774][ 82]LogModuleManager: Shutting down and abandoning module OnlineBlueprintSupport (70)
[2020.05.21-09.15.40:774][ 82]LogModuleManager: Shutting down and abandoning module OnlineSubsystem (66)
[2020.05.21-09.15.40:958][ 82]LogModuleManager: Shutting down and abandoning module XMPP (61)
[2020.05.21-09.15.41:010][ 82]LogModuleManager: Shutting down and abandoning module WebSockets (60)
[2020.05.21-09.15.41:282][ 82]LogModuleManager: Shutting down and abandoning module HTTP (57)
[2020.05.21-09.15.41:282][ 82]LogHttp: Display: Http module shutting down, but needs to wait on 1 outstanding Http requests:
[2020.05.21-09.15.41:282][ 82]LogHttp: Display: 	verb=[POST] url=[https://datarouter.ol.epicgames.com/datarouter/api/v1/public/data?SessionID=%7BA103735B-4E68-70D5-6273-E08A46526EFC%7D&AppID=UEEditor.Rocket.Release&AppVersion=4.23.1-9631420%2B%2B%2BUE4%2BRelease-4.23&UserID=1c41149a43b8b55c0bd2ed82bade63a6%7C2535cdb3982542b39109c851f056458c%7Ce4064e0c-f458-4afa-9578-f9be7cd8b8f6&AppEnvironment=datacollector-binary&UploadType=eteventstream] status=Processing
[2020.05.21-09.15.41:300][ 82]LogModuleManager: Shutting down and abandoning module SSL (56)
[2020.05.21-09.15.41:301][ 82]LogModuleManager: Shutting down and abandoning module WmfMedia (52)
[2020.05.21-09.15.41:325][ 82]LogModuleManager: Shutting down and abandoning module Media (51)
[2020.05.21-09.15.41:326][ 82]LogModuleManager: Shutting down and abandoning module MagicLeap (48)
[2020.05.21-09.15.41:339][ 82]LogModuleManager: Shutting down and abandoning module DatasmithContent (46)
[2020.05.21-09.15.41:339][ 82]LogModuleManager: Shutting down and abandoning module AISupportModule (44)
[2020.05.21-09.15.41:339][ 82]LogModuleManager: Shutting down and abandoning module PlatformCryptoOpenSSL (42)
[2020.05.21-09.15.41:361][ 82]LogModuleManager: Shutting down and abandoning module PlatformCrypto (40)
[2020.05.21-09.15.41:361][ 82]LogModuleManager: Shutting down and abandoning module AnimationModifiers (38)
[2020.05.21-09.15.41:513][ 82]LogModuleManager: Shutting down and abandoning module PropertyEditor (37)
[2020.05.21-09.15.41:540][ 82]LogModuleManager: Shutting down and abandoning module AudioEditor (34)
[2020.05.21-09.15.41:555][ 82]LogModuleManager: Shutting down and abandoning module TextureCompressor (32)
[2020.05.21-09.15.41:555][ 82]LogModuleManager: Shutting down and abandoning module RenderCore (30)
[2020.05.21-09.15.41:555][ 82]LogModuleManager: Shutting down and abandoning module Landscape (28)
[2020.05.21-09.15.41:555][ 82]LogModuleManager: Shutting down and abandoning module SlateRHIRenderer (26)
[2020.05.21-09.15.41:566][ 82]LogModuleManager: Shutting down and abandoning module OpenGLDrv (24)
[2020.05.21-09.15.41:585][ 82]LogModuleManager: Shutting down and abandoning module D3D11RHI (22)
[2020.05.21-09.15.41:585][ 82]LogModuleManager: Shutting down and abandoning module AnimGraphRuntime (20)
[2020.05.21-09.15.41:610][ 82]LogModuleManager: Shutting down and abandoning module Renderer (18)
[2020.05.21-09.15.41:610][ 82]LogModuleManager: Shutting down and abandoning module Engine (16)
[2020.05.21-09.15.41:630][ 82]LogModuleManager: Shutting down and abandoning module CoreUObject (14)
[2020.05.21-09.15.41:630][ 82]LogModuleManager: Shutting down and abandoning module NetworkFile (12)
[2020.05.21-09.15.41:639][ 82]LogModuleManager: Shutting down and abandoning module CookedIterativeFile (10)
[2020.05.21-09.15.41:639][ 82]LogModuleManager: Shutting down and abandoning module StreamingFile (8)
[2020.05.21-09.15.41:651][ 82]LogModuleManager: Shutting down and abandoning module SandboxFile (6)
[2020.05.21-09.15.41:651][ 82]LogModuleManager: Shutting down and abandoning module PakFile (4)
[2020.05.21-09.15.41:674][ 82]LogModuleManager: Shutting down and abandoning module RSA (3)
[2020.05.21-09.15.41:700][ 82]LogD3D11RHI: Shutdown
[2020.05.21-09.15.41:722][ 82]LogD3D11RHI: CleanupD3DDevice
[2020.05.21-09.15.42:118][ 82]LogRendererCore: FGlobalDynamicReadBuffer::Cleanup()
[2020.05.21-09.15.42:122][ 82]LogRendererCore: FGlobalDynamicReadBuffer::Cleanup()
[2020.05.21-09.15.42:122][ 82]LogRendererCore: FGlobalDynamicReadBuffer::Cleanup()
[2020.05.21-09.15.42:197][ 82]LogD3D11RHI: ~FD3D11DynamicRHI
[2020.05.21-09.15.42:422][ 82]LogExit: Exiting.
[2020.05.21-09.15.42:501][ 82]Log file closed, 05/21/20 11:15:42
