Log file open, 05/02/20 12:05:52
LogWindows: Failed to load 'aqProf.dll' (GetLastError=126)
LogWindows: File 'aqProf.dll' does not exist
LogWindows: Failed to load 'VtuneApi.dll' (GetLastError=126)
LogWindows: File 'VtuneApi.dll' does not exist
LogWindows: Failed to load 'VtuneApi32e.dll' (GetLastError=126)
LogWindows: File 'VtuneApi32e.dll' does not exist
LogConsoleResponse: Display: Failed to find resolution value strings in scalability ini. Falling back to default.
LogInit: Display: Running engine for game: TrabajoTPS
LogPlatformFile: Not using cached read wrapper
LogTaskGraph: Started task graph with 5 named threads and 35 total threads with 3 sets of task threads.
LogStats: Stats thread started at 2.375222
LogD3D11RHI: Loaded GFSDK_Aftermath_Lib.x64.dll
LogICUInternationalization: ICU TimeZone Detection - Raw Offset: +1:00, Platform Override: ''
LogPluginManager: Mounting plugin Paper2D
LogPluginManager: Mounting plugin AISupport
LogPluginManager: Mounting plugin LightPropagationVolume
LogPluginManager: Mounting plugin ActorLayerUtilities
LogPluginManager: Mounting plugin AnimationSharing
LogPluginManager: Mounting plugin CLionSourceCodeAccess
LogPluginManager: Mounting plugin CodeLiteSourceCodeAccess
LogPluginManager: Mounting plugin GitSourceControl
LogPluginManager: Mounting plugin KDevelopSourceCodeAccess
LogPluginManager: Mounting plugin NullSourceCodeAccess
LogPluginManager: Mounting plugin PerforceSourceControl
LogPluginManager: Mounting plugin SubversionSourceControl
LogPluginManager: Mounting plugin UObjectPlugin
LogPluginManager: Mounting plugin VisualStudioCodeSourceCodeAccess
LogPluginManager: Mounting plugin VisualStudioSourceCodeAccess
LogPluginManager: Mounting plugin XCodeSourceCodeAccess
LogPluginManager: Mounting plugin AssetManagerEditor
LogPluginManager: Mounting plugin CryptoKeys
LogPluginManager: Mounting plugin CurveEditorTools
LogPluginManager: Mounting plugin DataValidation
LogPluginManager: Mounting plugin FacialAnimation
LogPluginManager: Mounting plugin GameplayTagsEditor
LogPluginManager: Mounting plugin MacGraphicsSwitching
LogPluginManager: Mounting plugin MaterialAnalyzer
LogPluginManager: Mounting plugin MobileLauncherProfileWizard
LogPluginManager: Mounting plugin PluginBrowser
LogPluginManager: Mounting plugin SpeedTreeImporter
LogPluginManager: Mounting plugin DatasmithContent
LogPluginManager: Mounting plugin VariantManagerContent
LogPluginManager: Mounting plugin AlembicImporter
LogPluginManager: Mounting plugin AutomationUtils
LogPluginManager: Mounting plugin BackChannel
LogPluginManager: Mounting plugin CharacterAI
LogPluginManager: Mounting plugin GeometryCache
LogPluginManager: Mounting plugin HTML5Networking
LogPluginManager: Mounting plugin PlatformCrypto
LogPluginManager: Mounting plugin ProxyLODPlugin
LogPluginManager: Mounting plugin SkeletalReduction
LogPluginManager: Mounting plugin MagicLeap
LogPluginManager: Mounting plugin MagicLeapMedia
LogPluginManager: Mounting plugin AndroidMedia
LogPluginManager: Mounting plugin AvfMedia
LogPluginManager: Mounting plugin ImgMedia
LogPluginManager: Mounting plugin MediaCompositing
LogPluginManager: Mounting plugin MediaPlayerEditor
LogPluginManager: Mounting plugin WebMMedia
LogPluginManager: Mounting plugin WmfMedia
LogPluginManager: Mounting plugin TcpMessaging
LogPluginManager: Mounting plugin UdpMessaging
LogPluginManager: Mounting plugin ActorSequence
LogPluginManager: Mounting plugin LevelSequenceEditor
LogPluginManager: Mounting plugin MatineeToLevelSequence
LogPluginManager: Mounting plugin NetcodeUnitTest
LogPluginManager: Mounting plugin NUTUnrealEngine4
LogPluginManager: Mounting plugin OnlineSubsystemGooglePlay
LogPluginManager: Mounting plugin OnlineSubsystemIOS
LogPluginManager: Mounting plugin OnlineSubsystem
LogPluginManager: Mounting plugin OnlineSubsystemNull
LogPluginManager: Mounting plugin OnlineSubsystemUtils
LogPluginManager: Mounting plugin LauncherChunkInstaller
LogPluginManager: Mounting plugin AndroidDeviceProfileSelector
LogPluginManager: Mounting plugin AndroidMoviePlayer
LogPluginManager: Mounting plugin AndroidPermission
LogPluginManager: Mounting plugin AppleImageUtils
LogPluginManager: Mounting plugin AppleMoviePlayer
LogPluginManager: Mounting plugin ArchVisCharacter
LogPluginManager: Mounting plugin AudioCapture
LogPluginManager: Mounting plugin CableComponent
LogPluginManager: Mounting plugin CustomMeshComponent
LogPluginManager: Mounting plugin EditableMesh
LogPluginManager: Mounting plugin ExampleDeviceProfileSelector
LogPluginManager: Mounting plugin GoogleCloudMessaging
LogPluginManager: Mounting plugin IOSDeviceProfileSelector
LogPluginManager: Mounting plugin LinuxDeviceProfileSelector
LogPluginManager: Mounting plugin LocationServicesBPLibrary
LogPluginManager: Mounting plugin MobilePatchingUtils
LogPluginManager: Mounting plugin OculusVR
LogPluginManager: Mounting plugin PhysXVehicles
LogPluginManager: Mounting plugin ProceduralMeshComponent
LogPluginManager: Mounting plugin RuntimePhysXCooking
LogPluginManager: Mounting plugin SignificanceManager
LogPluginManager: Mounting plugin SteamVR
LogPluginManager: Mounting plugin WebMMoviePlayer
LogPluginManager: Mounting plugin WindowsMoviePlayer
LogPluginManager: Mounting plugin ScreenshotTools
LogInit: Using libcurl 7.55.1-DEV
LogInit:  - built for x86_64-pc-win32
LogInit:  - supports SSL with OpenSSL/1.1.1
LogInit:  - supports HTTP deflate (compression) using libz 1.2.8
LogInit:  - other features:
LogInit:      CURL_VERSION_SSL
LogInit:      CURL_VERSION_LIBZ
LogInit:      CURL_VERSION_IPV6
LogInit:      CURL_VERSION_ASYNCHDNS
LogInit:      CURL_VERSION_LARGEFILE
LogInit:      CURL_VERSION_IDN
LogInit:  CurlRequestOptions (configurable via config and command line):
LogInit:  - bVerifyPeer = true  - Libcurl will verify peer certificate
LogInit:  - bUseHttpProxy = false  - Libcurl will NOT use HTTP proxy
LogInit:  - bDontReuseConnections = false  - Libcurl will reuse connections
LogInit:  - MaxHostConnections = 16  - Libcurl will limit the number of connections to a host
LogInit:  - LocalHostAddr = Default
LogInit:  - BufferSize = 65536
LogOnline: OSS: Creating online subsystem instance for: NULL
LogInit: WinSock: version 1.1 (2.2), MaxSocks=32767, MaxUdp=65467
LogInit: Build: ++UE4+Release-4.23-CL-9631420
LogInit: Engine Version: 4.23.1-9631420+++UE4+Release-4.23
LogInit: Compatible Engine Version: 4.23.0-8386587+++UE4+Release-4.23
LogInit: Net CL: 8386587
LogInit: OS: Windows 10 (Release 1909) (), CPU: AMD Ryzen 5 2600 Six-Core Processor            , GPU: NVIDIA GeForce GTX 1060 6GB
LogInit: Compiled (64-bit): Oct 18 2019 02:07:44
LogInit: Compiled with Visual C++: 19.16.27030.01
LogInit: Build Configuration: Development
LogInit: Branch Name: ++UE4+Release-4.23
LogInit: Command Line: 
LogInit: Base Directory: D:/EpicGames/UE_4.23/Engine/Binaries/Win64/
LogInit: Installed Engine Build: 1
LogDevObjectVersion: Number of dev versions registered: 23
LogDevObjectVersion:   Dev-Blueprints (B0D832E4-1F89-4F0D-ACCF-7EB736FD4AA2): 10
LogDevObjectVersion:   Dev-Build (E1C64328-A22C-4D53-A36C-8E866417BD8C): 0
LogDevObjectVersion:   Dev-Core (375EC13C-06E4-48FB-B500-84F0262A717E): 3
LogDevObjectVersion:   Dev-Editor (E4B068ED-F494-42E9-A231-DA0B2E46BB41): 34
LogDevObjectVersion:   Dev-Framework (CFFC743F-43B0-4480-9391-14DF171D2073): 35
LogDevObjectVersion:   Dev-Mobile (B02B49B5-BB20-44E9-A304-32B752E40360): 2
LogDevObjectVersion:   Dev-Networking (A4E4105C-59A1-49B5-A7C5-40C4547EDFEE): 0
LogDevObjectVersion:   Dev-Online (39C831C9-5AE6-47DC-9A44-9C173E1C8E7C): 0
LogDevObjectVersion:   Dev-Physics (78F01B33-EBEA-4F98-B9B4-84EACCB95AA2): 0
LogDevObjectVersion:   Dev-Platform (6631380F-2D4D-43E0-8009-CF276956A95A): 0
LogDevObjectVersion:   Dev-Rendering (12F88B9F-8875-4AFC-A67C-D90C383ABD29): 31
LogDevObjectVersion:   Dev-Sequencer (7B5AE74C-D270-4C10-A958-57980B212A5A): 11
LogDevObjectVersion:   Dev-VR (D7296918-1DD6-4BDD-9DE2-64A83CC13884): 2
LogDevObjectVersion:   Dev-LoadTimes (C2A15278-BFE7-4AFE-6C17-90FF531DF755): 1
LogDevObjectVersion:   Private-Geometry (6EACA3D4-40EC-4CC1-B786-8BED09428FC5): 3
LogDevObjectVersion:   Dev-AnimPhys (29E575DD-E0A3-4627-9D10-D276232CDCEA): 17
LogDevObjectVersion:   Dev-Anim (AF43A65D-7FD3-4947-9873-3E8ED9C1BB05): 2
LogDevObjectVersion:   Dev-ReflectionCapture (6B266CEC-1EC7-4B8F-A30B-E4D90942FC07): 1
LogDevObjectVersion:   Dev-Automation (0DF73D61-A23F-47EA-B727-89E90C41499A): 1
LogDevObjectVersion:   FortniteMain (601D1886-AC64-4F84-AA16-D3DE0DEAC7D6): 27
LogDevObjectVersion:   Dev-Enterprise (9DFFBCD6-494F-0158-E221-12823C92A888): 6
LogDevObjectVersion:   Dev-Niagara (F2AED0AC-9AFE-416F-8664-AA7FFA26D6FC): 1
LogDevObjectVersion:   Dev-Destruction (174F1F0B-B4C6-45A5-B13F-2EE8D0FB917D): 9
LogInit: Presizing for max 16777216 objects, including 0 objects not considered by GC, pre-allocating 0 bytes for permanent pool.
LogInit: Object subsystem initialized
LogConfig: Setting CVar [[con.DebugEarlyDefault:1]]
LogConfig: Setting CVar [[r.setres:1280x720]]
[2020.05.02-10.05.56:418][  0]LogConfig: Setting CVar [[r.VSync:0]]
[2020.05.02-10.05.56:418][  0]LogConfig: Setting CVar [[r.RHICmdBypass:0]]
[2020.05.02-10.05.56:419][  0]LogConfig: Applying CVar settings from Section [/Script/Engine.RendererSettings] File [D:/A_CLASSES/Unreal/TrabajoUnrealTPS/TrabajoTPS/Saved/Config/Windows/Engine.ini]
[2020.05.02-10.05.56:419][  0]LogConfig: Setting CVar [[r.GPUCrashDebugging:0]]
[2020.05.02-10.05.56:419][  0]LogConfig: Applying CVar settings from Section [/Script/Engine.RendererOverrideSettings] File [D:/A_CLASSES/Unreal/TrabajoUnrealTPS/TrabajoTPS/Saved/Config/Windows/Engine.ini]
[2020.05.02-10.05.56:419][  0]LogConfig: Applying CVar settings from Section [/Script/Engine.StreamingSettings] File [D:/A_CLASSES/Unreal/TrabajoUnrealTPS/TrabajoTPS/Saved/Config/Windows/Engine.ini]
[2020.05.02-10.05.56:419][  0]LogConfig: Setting CVar [[s.MinBulkDataSizeForAsyncLoading:131072]]
[2020.05.02-10.05.56:419][  0]LogConfig: Setting CVar [[s.AsyncLoadingThreadEnabled:0]]
[2020.05.02-10.05.56:419][  0]LogConfig: Setting CVar [[s.EventDrivenLoaderEnabled:1]]
[2020.05.02-10.05.56:419][  0]LogConfig: Setting CVar [[s.WarnIfTimeLimitExceeded:0]]
[2020.05.02-10.05.56:419][  0]LogConfig: Setting CVar [[s.TimeLimitExceededMultiplier:1.5]]
[2020.05.02-10.05.56:419][  0]LogConfig: Setting CVar [[s.TimeLimitExceededMinTime:0.005]]
[2020.05.02-10.05.56:419][  0]LogConfig: Setting CVar [[s.UseBackgroundLevelStreaming:1]]
[2020.05.02-10.05.56:419][  0]LogConfig: Setting CVar [[s.PriorityAsyncLoadingExtraTime:15.0]]
[2020.05.02-10.05.56:419][  0]LogConfig: Setting CVar [[s.LevelStreamingActorsUpdateTimeLimit:5.0]]
[2020.05.02-10.05.56:419][  0]LogConfig: Setting CVar [[s.PriorityLevelStreamingActorsUpdateExtraTime:5.0]]
[2020.05.02-10.05.56:420][  0]LogConfig: Setting CVar [[s.LevelStreamingComponentsRegistrationGranularity:10]]
[2020.05.02-10.05.56:420][  0]LogConfig: Setting CVar [[s.UnregisterComponentsTimeLimit:1.0]]
[2020.05.02-10.05.56:420][  0]LogConfig: Setting CVar [[s.LevelStreamingComponentsUnregistrationGranularity:5]]
[2020.05.02-10.05.56:420][  0]LogConfig: Applying CVar settings from Section [/Script/Engine.GarbageCollectionSettings] File [D:/A_CLASSES/Unreal/TrabajoUnrealTPS/TrabajoTPS/Saved/Config/Windows/Engine.ini]
[2020.05.02-10.05.56:420][  0]LogConfig: Setting CVar [[gc.MaxObjectsNotConsideredByGC:1]]
[2020.05.02-10.05.56:420][  0]LogConfig: Setting CVar [[gc.SizeOfPermanentObjectPool:0]]
[2020.05.02-10.05.56:420][  0]LogConfig: Setting CVar [[gc.FlushStreamingOnGC:0]]
[2020.05.02-10.05.56:420][  0]LogConfig: Setting CVar [[gc.NumRetriesBeforeForcingGC:10]]
[2020.05.02-10.05.56:420][  0]LogConfig: Setting CVar [[gc.AllowParallelGC:1]]
[2020.05.02-10.05.56:420][  0]LogConfig: Setting CVar [[gc.TimeBetweenPurgingPendingKillObjects:61.1]]
[2020.05.02-10.05.56:420][  0]LogConfig: Setting CVar [[gc.MaxObjectsInEditor:16777216]]
[2020.05.02-10.05.56:420][  0]LogConfig: Setting CVar [[gc.IncrementalBeginDestroyEnabled:1]]
[2020.05.02-10.05.56:420][  0]LogConfig: Setting CVar [[gc.CreateGCClusters:1]]
[2020.05.02-10.05.56:420][  0]LogConfig: Setting CVar [[gc.MinGCClusterSize:5]]
[2020.05.02-10.05.56:420][  0]LogConfig: Setting CVar [[gc.ActorClusteringEnabled:0]]
[2020.05.02-10.05.56:420][  0]LogConfig: Setting CVar [[gc.BlueprintClusteringEnabled:0]]
[2020.05.02-10.05.56:420][  0]LogConfig: Setting CVar [[gc.UseDisregardForGCOnDedicatedServers:0]]
[2020.05.02-10.05.56:420][  0]LogConfig: Applying CVar settings from Section [/Script/Engine.NetworkSettings] File [D:/A_CLASSES/Unreal/TrabajoUnrealTPS/TrabajoTPS/Saved/Config/Windows/Engine.ini]
[2020.05.02-10.05.56:420][  0]LogConfig: Applying CVar settings from Section [/Script/UnrealEd.CookerSettings] File [D:/A_CLASSES/Unreal/TrabajoUnrealTPS/TrabajoTPS/Saved/Config/Windows/Engine.ini]
[2020.05.02-10.05.56:447][  0]LogConfig: Applying CVar settings from Section [ViewDistanceQuality@3] File [D:/A_CLASSES/Unreal/TrabajoUnrealTPS/TrabajoTPS/Saved/Config/Windows/Scalability.ini]
[2020.05.02-10.05.56:447][  0]LogConfig: Setting CVar [[r.SkeletalMeshLODBias:0]]
[2020.05.02-10.05.56:447][  0]LogConfig: Setting CVar [[r.ViewDistanceScale:1.0]]
[2020.05.02-10.05.56:447][  0]LogConfig: Applying CVar settings from Section [AntiAliasingQuality@3] File [D:/A_CLASSES/Unreal/TrabajoUnrealTPS/TrabajoTPS/Saved/Config/Windows/Scalability.ini]
[2020.05.02-10.05.56:447][  0]LogConfig: Setting CVar [[r.PostProcessAAQuality:4]]
[2020.05.02-10.05.56:447][  0]LogConfig: Applying CVar settings from Section [ShadowQuality@3] File [D:/A_CLASSES/Unreal/TrabajoUnrealTPS/TrabajoTPS/Saved/Config/Windows/Scalability.ini]
[2020.05.02-10.05.56:447][  0]LogConfig: Setting CVar [[r.LightFunctionQuality:1]]
[2020.05.02-10.05.56:447][  0]LogConfig: Setting CVar [[r.ShadowQuality:5]]
[2020.05.02-10.05.56:447][  0]LogConfig: Setting CVar [[r.Shadow.CSM.MaxCascades:10]]
[2020.05.02-10.05.56:447][  0]LogConfig: Setting CVar [[r.Shadow.MaxResolution:2048]]
[2020.05.02-10.05.56:447][  0]LogConfig: Setting CVar [[r.Shadow.MaxCSMResolution:2048]]
[2020.05.02-10.05.56:447][  0]LogConfig: Setting CVar [[r.Shadow.RadiusThreshold:0.01]]
[2020.05.02-10.05.56:447][  0]LogConfig: Setting CVar [[r.Shadow.DistanceScale:1.0]]
[2020.05.02-10.05.56:447][  0]LogConfig: Setting CVar [[r.Shadow.CSM.TransitionScale:1.0]]
[2020.05.02-10.05.56:447][  0]LogConfig: Setting CVar [[r.Shadow.PreShadowResolutionFactor:1.0]]
[2020.05.02-10.05.56:447][  0]LogConfig: Setting CVar [[r.DistanceFieldShadowing:1]]
[2020.05.02-10.05.56:447][  0]LogConfig: Setting CVar [[r.DistanceFieldAO:1]]
[2020.05.02-10.05.56:447][  0]LogConfig: Setting CVar [[r.AOQuality:2]]
[2020.05.02-10.05.56:447][  0]LogConfig: Setting CVar [[r.VolumetricFog:1]]
[2020.05.02-10.05.56:447][  0]LogConfig: Setting CVar [[r.VolumetricFog.GridPixelSize:8]]
[2020.05.02-10.05.56:447][  0]LogConfig: Setting CVar [[r.VolumetricFog.GridSizeZ:128]]
[2020.05.02-10.05.56:448][  0]LogConfig: Setting CVar [[r.VolumetricFog.HistoryMissSupersampleCount:4]]
[2020.05.02-10.05.56:448][  0]LogConfig: Setting CVar [[r.LightMaxDrawDistanceScale:1]]
[2020.05.02-10.05.56:448][  0]LogConfig: Setting CVar [[r.CapsuleShadows:1]]
[2020.05.02-10.05.56:448][  0]LogConfig: Applying CVar settings from Section [PostProcessQuality@3] File [D:/A_CLASSES/Unreal/TrabajoUnrealTPS/TrabajoTPS/Saved/Config/Windows/Scalability.ini]
[2020.05.02-10.05.56:448][  0]LogConfig: Setting CVar [[r.MotionBlurQuality:4]]
[2020.05.02-10.05.56:448][  0]LogConfig: Setting CVar [[r.AmbientOcclusionMipLevelFactor:0.4]]
[2020.05.02-10.05.56:448][  0]LogConfig: Setting CVar [[r.AmbientOcclusionMaxQuality:100]]
[2020.05.02-10.05.56:448][  0]LogConfig: Setting CVar [[r.AmbientOcclusionLevels:-1]]
[2020.05.02-10.05.56:448][  0]LogConfig: Setting CVar [[r.AmbientOcclusionRadiusScale:1.0]]
[2020.05.02-10.05.56:448][  0]LogConfig: Setting CVar [[r.DepthOfFieldQuality:2]]
[2020.05.02-10.05.56:448][  0]LogConfig: Setting CVar [[r.RenderTargetPoolMin:400]]
[2020.05.02-10.05.56:448][  0]LogConfig: Setting CVar [[r.LensFlareQuality:2]]
[2020.05.02-10.05.56:448][  0]LogConfig: Setting CVar [[r.SceneColorFringeQuality:1]]
[2020.05.02-10.05.56:448][  0]LogConfig: Setting CVar [[r.EyeAdaptationQuality:2]]
[2020.05.02-10.05.56:448][  0]LogConfig: Setting CVar [[r.BloomQuality:5]]
[2020.05.02-10.05.56:448][  0]LogConfig: Setting CVar [[r.FastBlurThreshold:100]]
[2020.05.02-10.05.56:448][  0]LogConfig: Setting CVar [[r.Upscale.Quality:3]]
[2020.05.02-10.05.56:448][  0]LogConfig: Setting CVar [[r.Tonemapper.GrainQuantization:1]]
[2020.05.02-10.05.56:448][  0]LogConfig: Setting CVar [[r.LightShaftQuality:1]]
[2020.05.02-10.05.56:448][  0]LogConfig: Setting CVar [[r.Filter.SizeScale:1]]
[2020.05.02-10.05.56:448][  0]LogConfig: Setting CVar [[r.Tonemapper.Quality:5]]
[2020.05.02-10.05.56:448][  0]LogConfig: Setting CVar [[r.DOF.Gather.AccumulatorQuality:1        ; higher gathering accumulator quality]]
[2020.05.02-10.05.56:448][  0]LogConfig: Setting CVar [[r.DOF.Gather.PostfilterMethod:1          ; Median3x3 postfilering method]]
[2020.05.02-10.05.56:448][  0]LogConfig: Setting CVar [[r.DOF.Gather.EnableBokehSettings:0       ; no bokeh simulation when gathering]]
[2020.05.02-10.05.56:448][  0]LogConfig: Setting CVar [[r.DOF.Gather.RingCount:4                 ; medium number of samples when gathering]]
[2020.05.02-10.05.56:448][  0]LogConfig: Setting CVar [[r.DOF.Scatter.ForegroundCompositing:1    ; additive foreground scattering]]
[2020.05.02-10.05.56:448][  0]LogConfig: Setting CVar [[r.DOF.Scatter.BackgroundCompositing:2    ; additive background scattering]]
[2020.05.02-10.05.56:448][  0]LogConfig: Setting CVar [[r.DOF.Scatter.EnableBokehSettings:1      ; bokeh simulation when scattering]]
[2020.05.02-10.05.56:448][  0]LogConfig: Setting CVar [[r.DOF.Scatter.MaxSpriteRatio:0.1         ; only a maximum of 10% of scattered bokeh]]
[2020.05.02-10.05.56:448][  0]LogConfig: Setting CVar [[r.DOF.Recombine.Quality:1                ; cheap slight out of focus]]
[2020.05.02-10.05.56:448][  0]LogConfig: Setting CVar [[r.DOF.Recombine.EnableBokehSettings:0    ; no bokeh simulation on slight out of focus]]
[2020.05.02-10.05.56:448][  0]LogConfig: Setting CVar [[r.DOF.TemporalAAQuality:1                ; more stable temporal accumulation]]
[2020.05.02-10.05.56:448][  0]LogConfig: Setting CVar [[r.DOF.Kernel.MaxForegroundRadius:0.025]]
[2020.05.02-10.05.56:448][  0]LogConfig: Setting CVar [[r.DOF.Kernel.MaxBackgroundRadius:0.025]]
[2020.05.02-10.05.56:448][  0]LogConfig: Applying CVar settings from Section [TextureQuality@3] File [D:/A_CLASSES/Unreal/TrabajoUnrealTPS/TrabajoTPS/Saved/Config/Windows/Scalability.ini]
[2020.05.02-10.05.56:448][  0]LogConfig: Setting CVar [[r.Streaming.MipBias:0]]
[2020.05.02-10.05.56:448][  0]LogConfig: Setting CVar [[r.Streaming.AmortizeCPUToGPUCopy:0]]
[2020.05.02-10.05.56:448][  0]LogConfig: Setting CVar [[r.Streaming.MaxNumTexturesToStreamPerFrame:0]]
[2020.05.02-10.05.56:448][  0]LogConfig: Setting CVar [[r.Streaming.Boost:1]]
[2020.05.02-10.05.56:448][  0]LogConfig: Setting CVar [[r.MaxAnisotropy:8]]
[2020.05.02-10.05.56:448][  0]LogConfig: Setting CVar [[r.Streaming.LimitPoolSizeToVRAM:0]]
[2020.05.02-10.05.56:448][  0]LogConfig: Setting CVar [[r.Streaming.PoolSize:1000]]
[2020.05.02-10.05.56:448][  0]LogConfig: Setting CVar [[r.Streaming.MaxEffectiveScreenSize:0]]
[2020.05.02-10.05.56:448][  0]LogConfig: Applying CVar settings from Section [EffectsQuality@3] File [D:/A_CLASSES/Unreal/TrabajoUnrealTPS/TrabajoTPS/Saved/Config/Windows/Scalability.ini]
[2020.05.02-10.05.56:448][  0]LogConfig: Setting CVar [[r.TranslucencyLightingVolumeDim:64]]
[2020.05.02-10.05.56:448][  0]LogConfig: Setting CVar [[r.RefractionQuality:2]]
[2020.05.02-10.05.56:448][  0]LogConfig: Setting CVar [[r.SSR.Quality:3]]
[2020.05.02-10.05.56:448][  0]LogConfig: Setting CVar [[r.SceneColorFormat:4]]
[2020.05.02-10.05.56:448][  0]LogConfig: Setting CVar [[r.DetailMode:2]]
[2020.05.02-10.05.56:448][  0]LogConfig: Setting CVar [[r.TranslucencyVolumeBlur:1]]
[2020.05.02-10.05.56:448][  0]LogConfig: Setting CVar [[r.MaterialQualityLevel:1 ; High quality]]
[2020.05.02-10.05.56:448][  0]LogConfig: Setting CVar [[r.SSS.Scale:1]]
[2020.05.02-10.05.56:448][  0]LogConfig: Setting CVar [[r.SSS.SampleSet:2]]
[2020.05.02-10.05.56:448][  0]LogConfig: Setting CVar [[r.SSS.Quality:1]]
[2020.05.02-10.05.56:448][  0]LogConfig: Setting CVar [[r.SSS.HalfRes:1]]
[2020.05.02-10.05.56:448][  0]LogConfig: Setting CVar [[r.EmitterSpawnRateScale:1.0]]
[2020.05.02-10.05.56:448][  0]LogConfig: Setting CVar [[r.ParticleLightQuality:2]]
[2020.05.02-10.05.56:448][  0]LogConfig: Applying CVar settings from Section [FoliageQuality@3] File [D:/A_CLASSES/Unreal/TrabajoUnrealTPS/TrabajoTPS/Saved/Config/Windows/Scalability.ini]
[2020.05.02-10.05.56:448][  0]LogConfig: Setting CVar [[foliage.DensityScale:1.0]]
[2020.05.02-10.05.56:448][  0]LogConfig: Setting CVar [[grass.DensityScale:1.0]]
[2020.05.02-10.05.56:469][  0]LogInit: Selected Device Profile: [Windows]
[2020.05.02-10.05.56:476][  0]LogInit: Applying CVar settings loaded from the selected device profile: [Windows]
[2020.05.02-10.05.56:515][  0]LogHAL: Display: Platform has ~ 16 GB [17128562688 / 17179869184 / 16], which maps to Larger [LargestMinGB=32, LargerMinGB=12, DefaultMinGB=8, SmallerMinGB=6, SmallestMinGB=0)
[2020.05.02-10.05.56:515][  0]LogInit: Going up to parent DeviceProfile []
[2020.05.02-10.05.56:516][  0]LogConfig: Applying CVar settings from Section [ViewDistanceQuality@3] File [D:/A_CLASSES/Unreal/TrabajoUnrealTPS/TrabajoTPS/Saved/Config/Windows/Scalability.ini]
[2020.05.02-10.05.56:516][  0]LogConfig: Setting CVar [[r.SkeletalMeshLODBias:0]]
[2020.05.02-10.05.56:516][  0]LogConfig: Setting CVar [[r.ViewDistanceScale:1.0]]
[2020.05.02-10.05.56:516][  0]LogConfig: Applying CVar settings from Section [AntiAliasingQuality@3] File [D:/A_CLASSES/Unreal/TrabajoUnrealTPS/TrabajoTPS/Saved/Config/Windows/Scalability.ini]
[2020.05.02-10.05.56:516][  0]LogConfig: Setting CVar [[r.PostProcessAAQuality:4]]
[2020.05.02-10.05.56:516][  0]LogConfig: Applying CVar settings from Section [ShadowQuality@3] File [D:/A_CLASSES/Unreal/TrabajoUnrealTPS/TrabajoTPS/Saved/Config/Windows/Scalability.ini]
[2020.05.02-10.05.56:516][  0]LogConfig: Setting CVar [[r.LightFunctionQuality:1]]
[2020.05.02-10.05.56:516][  0]LogConfig: Setting CVar [[r.ShadowQuality:5]]
[2020.05.02-10.05.56:516][  0]LogConfig: Setting CVar [[r.Shadow.CSM.MaxCascades:10]]
[2020.05.02-10.05.56:516][  0]LogConfig: Setting CVar [[r.Shadow.MaxResolution:2048]]
[2020.05.02-10.05.56:516][  0]LogConfig: Setting CVar [[r.Shadow.MaxCSMResolution:2048]]
[2020.05.02-10.05.56:516][  0]LogConfig: Setting CVar [[r.Shadow.RadiusThreshold:0.01]]
[2020.05.02-10.05.56:516][  0]LogConfig: Setting CVar [[r.Shadow.DistanceScale:1.0]]
[2020.05.02-10.05.56:516][  0]LogConfig: Setting CVar [[r.Shadow.CSM.TransitionScale:1.0]]
[2020.05.02-10.05.56:516][  0]LogConfig: Setting CVar [[r.Shadow.PreShadowResolutionFactor:1.0]]
[2020.05.02-10.05.56:516][  0]LogConfig: Setting CVar [[r.DistanceFieldShadowing:1]]
[2020.05.02-10.05.56:516][  0]LogConfig: Setting CVar [[r.DistanceFieldAO:1]]
[2020.05.02-10.05.56:516][  0]LogConfig: Setting CVar [[r.AOQuality:2]]
[2020.05.02-10.05.56:516][  0]LogConfig: Setting CVar [[r.VolumetricFog:1]]
[2020.05.02-10.05.56:516][  0]LogConfig: Setting CVar [[r.VolumetricFog.GridPixelSize:8]]
[2020.05.02-10.05.56:516][  0]LogConfig: Setting CVar [[r.VolumetricFog.GridSizeZ:128]]
[2020.05.02-10.05.56:516][  0]LogConfig: Setting CVar [[r.VolumetricFog.HistoryMissSupersampleCount:4]]
[2020.05.02-10.05.56:516][  0]LogConfig: Setting CVar [[r.LightMaxDrawDistanceScale:1]]
[2020.05.02-10.05.56:516][  0]LogConfig: Setting CVar [[r.CapsuleShadows:1]]
[2020.05.02-10.05.56:516][  0]LogConfig: Applying CVar settings from Section [PostProcessQuality@3] File [D:/A_CLASSES/Unreal/TrabajoUnrealTPS/TrabajoTPS/Saved/Config/Windows/Scalability.ini]
[2020.05.02-10.05.56:516][  0]LogConfig: Setting CVar [[r.MotionBlurQuality:4]]
[2020.05.02-10.05.56:516][  0]LogConfig: Setting CVar [[r.AmbientOcclusionMipLevelFactor:0.4]]
[2020.05.02-10.05.56:516][  0]LogConfig: Setting CVar [[r.AmbientOcclusionMaxQuality:100]]
[2020.05.02-10.05.56:516][  0]LogConfig: Setting CVar [[r.AmbientOcclusionLevels:-1]]
[2020.05.02-10.05.56:516][  0]LogConfig: Setting CVar [[r.AmbientOcclusionRadiusScale:1.0]]
[2020.05.02-10.05.56:516][  0]LogConfig: Setting CVar [[r.DepthOfFieldQuality:2]]
[2020.05.02-10.05.56:516][  0]LogConfig: Setting CVar [[r.RenderTargetPoolMin:400]]
[2020.05.02-10.05.56:516][  0]LogConfig: Setting CVar [[r.LensFlareQuality:2]]
[2020.05.02-10.05.56:516][  0]LogConfig: Setting CVar [[r.SceneColorFringeQuality:1]]
[2020.05.02-10.05.56:516][  0]LogConfig: Setting CVar [[r.EyeAdaptationQuality:2]]
[2020.05.02-10.05.56:516][  0]LogConfig: Setting CVar [[r.BloomQuality:5]]
[2020.05.02-10.05.56:516][  0]LogConfig: Setting CVar [[r.FastBlurThreshold:100]]
[2020.05.02-10.05.56:516][  0]LogConfig: Setting CVar [[r.Upscale.Quality:3]]
[2020.05.02-10.05.56:516][  0]LogConfig: Setting CVar [[r.Tonemapper.GrainQuantization:1]]
[2020.05.02-10.05.56:516][  0]LogConfig: Setting CVar [[r.LightShaftQuality:1]]
[2020.05.02-10.05.56:516][  0]LogConfig: Setting CVar [[r.Filter.SizeScale:1]]
[2020.05.02-10.05.56:516][  0]LogConfig: Setting CVar [[r.Tonemapper.Quality:5]]
[2020.05.02-10.05.56:516][  0]LogConfig: Setting CVar [[r.DOF.Gather.AccumulatorQuality:1        ; higher gathering accumulator quality]]
[2020.05.02-10.05.56:516][  0]LogConfig: Setting CVar [[r.DOF.Gather.PostfilterMethod:1          ; Median3x3 postfilering method]]
[2020.05.02-10.05.56:516][  0]LogConfig: Setting CVar [[r.DOF.Gather.EnableBokehSettings:0       ; no bokeh simulation when gathering]]
[2020.05.02-10.05.56:516][  0]LogConfig: Setting CVar [[r.DOF.Gather.RingCount:4                 ; medium number of samples when gathering]]
[2020.05.02-10.05.56:516][  0]LogConfig: Setting CVar [[r.DOF.Scatter.ForegroundCompositing:1    ; additive foreground scattering]]
[2020.05.02-10.05.56:516][  0]LogConfig: Setting CVar [[r.DOF.Scatter.BackgroundCompositing:2    ; additive background scattering]]
[2020.05.02-10.05.56:516][  0]LogConfig: Setting CVar [[r.DOF.Scatter.EnableBokehSettings:1      ; bokeh simulation when scattering]]
[2020.05.02-10.05.56:516][  0]LogConfig: Setting CVar [[r.DOF.Scatter.MaxSpriteRatio:0.1         ; only a maximum of 10% of scattered bokeh]]
[2020.05.02-10.05.56:516][  0]LogConfig: Setting CVar [[r.DOF.Recombine.Quality:1                ; cheap slight out of focus]]
[2020.05.02-10.05.56:516][  0]LogConfig: Setting CVar [[r.DOF.Recombine.EnableBokehSettings:0    ; no bokeh simulation on slight out of focus]]
[2020.05.02-10.05.56:516][  0]LogConfig: Setting CVar [[r.DOF.TemporalAAQuality:1                ; more stable temporal accumulation]]
[2020.05.02-10.05.56:516][  0]LogConfig: Setting CVar [[r.DOF.Kernel.MaxForegroundRadius:0.025]]
[2020.05.02-10.05.56:516][  0]LogConfig: Setting CVar [[r.DOF.Kernel.MaxBackgroundRadius:0.025]]
[2020.05.02-10.05.56:516][  0]LogConfig: Applying CVar settings from Section [TextureQuality@3] File [D:/A_CLASSES/Unreal/TrabajoUnrealTPS/TrabajoTPS/Saved/Config/Windows/Scalability.ini]
[2020.05.02-10.05.56:516][  0]LogConfig: Setting CVar [[r.Streaming.MipBias:0]]
[2020.05.02-10.05.56:516][  0]LogConfig: Setting CVar [[r.Streaming.AmortizeCPUToGPUCopy:0]]
[2020.05.02-10.05.56:516][  0]LogConfig: Setting CVar [[r.Streaming.MaxNumTexturesToStreamPerFrame:0]]
[2020.05.02-10.05.56:517][  0]LogConfig: Setting CVar [[r.Streaming.Boost:1]]
[2020.05.02-10.05.56:517][  0]LogConfig: Setting CVar [[r.MaxAnisotropy:8]]
[2020.05.02-10.05.56:517][  0]LogConfig: Setting CVar [[r.Streaming.LimitPoolSizeToVRAM:0]]
[2020.05.02-10.05.56:517][  0]LogConfig: Setting CVar [[r.Streaming.PoolSize:1000]]
[2020.05.02-10.05.56:517][  0]LogConfig: Setting CVar [[r.Streaming.MaxEffectiveScreenSize:0]]
[2020.05.02-10.05.56:517][  0]LogConfig: Applying CVar settings from Section [EffectsQuality@3] File [D:/A_CLASSES/Unreal/TrabajoUnrealTPS/TrabajoTPS/Saved/Config/Windows/Scalability.ini]
[2020.05.02-10.05.56:517][  0]LogConfig: Setting CVar [[r.TranslucencyLightingVolumeDim:64]]
[2020.05.02-10.05.56:517][  0]LogConfig: Setting CVar [[r.RefractionQuality:2]]
[2020.05.02-10.05.56:517][  0]LogConfig: Setting CVar [[r.SSR.Quality:3]]
[2020.05.02-10.05.56:517][  0]LogConfig: Setting CVar [[r.SceneColorFormat:4]]
[2020.05.02-10.05.56:517][  0]LogConfig: Setting CVar [[r.DetailMode:2]]
[2020.05.02-10.05.56:517][  0]LogConfig: Setting CVar [[r.TranslucencyVolumeBlur:1]]
[2020.05.02-10.05.56:517][  0]LogConfig: Setting CVar [[r.MaterialQualityLevel:1 ; High quality]]
[2020.05.02-10.05.56:517][  0]LogConfig: Setting CVar [[r.SSS.Scale:1]]
[2020.05.02-10.05.56:517][  0]LogConfig: Setting CVar [[r.SSS.SampleSet:2]]
[2020.05.02-10.05.56:517][  0]LogConfig: Setting CVar [[r.SSS.Quality:1]]
[2020.05.02-10.05.56:517][  0]LogConfig: Setting CVar [[r.SSS.HalfRes:1]]
[2020.05.02-10.05.56:517][  0]LogConfig: Setting CVar [[r.EmitterSpawnRateScale:1.0]]
[2020.05.02-10.05.56:517][  0]LogConfig: Setting CVar [[r.ParticleLightQuality:2]]
[2020.05.02-10.05.56:517][  0]LogConfig: Applying CVar settings from Section [FoliageQuality@3] File [D:/A_CLASSES/Unreal/TrabajoUnrealTPS/TrabajoTPS/Saved/Config/Windows/Scalability.ini]
[2020.05.02-10.05.56:517][  0]LogConfig: Setting CVar [[foliage.DensityScale:1.0]]
[2020.05.02-10.05.56:517][  0]LogConfig: Setting CVar [[grass.DensityScale:1.0]]
[2020.05.02-10.05.56:517][  0]LogConfig: Applying CVar settings from Section [Startup] File [../../../Engine/Config/ConsoleVariables.ini]
[2020.05.02-10.05.56:615][  0]LogConfig: Setting CVar [[net.UseAdaptiveNetUpdateFrequency:0]]
[2020.05.02-10.05.56:615][  0]LogConfig: Setting CVar [[p.chaos.AllowCreatePhysxBodies:1]]
[2020.05.02-10.05.56:615][  0]LogConfig: Applying CVar settings from Section [ConsoleVariables] File [D:/A_CLASSES/Unreal/TrabajoUnrealTPS/TrabajoTPS/Saved/Config/Windows/Engine.ini]
[2020.05.02-10.05.56:642][  0]LogInit: Computer: NARUTORIKUDOMAN
[2020.05.02-10.05.56:642][  0]LogInit: User: joanl
[2020.05.02-10.05.56:642][  0]LogInit: CPU Page size=4096, Cores=6
[2020.05.02-10.05.56:642][  0]LogInit: High frequency timer resolution =10.000000 MHz
[2020.05.02-10.05.56:642][  0]LogMemory: Memory total: Physical=16.0GB (16GB approx)
[2020.05.02-10.05.56:642][  0]LogMemory: Platform Memory Stats for Windows
[2020.05.02-10.05.56:642][  0]LogMemory: Process Physical Memory: 101.48 MB used, 101.48 MB peak
[2020.05.02-10.05.56:642][  0]LogMemory: Process Virtual Memory: 101.71 MB used, 101.71 MB peak
[2020.05.02-10.05.56:642][  0]LogMemory: Physical Memory: 4855.22 MB used,  11479.85 MB free, 16335.07 MB total
[2020.05.02-10.05.56:642][  0]LogMemory: Virtual Memory: 4686.73 MB used,  134213040.00 MB free, 134217728.00 MB total
[2020.05.02-10.05.56:656][  0]LogWindows: WindowsPlatformFeatures enabled
[2020.05.02-10.05.57:400][  0]LogInit: Overriding language with editor language configuration option (en).
[2020.05.02-10.05.57:400][  0]LogInit: Overriding locale with editor culture configuration option ().
[2020.05.02-10.05.57:400][  0]LogInit: Using OS detected locale (es-ES).
[2020.05.02-10.05.58:099][  0]LogInit: Setting process to per monitor DPI aware
[2020.05.02-10.05.58:657][  0]LogSlate: New Slate User Created.  User Index 0, Is Virtual User: 0
[2020.05.02-10.05.58:657][  0]LogSlate: Slate User Registered.  User Index 0, Is Virtual User: 0
[2020.05.02-10.06.01:348][  0]LogHMD: Failed to initialize OpenVR with code 110
[2020.05.02-10.06.01:349][  0]LogD3D11RHI: D3D11 adapters:
[2020.05.02-10.06.01:417][  0]LogD3D11RHI:    0. 'NVIDIA GeForce GTX 1060 6GB' (Feature Level 11_0)
[2020.05.02-10.06.01:417][  0]LogD3D11RHI:       6052/0/8167 MB DedicatedVideo/DedicatedSystem/SharedSystem, Outputs:2, VendorId:0x10de
[2020.05.02-10.06.01:419][  0]LogD3D11RHI:    1. 'Microsoft Basic Render Driver' (Feature Level 11_0)
[2020.05.02-10.06.01:419][  0]LogD3D11RHI:       0/0/8167 MB DedicatedVideo/DedicatedSystem/SharedSystem, Outputs:0, VendorId:0x1414
[2020.05.02-10.06.01:419][  0]LogD3D11RHI: Chosen D3D11 Adapter: 0
[2020.05.02-10.06.01:476][  0]LogD3D11RHI: Creating new Direct3DDevice
[2020.05.02-10.06.01:476][  0]LogD3D11RHI:     GPU DeviceId: 0x1b83 (for the marketing name, search the web for "GPU Device Id")
[2020.05.02-10.06.01:476][  0]LogWindows: EnumDisplayDevices:
[2020.05.02-10.06.01:476][  0]LogWindows:    0. 'NVIDIA GeForce GTX 1060 6GB' (P:0 D:1)
[2020.05.02-10.06.01:476][  0]LogWindows:    1. 'NVIDIA GeForce GTX 1060 6GB' (P:1 D:1)
[2020.05.02-10.06.01:476][  0]LogWindows:    2. 'NVIDIA GeForce GTX 1060 6GB' (P:0 D:0)
[2020.05.02-10.06.01:477][  0]LogWindows:    3. 'NVIDIA GeForce GTX 1060 6GB' (P:0 D:0)
[2020.05.02-10.06.01:477][  0]LogWindows: DebugString: FoundDriverCount:4 
[2020.05.02-10.06.01:477][  0]LogD3D11RHI:     Adapter Name: NVIDIA GeForce GTX 1060 6GB
[2020.05.02-10.06.01:477][  0]LogD3D11RHI:   Driver Version: 445.75 (internal:26.21.14.4575, unified:445.75)
[2020.05.02-10.06.01:477][  0]LogD3D11RHI:      Driver Date: 3-17-2020
[2020.05.02-10.06.01:477][  0]LogRHI: Texture pool is 4236 MB (70% of 6052 MB)
[2020.05.02-10.06.01:533][  0]LogD3D11RHI: Async texture creation enabled
[2020.05.02-10.06.01:641][  0]LogD3D11RHI: GPU Timing Frequency: 1000.000000 (Debug: 2 1)
[2020.05.02-10.06.02:398][  0]LogTemp: Display: Module 'AllDesktopTargetPlatform' loaded TargetPlatform 'AllDesktop'
[2020.05.02-10.06.02:445][  0]LogTemp: Display: Module 'MacClientTargetPlatform' loaded TargetPlatform 'MacClient'
[2020.05.02-10.06.02:467][  0]LogTemp: Display: Module 'MacNoEditorTargetPlatform' loaded TargetPlatform 'MacNoEditor'
[2020.05.02-10.06.02:489][  0]LogTemp: Display: Module 'MacServerTargetPlatform' loaded TargetPlatform 'MacServer'
[2020.05.02-10.06.02:543][  0]LogTemp: Display: Module 'MacTargetPlatform' loaded TargetPlatform 'Mac'
[2020.05.02-10.06.02:648][  0]LogTemp: Display: Module 'WindowsClientTargetPlatform' loaded TargetPlatform 'WindowsClient'
[2020.05.02-10.06.02:679][  0]LogTemp: Display: Module 'WindowsNoEditorTargetPlatform' loaded TargetPlatform 'WindowsNoEditor'
[2020.05.02-10.06.02:707][  0]LogTemp: Display: Module 'WindowsServerTargetPlatform' loaded TargetPlatform 'WindowsServer'
[2020.05.02-10.06.02:726][  0]LogTemp: Display: Module 'WindowsTargetPlatform' loaded TargetPlatform 'Windows'
[2020.05.02-10.06.02:816][  0]LogTemp: Display: Module 'AndroidTargetPlatform' loaded TargetPlatform 'Android'
[2020.05.02-10.06.02:816][  0]LogTemp: Display: Module 'AndroidTargetPlatform' loaded TargetPlatform 'Android_ASTC'
[2020.05.02-10.06.02:816][  0]LogTemp: Display: Module 'AndroidTargetPlatform' loaded TargetPlatform 'Android_ATC'
[2020.05.02-10.06.02:816][  0]LogTemp: Display: Module 'AndroidTargetPlatform' loaded TargetPlatform 'Android_DXT'
[2020.05.02-10.06.02:816][  0]LogTemp: Display: Module 'AndroidTargetPlatform' loaded TargetPlatform 'Android_ETC1'
[2020.05.02-10.06.02:816][  0]LogTemp: Display: Module 'AndroidTargetPlatform' loaded TargetPlatform 'Android_ETC1a'
[2020.05.02-10.06.02:816][  0]LogTemp: Display: Module 'AndroidTargetPlatform' loaded TargetPlatform 'Android_ETC2'
[2020.05.02-10.06.02:816][  0]LogTemp: Display: Module 'AndroidTargetPlatform' loaded TargetPlatform 'Android_PVRTC'
[2020.05.02-10.06.02:816][  0]LogTemp: Display: Module 'AndroidTargetPlatform' loaded TargetPlatform 'AndroidClient'
[2020.05.02-10.06.02:816][  0]LogTemp: Display: Module 'AndroidTargetPlatform' loaded TargetPlatform 'Android_ASTCClient'
[2020.05.02-10.06.02:816][  0]LogTemp: Display: Module 'AndroidTargetPlatform' loaded TargetPlatform 'Android_ATCClient'
[2020.05.02-10.06.02:816][  0]LogTemp: Display: Module 'AndroidTargetPlatform' loaded TargetPlatform 'Android_DXTClient'
[2020.05.02-10.06.02:816][  0]LogTemp: Display: Module 'AndroidTargetPlatform' loaded TargetPlatform 'Android_ETC1Client'
[2020.05.02-10.06.02:816][  0]LogTemp: Display: Module 'AndroidTargetPlatform' loaded TargetPlatform 'Android_ETC1aClient'
[2020.05.02-10.06.02:816][  0]LogTemp: Display: Module 'AndroidTargetPlatform' loaded TargetPlatform 'Android_ETC2Client'
[2020.05.02-10.06.02:816][  0]LogTemp: Display: Module 'AndroidTargetPlatform' loaded TargetPlatform 'Android_PVRTCClient'
[2020.05.02-10.06.02:816][  0]LogTemp: Display: Module 'AndroidTargetPlatform' loaded TargetPlatform 'Android_Multi'
[2020.05.02-10.06.02:816][  0]LogTemp: Display: Module 'AndroidTargetPlatform' loaded TargetPlatform 'Android_MultiClient'
[2020.05.02-10.06.02:858][  0]LogTemp: Display: Module 'HTML5TargetPlatform' loaded TargetPlatform 'HTML5'
[2020.05.02-10.06.03:041][  0]LogTemp: Display: Module 'IOSTargetPlatform' loaded TargetPlatform 'IOSClient'
[2020.05.02-10.06.03:041][  0]LogTemp: Display: Module 'IOSTargetPlatform' loaded TargetPlatform 'IOS'
[2020.05.02-10.06.03:075][  0]LogTemp: Display: Module 'TVOSTargetPlatform' loaded TargetPlatform 'TVOSClient'
[2020.05.02-10.06.03:075][  0]LogTemp: Display: Module 'TVOSTargetPlatform' loaded TargetPlatform 'TVOS'
[2020.05.02-10.06.03:105][  0]LogTemp: Display: Module 'LinuxClientTargetPlatform' loaded TargetPlatform 'LinuxClient'
[2020.05.02-10.06.03:134][  0]LogTemp: Display: Module 'LinuxNoEditorTargetPlatform' loaded TargetPlatform 'LinuxNoEditor'
[2020.05.02-10.06.03:199][  0]LogTemp: Display: Module 'LinuxServerTargetPlatform' loaded TargetPlatform 'LinuxServer'
[2020.05.02-10.06.03:244][  0]LogTemp: Display: Module 'LinuxTargetPlatform' loaded TargetPlatform 'Linux'
[2020.05.02-10.06.03:301][  0]LogTemp: Display: Module 'LuminTargetPlatform' loaded TargetPlatform 'Lumin'
[2020.05.02-10.06.03:301][  0]LogTemp: Display: Module 'LuminTargetPlatform' loaded TargetPlatform 'LuminClient'
[2020.05.02-10.06.03:301][  0]LogTargetPlatformManager: Display: Building Assets For Windows
[2020.05.02-10.06.03:524][  0]LogAudioDebug: Display: Lib vorbis DLL was dynamically loaded.
[2020.05.02-10.06.04:367][  0]LogShaderCompilers: Guid format shader working directory is -14 characters bigger than the processId version (../../../../../A_CLASSES/Unreal/TrabajoUnrealTPS/TrabajoTPS/Intermediate/Shaders/WorkingDirectory/16860/).
[2020.05.02-10.06.04:368][  0]LogShaderCompilers: Cleaned the shader compiler working directory 'C:/Users/joanl/AppData/Local/Temp/UnrealShaderWorkingDir/2C8CF2D945720EA83B2ABAA39FC412BF/'.
[2020.05.02-10.06.04:371][  0]LogXGEController: Cleaning working directory: C:/Users/joanl/AppData/Local/Temp/UnrealXGEWorkingDir/
[2020.05.02-10.06.04:371][  0]LogXGEController: Cannot use XGE Controller as Incredibuild is not installed on this machine.
[2020.05.02-10.06.04:371][  0]LogShaderCompilers: Cannot use XGE Shader Compiler as Incredibuild is not installed on this machine.
[2020.05.02-10.06.04:371][  0]LogShaderCompilers: Display: Using Local Shader Compiler.
[2020.05.02-10.06.07:918][  0]LogDerivedDataCache: Display: Max Cache Size: 512 MB
[2020.05.02-10.06.08:250][  0]LogDerivedDataCache: Loaded boot cache 0.33s 74MB C:/Users/joanl/AppData/Local/UnrealEngine/4.23/DerivedDataCache/Boot.ddc.
[2020.05.02-10.06.08:251][  0]LogDerivedDataCache: Display: Loaded Boot cache: C:/Users/joanl/AppData/Local/UnrealEngine/4.23/DerivedDataCache/Boot.ddc
[2020.05.02-10.06.08:251][  0]LogDerivedDataCache: FDerivedDataBackendGraph:  Pak pak cache file ../../../../../A_CLASSES/Unreal/TrabajoUnrealTPS/TrabajoTPS/DerivedDataCache/DDC.ddp not found, will not use a pak cache.
[2020.05.02-10.06.08:251][  0]LogDerivedDataCache: Unable to find inner node Pak for hierarchical cache Hierarchy.
[2020.05.02-10.06.08:251][  0]LogDerivedDataCache: FDerivedDataBackendGraph:  CompressedPak pak cache file ../../../../../A_CLASSES/Unreal/TrabajoUnrealTPS/TrabajoTPS/DerivedDataCache/Compressed.ddp not found, will not use a pak cache.
[2020.05.02-10.06.08:251][  0]LogDerivedDataCache: Unable to find inner node CompressedPak for hierarchical cache Hierarchy.
[2020.05.02-10.06.08:399][  0]LogDerivedDataCache: Display: Pak cache opened for reading ../../../Engine/DerivedDataCache/Compressed.ddp.
[2020.05.02-10.06.08:399][  0]LogDerivedDataCache: FDerivedDataBackendGraph:  EnterprisePak pak cache file ../../../Enterprise/DerivedDataCache/Compressed.ddp not found, will not use a pak cache.
[2020.05.02-10.06.08:399][  0]LogDerivedDataCache: Unable to find inner node EnterprisePak for hierarchical cache Hierarchy.
[2020.05.02-10.06.08:401][  0]LogDerivedDataCache: Using Local data cache path C:/Users/joanl/AppData/Local/UnrealEngine/Common/DerivedDataCache: Writable
[2020.05.02-10.06.08:401][  0]LogDerivedDataCache: Shared data cache path not found in *engine.ini, will not use an Shared cache.
[2020.05.02-10.06.08:401][  0]LogDerivedDataCache: Unable to find inner node Shared for hierarchical cache Hierarchy.
[2020.05.02-10.06.08:453][  0]LogMaterial: Verifying Global Shaders for PCD3D_SM5
[2020.05.02-10.06.08:517][  0]LogSlate: Using FreeType 2.6.0
[2020.05.02-10.06.08:656][  0]LogSlate: SlateFontServices - WITH_FREETYPE: 1, WITH_HARFBUZZ: 1
[2020.05.02-10.06.09:256][  0]LogAssetRegistry: FAssetRegistry took 0.0046 seconds to start up
[2020.05.02-10.06.14:064][  0]LogInit: Selected Device Profile: [Windows]
[2020.05.02-10.06.16:766][  0]LogMeshReduction: Using QuadricMeshReduction for automatic static mesh reduction
[2020.05.02-10.06.16:766][  0]LogMeshReduction: Using SimplygonMeshReduction for automatic skeletal mesh reduction
[2020.05.02-10.06.16:766][  0]LogMeshReduction: Using ProxyLODMeshReduction for automatic mesh merging
[2020.05.02-10.06.16:766][  0]LogMeshReduction: No distributed automatic mesh merging module available
[2020.05.02-10.06.16:767][  0]LogMeshMerging: No distributed automatic mesh merging module available
[2020.05.02-10.06.17:418][  0]LogNetVersion: TrabajoTPS 1.0.0, NetCL: 8386587, EngineNetVer: 11, GameNetVer: 0 (Checksum: 3956719085)
[2020.05.02-10.06.22:301][  0]LogPackageLocalizationCache: Processed 12 localized package path(s) for 1 prioritized culture(s) in 0.135891 seconds
[2020.05.02-10.06.22:310][  0]LogUObjectArray: 43444 objects as part of root set at end of initial load.
[2020.05.02-10.06.22:310][  0]LogUObjectAllocator: 7548648 out of 0 bytes used by permanent object pool.
[2020.05.02-10.06.22:310][  0]LogUObjectArray: CloseDisregardForGC: 0/0 objects in disregard for GC pool
[2020.05.02-10.06.42:326][  0]LogTcpMessaging: Initializing TcpMessaging bridge
[2020.05.02-10.06.42:409][  0]LogUdpMessaging: Initializing bridge on interface 0.0.0.0:0 to multicast group 230.0.0.1:6666.
[2020.05.02-10.06.44:320][  0]SourceControl: Source control is disabled
[2020.05.02-10.06.44:348][  0]SourceControl: Source control is disabled
[2020.05.02-10.06.44:795][  0]SourceControl: Source control is disabled
[2020.05.02-10.06.44:968][  0]SourceControl: Source control is disabled
[2020.05.02-10.06.47:941][  0]LogAndroidPermission: UAndroidPermissionCallbackProxy::GetInstance
[2020.05.02-10.06.49:659][  0]LogOcInput: OculusInput pre-init called
[2020.05.02-10.06.49:916][  0]LogWindows: Failed to load 'OVRPlugin.dll' (GetLastError=126)
[2020.05.02-10.06.49:916][  0]LogWindows: File 'OVRPlugin.dll' does not exist
[2020.05.02-10.06.51:801][  0]LogEngine: Initializing Engine...
[2020.05.02-10.06.51:823][  0]LogHMD: Failed to initialize OpenVR with code 110
[2020.05.02-10.06.51:943][  0]LogStats: UGameplayTagsManager::InitializeManager -  0.100 s
[2020.05.02-10.06.52:311][  0]LogInit: Initializing FReadOnlyCVARCache
[2020.05.02-10.06.52:625][  0]LogAIModule: Creating AISystem for world Untitled
[2020.05.02-10.06.52:743][  0]LogInit: XAudio2 using 'Headphones (High Definition Audio Device)' : 2 channels at 48 kHz using 16 bits per sample (channel mask 0x3)
[2020.05.02-10.06.52:760][  0]LogInit: FAudioDevice initialized.
[2020.05.02-10.06.52:761][  0]LogNetVersion: Set ProjectVersion to 1.0.0.0. Version Checksum will be recalculated on next use.
[2020.05.02-10.06.52:842][  0]LogDerivedDataCache: Saved boot cache 0.08s 73MB C:/Users/joanl/AppData/Local/UnrealEngine/4.23/DerivedDataCache/Boot.ddc.
[2020.05.02-10.06.52:851][  0]LogInit: Texture streaming: Enabled
[2020.05.02-10.06.53:021][  0]LogEngineSessionManager: EngineSessionManager initialized
[2020.05.02-10.06.53:021][  0]LogEditorSessionSummary: Verbose: Initializing EditorSessionSummaryWriter for editor session tracking
[2020.05.02-10.06.53:025][  0]LogEditorSessionSummary: EditorSessionSummaryWriter initialized
[2020.05.02-10.06.53:393][  0]LogInit: Transaction tracking system initialized
[2020.05.02-10.06.53:914][  0]BlueprintLog: New page: Editor Load
[2020.05.02-10.06.55:099][  0]LocalizationService: Localization service is disabled
[2020.05.02-10.06.56:513][  0]LogFileCache: Scanning file cache for directory 'D:/A_CLASSES/Unreal/TrabajoUnrealTPS/TrabajoTPS/Content/' took 0.01s
[2020.05.02-10.06.56:514][  0]LogCook: Display: Max memory allowance for cook 16384mb min free memory 0mb
[2020.05.02-10.06.56:514][  0]LogCook: Display: Mobile HDR setting 1
[2020.05.02-10.06.58:672][  0]SourceControl: Source control is disabled
[2020.05.02-10.06.58:694][  0]Cmd: MAP LOAD FILE="../../../../../A_CLASSES/Unreal/TrabajoUnrealTPS/TrabajoTPS/Content/ThirdPersonBP/Maps/ThirdPersonExampleMap.umap" TEMPLATE=0 SHOWPROGRESS=1 FEATURELEVEL=3
[2020.05.02-10.06.58:695][  0]LightingResults: New page: Lighting Build
[2020.05.02-10.06.58:738][  0]LogWorld: UWorld::CleanupWorld for Untitled, bSessionEnded=true, bCleanupResources=true
[2020.05.02-10.06.58:806][  0]MapCheck: New page: Map Check
[2020.05.02-10.06.58:807][  0]LightingResults: New page: Lighting Build
[2020.05.02-10.06.59:073][  0]LogUObjectHash: Compacting FUObjectHashTables data took   1.63ms
[2020.05.02-10.07.00:369][  0]LogAIModule: Creating AISystem for world ThirdPersonExampleMap
[2020.05.02-10.07.00:841][  0]LogEditorServer: Finished looking for orphan Actors (0.000 secs)
[2020.05.02-10.07.01:005][  0]LogUObjectHash: Compacting FUObjectHashTables data took   2.16ms
[2020.05.02-10.07.01:005][  0]Cmd: MAP CHECKDEP NOCLEARLOG
[2020.05.02-10.07.01:012][  0]MapCheck: Map check complete: 0 Error(s), 0 Warning(s), took 6,803ms to complete.
[2020.05.02-10.07.01:012][  0]LogFileHelpers: Loading map 'ThirdPersonExampleMap' took 2.323
[2020.05.02-10.07.02:185][  0]LogSlate: Updating window title bar state: overlay mode, drag disabled, window buttons hidden, title bar hidden
[2020.05.02-10.07.02:199][  0]LogSlate: Updating window title bar state: overlay mode, drag disabled, window buttons hidden, title bar hidden
[2020.05.02-10.07.02:206][  0]LogSlate: Updating window title bar state: overlay mode, drag disabled, window buttons hidden, title bar hidden
[2020.05.02-10.07.02:212][  0]LogSlate: Updating window title bar state: overlay mode, drag disabled, window buttons hidden, title bar hidden
[2020.05.02-10.07.02:332][  0]LogCollectionManager: Loaded 0 collections in 0.002273 seconds
[2020.05.02-10.07.02:374][  0]LogFileCache: Scanning file cache for directory 'D:/A_CLASSES/Unreal/TrabajoUnrealTPS/TrabajoTPS/Saved/Collections/' took 0.00s
[2020.05.02-10.07.02:374][  0]LogFileCache: Scanning file cache for directory 'D:/A_CLASSES/Unreal/TrabajoUnrealTPS/TrabajoTPS/Content/Developers/joanl/Collections/' took 0.00s
[2020.05.02-10.07.02:374][  0]LogFileCache: Scanning file cache for directory 'D:/A_CLASSES/Unreal/TrabajoUnrealTPS/TrabajoTPS/Content/Collections/' took 0.00s
[2020.05.02-10.07.02:374][  0]LogCollectionManager: Rebuilt the GUID cache for 0 collections in 0.000001 seconds
[2020.05.02-10.07.02:383][  0]LogContentBrowser: Native class hierarchy populated in 0.0089 seconds. Added 2863 classes and 680 folders.
[2020.05.02-10.07.02:433][  0]LogContentBrowser: Native class hierarchy updated for 'WidgetCarousel' in 0.0002 seconds. Added 0 classes and 0 folders.
[2020.05.02-10.07.03:198][  0]LogContentBrowser: Native class hierarchy updated for 'AddContentDialog' in 0.0002 seconds. Added 0 classes and 0 folders.
[2020.05.02-10.07.03:254][  0]LogContentBrowser: Native class hierarchy updated for 'SceneOutliner' in 0.0003 seconds. Added 1 classes and 2 folders.
[2020.05.02-10.07.03:646][  0]LogSlate: Took 0.025076 seconds to synchronously load lazily loaded font '../../../Engine/Content/Slate/Fonts/Roboto-Regular.ttf' (155K)
[2020.05.02-10.07.03:705][  0]LogSlate: Took 0.038980 seconds to synchronously load lazily loaded font '../../../Engine/Content/Slate/Fonts/Roboto-Bold.ttf' (160K)
[2020.05.02-10.07.03:760][  0]LogSlate: Took 0.028271 seconds to synchronously load lazily loaded font '../../../Engine/Content/Editor/Slate/Fonts/FontAwesome.ttf' (139K)
[2020.05.02-10.07.04:119][  0]LogRenderer: Reallocating scene render targets to support 1208x572 Format 10 NumSamples 1 (Frame:1).
[2020.05.02-10.07.04:560][  0]LogContentBrowser: Native class hierarchy updated for 'HierarchicalLODOutliner' in 0.0002 seconds. Added 0 classes and 0 folders.
[2020.05.02-10.07.04:560][  0]LogLoad: (Engine Initialization) Total time: 81.52 seconds
[2020.05.02-10.07.04:560][  0]LogLoad: (Engine Initialization) Total Blueprint compile time: 0.00 seconds
[2020.05.02-10.07.04:758][  0]LogAssetRegistry: Asset discovery search completed in 55.5033 seconds
[2020.05.02-10.07.04:761][  0]LogCollectionManager: Rebuilt the object cache for 0 collections in 0.000010 seconds (found 0 objects)
[2020.05.02-10.07.04:761][  0]LogCollectionManager: Fixed up redirectors for 0 collections in 0.000049 seconds (updated 0 objects)
[2020.05.02-10.07.04:854][  0]LogContentStreaming: Texture pool size now 1000 MB
[2020.05.02-10.07.04:963][  0]LogSlate: Took 0.071136 seconds to synchronously load lazily loaded font '../../../Engine/Content/Slate/Fonts/Roboto-Light.ttf' (167K)
[2020.05.02-10.07.19:711][676]LogSlate: FSceneViewport::OnFocusLost() reason 0
[2020.05.02-10.07.28:886][764]LogEditorViewport: Clicking on Actor (LMB): ThirdPersonCharacter_C (ThirdPersonCharacter)
[2020.05.02-10.07.31:124][934]LogSlate: FSceneViewport::OnFocusLost() reason 0
[2020.05.02-10.07.33:800][244]LogSlate: Took 0.000205 seconds to synchronously load lazily loaded font '../../../Engine/Content/Slate/Fonts/Roboto-Light.ttf' (167K)
[2020.05.02-10.07.33:808][244]LogAssetEditorManager: Opening Asset editor for Blueprint /Game/ThirdPersonBP/Blueprints/ThirdPersonCharacter.ThirdPersonCharacter
[2020.05.02-10.07.34:331][244]LogContentBrowser: Native class hierarchy updated for 'BlueprintGraph' in 0.0005 seconds. Added 121 classes and 0 folders.
[2020.05.02-10.07.35:721][244]LogSlate: Took 0.022912 seconds to synchronously load lazily loaded font '../../../Engine/Content/Slate/Fonts/Roboto-BoldCondensed.ttf' (158K)
[2020.05.02-10.07.36:121][245]LogSlate: Took 0.005352 seconds to synchronously load lazily loaded font '../../../Engine/Content/Slate/Fonts/Roboto-Italic.ttf' (157K)
[2020.05.02-10.07.52:539][ 87]LogTexture: Display: Building textures: Ch06_1002_Specular (AutoDXT, 2048X2048)
[2020.05.02-10.07.52:539][ 87]LogTexture: Display: Building textures: Ch06_1002_Glossiness (AutoDXT, 2048X2048)
[2020.05.02-10.07.52:539][ 87]LogTexture: Display: Building textures: Ch06_1001_Specular (AutoDXT, 4096X4096)
[2020.05.02-10.07.52:539][ 87]LogTexture: Display: Building textures: Ch06_1002_Diffuse (AutoDXT, 2048X2048)
[2020.05.02-10.07.52:539][ 87]LogTexture: Display: Building textures: Ch06_1002_Normal (BC5, 2048X2048)
[2020.05.02-10.07.52:539][ 87]LogTexture: Display: Building textures: Ch06_1001_Glossiness (AutoDXT, 4096X4096)
[2020.05.02-10.07.52:539][ 87]LogTexture: Display: Building textures: Ch06_1001_Diffuse (AutoDXT, 4096X4096)
[2020.05.02-10.07.52:539][ 87]LogTexture: Display: Building textures: Ch06_1001_Normal (BC5, 4096X4096)
[2020.05.02-10.07.52:539][ 87]LogMaterial: Display: Missing cached shader map for material Ch06_eyelashes, compiling. 
[2020.05.02-10.07.52:719][ 87]LogMaterial: Display: Missing cached shader map for material Ch06_body1, compiling. 
[2020.05.02-10.07.52:771][ 87]LogShaderCompilers: Display: Worker (1/9): shaders left to compile 114
[2020.05.02-10.07.52:771][ 87]LogShaderCompilers: Display: Worker (2/9): shaders left to compile 104
[2020.05.02-10.07.52:771][ 87]LogShaderCompilers: Display: Worker (3/9): shaders left to compile 94
[2020.05.02-10.07.52:771][ 87]LogShaderCompilers: Display: Worker (4/9): shaders left to compile 84
[2020.05.02-10.07.52:771][ 87]LogShaderCompilers: Display: Worker (5/9): shaders left to compile 74
[2020.05.02-10.07.52:771][ 87]LogShaderCompilers: Display: Worker (6/9): shaders left to compile 64
[2020.05.02-10.07.52:771][ 87]LogShaderCompilers: Display: Worker (7/9): shaders left to compile 54
[2020.05.02-10.07.52:771][ 87]LogShaderCompilers: Display: Worker (8/9): shaders left to compile 44
[2020.05.02-10.07.52:771][ 87]LogMaterial: Display: Missing cached shader map for material Ch06_body, compiling. 
[2020.05.02-10.07.52:804][ 87]LogSkeletalMesh: Building Skeletal Mesh Ch06_nonPBR...
[2020.05.02-10.07.52:893][ 87]LogSkeletalMesh: Built Skeletal Mesh [0.09s] /Game/ThirdPersonBP/Player/Ch06_nonPBR.Ch06_nonPBR
[2020.05.02-10.07.53:052][ 87]LogAnimation: Warning: AnimBP ThirdPerson_AnimBP_C is incompatible with skeleton Ch06_nonPBR_Skeleton, removing AnimBP from actor.
[2020.05.02-10.07.53:060][ 87]LogAnimation: Warning: AnimBP ThirdPerson_AnimBP_C is incompatible with skeleton Ch06_nonPBR_Skeleton, removing AnimBP from actor.
[2020.05.02-10.07.53:061][ 87]LogAnimation: Warning: AnimBP ThirdPerson_AnimBP_C is incompatible with skeleton Ch06_nonPBR_Skeleton, removing AnimBP from actor.
[2020.05.02-10.07.53:061][ 87]LogAnimation: Warning: AnimBP ThirdPerson_AnimBP_C is incompatible with skeleton Ch06_nonPBR_Skeleton, removing AnimBP from actor.
[2020.05.02-10.07.56:283][236]LogShaderCompilers: Display: Worker (5/9): shaders left to compile 154
[2020.05.02-10.07.56:283][236]LogShaderCompilers: Display: Worker (1/9): shaders left to compile 144
[2020.05.02-10.07.58:043][305]LogShaderCompilers: Display: Worker (8/9): shaders left to compile 134
[2020.05.02-10.07.59:477][353]LogShaderCompilers: Display: Worker (2/9): shaders left to compile 124
[2020.05.02-10.07.59:570][356]LogShaderCompilers: Display: Worker (7/9): shaders left to compile 114
[2020.05.02-10.07.59:645][358]LogShaderCompilers: Display: Worker (4/9): shaders left to compile 104
[2020.05.02-10.07.59:695][360]LogShaderCompilers: Display: Worker (6/9): shaders left to compile 94
[2020.05.02-10.07.59:718][361]LogShaderCompilers: Display: Worker (5/9): shaders left to compile 84
[2020.05.02-10.08.00:180][375]LogSlate: FSceneViewport::OnFocusLost() reason 0
[2020.05.02-10.08.00:310][381]LogShaderCompilers: Display: Worker (3/9): shaders left to compile 74
[2020.05.02-10.08.01:620][424]LogShaderCompilers: Display: Worker (1/9): shaders left to compile 64
[2020.05.02-10.08.02:702][464]LogShaderCompilers: Display: Worker (5/9): shaders left to compile 55
[2020.05.02-10.08.02:889][472]LogShaderCompilers: Display: Worker (2/9): shaders left to compile 48
[2020.05.02-10.08.03:401][495]LogShaderCompilers: Display: Worker (4/9): shaders left to compile 41
[2020.05.02-10.08.03:728][509]LogShaderCompilers: Display: Worker (8/9): shaders left to compile 35
[2020.05.02-10.08.03:763][510]LogShaderCompilers: Display: Worker (6/9): shaders left to compile 30
[2020.05.02-10.08.04:044][519]LogShaderCompilers: Display: Worker (7/9): shaders left to compile 26
[2020.05.02-10.08.04:108][522]LogShaderCompilers: Display: Worker (3/9): shaders left to compile 22
[2020.05.02-10.08.04:352][533]LogShaderCompilers: Display: Worker (1/9): shaders left to compile 19
[2020.05.02-10.08.04:585][543]LogEditorSessionSummary: EditorSessionSummary sent report. Type=Shutdown, SessionId={08A62BB6-44B5-76D4-3980-519D753181BA}
[2020.05.02-10.08.05:049][560]LogShaderCompilers: Display: Worker (3/9): shaders left to compile 16
[2020.05.02-10.08.05:071][561]LogShaderCompilers: Display: Worker (1/9): shaders left to compile 13
[2020.05.02-10.08.05:163][565]LogShaderCompilers: Display: Worker (5/9): shaders left to compile 11
[2020.05.02-10.08.05:223][568]LogShaderCompilers: Display: Worker (4/9): shaders left to compile 9
[2020.05.02-10.08.05:263][570]LogShaderCompilers: Display: Worker (6/9): shaders left to compile 7
[2020.05.02-10.08.05:368][575]LogShaderCompilers: Display: Worker (8/9): shaders left to compile 6
[2020.05.02-10.08.05:654][587]LogShaderCompilers: Display: Worker (7/9): shaders left to compile 5
[2020.05.02-10.08.05:719][590]LogShaderCompilers: Display: Worker (3/9): shaders left to compile 4
[2020.05.02-10.08.05:762][592]LogShaderCompilers: Display: Worker (6/9): shaders left to compile 3
[2020.05.02-10.08.05:865][597]LogShaderCompilers: Display: Worker (5/9): shaders left to compile 2
[2020.05.02-10.08.06:029][601]LogShaderCompilers: Display: Worker (1/9): shaders left to compile 1
[2020.05.02-10.08.23:753][ 67]LogSlate: FSceneViewport::OnFocusLost() reason 0
[2020.05.02-10.08.24:133][ 78]LogSavePackage: Moving '../../../../../A_CLASSES/Unreal/TrabajoUnrealTPS/TrabajoTPS/Saved/ThirdPersonCharacter0959252148A2F26DCFBDB8BBF371391A.tmp' to '../../../../../A_CLASSES/Unreal/TrabajoUnrealTPS/TrabajoTPS/Content/ThirdPersonBP/Blueprints/ThirdPersonCharacter.uasset'
[2020.05.02-10.08.32:477][788]LogSlate: FSceneViewport::OnFocusLost() reason 0
[2020.05.02-10.08.32:592][795]LogSavePackage: Moving '../../../../../A_CLASSES/Unreal/TrabajoUnrealTPS/TrabajoTPS/Saved/ThirdPersonCharacter106293C640C378609A8DE5A81C3C5407.tmp' to '../../../../../A_CLASSES/Unreal/TrabajoUnrealTPS/TrabajoTPS/Content/ThirdPersonBP/Blueprints/ThirdPersonCharacter.uasset'
[2020.05.02-10.09.28:091][945]LogSlate: Window 'ThirdPersonCharacter' being destroyed
[2020.05.02-10.09.28:095][945]LogSlate: Window 'ThirdPersonCharacter' being destroyed
[2020.05.02-10.09.28:206][945]LogWorld: UWorld::CleanupWorld for World_3, bSessionEnded=true, bCleanupResources=true
[2020.05.02-10.09.32:438][416]LogUObjectHash: Compacting FUObjectHashTables data took   3.60ms
[2020.05.02-10.09.32:814][416]LogSavePackage: Moving '../../../../../A_CLASSES/Unreal/TrabajoUnrealTPS/TrabajoTPS/Saved/ThirdPersonExampleMap2B996649422DF1F1DD6888ADE631F282.tmp' to '../../../../../A_CLASSES/Unreal/TrabajoUnrealTPS/TrabajoTPS/Content/ThirdPersonBP/Maps/ThirdPersonExampleMap.umap'
[2020.05.02-10.09.33:106][416]LogSavePackage: Moving '../../../../../A_CLASSES/Unreal/TrabajoUnrealTPS/TrabajoTPS/Saved/ThirdPersonExampleMap_BuiltDataCCC816084457FDFDA4799FA00C008077.tmp' to '../../../../../A_CLASSES/Unreal/TrabajoUnrealTPS/TrabajoTPS/Content/ThirdPersonBP/Maps/ThirdPersonExampleMap_BuiltData.uasset'
[2020.05.02-10.09.33:532][464]LogTemp: Repeating last play command: Selected Viewport
[2020.05.02-10.09.33:561][464]LogBlueprintUserMessages: Early PlayInEditor Detection: Level '/Game/ThirdPersonBP/Maps/ThirdPersonExampleMap.ThirdPersonExampleMap:PersistentLevel' has LevelScriptBlueprint '/Game/ThirdPersonBP/Maps/ThirdPersonExampleMap.ThirdPersonExampleMap:PersistentLevel.ThirdPersonExampleMap' with GeneratedClass '/Game/ThirdPersonBP/Maps/ThirdPersonExampleMap.ThirdPersonExampleMap_C' with ClassGeneratedBy '/Game/ThirdPersonBP/Maps/ThirdPersonExampleMap.ThirdPersonExampleMap:PersistentLevel.ThirdPersonExampleMap'
[2020.05.02-10.09.33:561][464]BlueprintLog: New page: Pre-Play auto-recompile
[2020.05.02-10.09.33:562][464]LogPlayLevel: [PlayLevel] Compiling ThirdPersonCharacter before play...
[2020.05.02-10.09.33:860][464]LogUObjectHash: Compacting FUObjectHashTables data took   3.45ms
[2020.05.02-10.09.33:860][464]LogPlayLevel: PlayLevel: Blueprint regeneration took 299 ms (1 blueprints)
[2020.05.02-10.09.33:879][464]PIE: New page: PIE session: ThirdPersonExampleMap (2/5/2020 14:09:33)
[2020.05.02-10.09.33:900][464]LogOnline: OSS: Creating online subsystem instance for: NULL
[2020.05.02-10.09.33:906][464]LogPlayLevel: Creating play world package: /Game/ThirdPersonBP/Maps/UEDPIE_0_ThirdPersonExampleMap
[2020.05.02-10.09.33:914][464]LogPlayLevel: PIE: StaticDuplicateObject took: (0.007608s)
[2020.05.02-10.09.33:915][464]LogAIModule: Creating AISystem for world ThirdPersonExampleMap
[2020.05.02-10.09.33:915][464]LogPlayLevel: PIE: World Init took: (0.000988s)
[2020.05.02-10.09.33:915][464]LogPlayLevel: PIE: Created PIE world by copying editor world from /Game/ThirdPersonBP/Maps/ThirdPersonExampleMap.ThirdPersonExampleMap to /Game/ThirdPersonBP/Maps/UEDPIE_0_ThirdPersonExampleMap.ThirdPersonExampleMap (0.008857s)
[2020.05.02-10.09.33:954][464]LogUObjectHash: Compacting FUObjectHashTables data took   2.48ms
[2020.05.02-10.09.34:041][464]LogInit: XAudio2 using 'Headphones (High Definition Audio Device)' : 2 channels at 48 kHz using 16 bits per sample (channel mask 0x3)
[2020.05.02-10.09.34:061][464]LogInit: FAudioDevice initialized.
[2020.05.02-10.09.34:072][464]LogLoad: Game class is 'ThirdPersonGameMode_C'
[2020.05.02-10.09.34:092][464]LogWorld: Bringing World /Game/ThirdPersonBP/Maps/UEDPIE_0_ThirdPersonExampleMap.ThirdPersonExampleMap up for play (max tick rate 0) at 2020.05.02-12.09.34
[2020.05.02-10.09.34:093][464]LogWorld: Bringing up level for play took: 0.001828
[2020.05.02-10.09.34:093][464]LogOnline: OSS: Creating online subsystem instance for: :Context_5
[2020.05.02-10.09.34:314][464]LogContentBrowser: Native class hierarchy updated for 'MovieSceneCapture' in 0.0003 seconds. Added 20 classes and 0 folders.
[2020.05.02-10.09.34:314][464]PIE: Play in editor start time for /Game/ThirdPersonBP/Maps/UEDPIE_0_ThirdPersonExampleMap 0,293
[2020.05.02-10.09.34:314][464]LogBlueprintUserMessages: Late PlayInEditor Detection: Level '/Game/ThirdPersonBP/Maps/ThirdPersonExampleMap.ThirdPersonExampleMap:PersistentLevel' has LevelScriptBlueprint '/Game/ThirdPersonBP/Maps/ThirdPersonExampleMap.ThirdPersonExampleMap:PersistentLevel.ThirdPersonExampleMap' with GeneratedClass '/Game/ThirdPersonBP/Maps/ThirdPersonExampleMap.ThirdPersonExampleMap_C' with ClassGeneratedBy '/Game/ThirdPersonBP/Maps/ThirdPersonExampleMap.ThirdPersonExampleMap:PersistentLevel.ThirdPersonExampleMap'
[2020.05.02-10.09.45:519][766]LogBlueprintUserMessages: Early EndPlayMap Detection: Level '/Game/ThirdPersonBP/Maps/ThirdPersonExampleMap.ThirdPersonExampleMap:PersistentLevel' has LevelScriptBlueprint '/Game/ThirdPersonBP/Maps/ThirdPersonExampleMap.ThirdPersonExampleMap:PersistentLevel.ThirdPersonExampleMap' with GeneratedClass '/Game/ThirdPersonBP/Maps/ThirdPersonExampleMap.ThirdPersonExampleMap_C' with ClassGeneratedBy '/Game/ThirdPersonBP/Maps/ThirdPersonExampleMap.ThirdPersonExampleMap:PersistentLevel.ThirdPersonExampleMap'
[2020.05.02-10.09.45:619][766]LogSlate: Updating window title bar state: overlay mode, drag disabled, window buttons hidden, title bar hidden
[2020.05.02-10.09.45:619][766]LogWorld: BeginTearingDown for /Game/ThirdPersonBP/Maps/UEDPIE_0_ThirdPersonExampleMap
[2020.05.02-10.09.45:619][766]LogWorld: UWorld::CleanupWorld for ThirdPersonExampleMap, bSessionEnded=true, bCleanupResources=true
[2020.05.02-10.09.45:649][766]LogPlayLevel: Display: Shutting down PIE online subsystems
[2020.05.02-10.09.45:649][766]LogBlueprintUserMessages: Late EndPlayMap Detection: Level '/Game/ThirdPersonBP/Maps/ThirdPersonExampleMap.ThirdPersonExampleMap:PersistentLevel' has LevelScriptBlueprint '/Game/ThirdPersonBP/Maps/ThirdPersonExampleMap.ThirdPersonExampleMap:PersistentLevel.ThirdPersonExampleMap' with GeneratedClass '/Game/ThirdPersonBP/Maps/ThirdPersonExampleMap.ThirdPersonExampleMap_C' with ClassGeneratedBy '/Game/ThirdPersonBP/Maps/ThirdPersonExampleMap.ThirdPersonExampleMap:PersistentLevel.ThirdPersonExampleMap'
[2020.05.02-10.09.45:740][766]LogSlate: Updating window title bar state: overlay mode, drag disabled, window buttons hidden, title bar hidden
[2020.05.02-10.09.45:786][766]LogUObjectHash: Compacting FUObjectHashTables data took   3.95ms
[2020.05.02-10.09.45:802][767]LogPlayLevel: Display: Destroying online subsystem :Context_5
[2020.05.02-10.09.46:409][839]LogSlate: FSceneViewport::OnFocusLost() reason 5
[2020.05.02-10.09.47:695][985]LogUObjectHash: Compacting FUObjectHashTables data took   2.55ms
[2020.05.02-10.09.47:701][985]LogSlate: FSceneViewport::OnFocusLost() reason 5
[2020.05.02-10.09.47:740][985]LogUObjectHash: Compacting FUObjectHashTables data took   0.89ms
[2020.05.02-10.09.47:937][985]LogSavePackage: Moving '../../../../../A_CLASSES/Unreal/TrabajoUnrealTPS/TrabajoTPS/Saved/ThirdPersonExampleMap42D71ED1446BD3AEA46B9482BAA23EA1.tmp' to '../../../../../A_CLASSES/Unreal/TrabajoUnrealTPS/TrabajoTPS/Content/ThirdPersonBP/Maps/ThirdPersonExampleMap.umap'
[2020.05.02-10.09.47:966][985]LogFileHelpers: Saving map 'ThirdPersonExampleMap' took 0.258
[2020.05.02-10.16.53:056][896]LogSlate: FSceneViewport::OnFocusLost() reason 0
[2020.05.02-10.16.53:141][899]LogTemp: Repeating last play command: Selected Viewport
[2020.05.02-10.16.53:163][899]LogBlueprintUserMessages: Early PlayInEditor Detection: Level '/Game/ThirdPersonBP/Maps/ThirdPersonExampleMap.ThirdPersonExampleMap:PersistentLevel' has LevelScriptBlueprint '/Game/ThirdPersonBP/Maps/ThirdPersonExampleMap.ThirdPersonExampleMap:PersistentLevel.ThirdPersonExampleMap' with GeneratedClass '/Game/ThirdPersonBP/Maps/ThirdPersonExampleMap.ThirdPersonExampleMap_C' with ClassGeneratedBy '/Game/ThirdPersonBP/Maps/ThirdPersonExampleMap.ThirdPersonExampleMap:PersistentLevel.ThirdPersonExampleMap'
[2020.05.02-10.16.53:163][899]LogPlayLevel: PlayLevel: No blueprints needed recompiling
[2020.05.02-10.16.53:163][899]PIE: New page: PIE session: ThirdPersonExampleMap (2/5/2020 14:16:53)
[2020.05.02-10.16.53:163][899]LogPlayLevel: Creating play world package: /Game/ThirdPersonBP/Maps/UEDPIE_0_ThirdPersonExampleMap
[2020.05.02-10.16.53:174][899]LogPlayLevel: PIE: StaticDuplicateObject took: (0.011287s)
[2020.05.02-10.16.53:176][899]LogAIModule: Creating AISystem for world ThirdPersonExampleMap
[2020.05.02-10.16.53:177][899]LogPlayLevel: PIE: World Init took: (0.001661s)
[2020.05.02-10.16.53:177][899]LogPlayLevel: PIE: Created PIE world by copying editor world from /Game/ThirdPersonBP/Maps/ThirdPersonExampleMap.ThirdPersonExampleMap to /Game/ThirdPersonBP/Maps/UEDPIE_0_ThirdPersonExampleMap.ThirdPersonExampleMap (0.013164s)
[2020.05.02-10.16.53:226][899]LogUObjectHash: Compacting FUObjectHashTables data took   4.04ms
[2020.05.02-10.16.53:245][899]LogInit: XAudio2 using 'Headphones (High Definition Audio Device)' : 2 channels at 48 kHz using 16 bits per sample (channel mask 0x3)
[2020.05.02-10.16.53:258][899]LogInit: FAudioDevice initialized.
[2020.05.02-10.16.53:263][899]LogLoad: Game class is 'ThirdPersonGameMode_C'
[2020.05.02-10.16.53:264][899]LogWorld: Bringing World /Game/ThirdPersonBP/Maps/UEDPIE_0_ThirdPersonExampleMap.ThirdPersonExampleMap up for play (max tick rate 0) at 2020.05.02-12.16.53
[2020.05.02-10.16.53:265][899]LogWorld: Bringing up level for play took: 0.001286
[2020.05.02-10.16.53:265][899]LogOnline: OSS: Creating online subsystem instance for: :Context_6
[2020.05.02-10.16.53:266][899]PIE: Play in editor start time for /Game/ThirdPersonBP/Maps/UEDPIE_0_ThirdPersonExampleMap -0,755
[2020.05.02-10.16.53:267][899]LogBlueprintUserMessages: Late PlayInEditor Detection: Level '/Game/ThirdPersonBP/Maps/ThirdPersonExampleMap.ThirdPersonExampleMap:PersistentLevel' has LevelScriptBlueprint '/Game/ThirdPersonBP/Maps/ThirdPersonExampleMap.ThirdPersonExampleMap:PersistentLevel.ThirdPersonExampleMap' with GeneratedClass '/Game/ThirdPersonBP/Maps/ThirdPersonExampleMap.ThirdPersonExampleMap_C' with ClassGeneratedBy '/Game/ThirdPersonBP/Maps/ThirdPersonExampleMap.ThirdPersonExampleMap:PersistentLevel.ThirdPersonExampleMap'
[2020.05.02-10.17.32:708][623]LogBlueprintUserMessages: Early EndPlayMap Detection: Level '/Game/ThirdPersonBP/Maps/ThirdPersonExampleMap.ThirdPersonExampleMap:PersistentLevel' has LevelScriptBlueprint '/Game/ThirdPersonBP/Maps/ThirdPersonExampleMap.ThirdPersonExampleMap:PersistentLevel.ThirdPersonExampleMap' with GeneratedClass '/Game/ThirdPersonBP/Maps/ThirdPersonExampleMap.ThirdPersonExampleMap_C' with ClassGeneratedBy '/Game/ThirdPersonBP/Maps/ThirdPersonExampleMap.ThirdPersonExampleMap:PersistentLevel.ThirdPersonExampleMap'
[2020.05.02-10.17.32:708][623]LogSlate: Updating window title bar state: overlay mode, drag disabled, window buttons hidden, title bar hidden
[2020.05.02-10.17.32:708][623]LogWorld: BeginTearingDown for /Game/ThirdPersonBP/Maps/UEDPIE_0_ThirdPersonExampleMap
[2020.05.02-10.17.32:708][623]LogWorld: UWorld::CleanupWorld for ThirdPersonExampleMap, bSessionEnded=true, bCleanupResources=true
[2020.05.02-10.17.32:717][623]LogPlayLevel: Display: Shutting down PIE online subsystems
[2020.05.02-10.17.32:717][623]LogBlueprintUserMessages: Late EndPlayMap Detection: Level '/Game/ThirdPersonBP/Maps/ThirdPersonExampleMap.ThirdPersonExampleMap:PersistentLevel' has LevelScriptBlueprint '/Game/ThirdPersonBP/Maps/ThirdPersonExampleMap.ThirdPersonExampleMap:PersistentLevel.ThirdPersonExampleMap' with GeneratedClass '/Game/ThirdPersonBP/Maps/ThirdPersonExampleMap.ThirdPersonExampleMap_C' with ClassGeneratedBy '/Game/ThirdPersonBP/Maps/ThirdPersonExampleMap.ThirdPersonExampleMap:PersistentLevel.ThirdPersonExampleMap'
[2020.05.02-10.17.32:751][623]LogSlate: Updating window title bar state: overlay mode, drag disabled, window buttons hidden, title bar hidden
[2020.05.02-10.17.32:754][623]LogUObjectHash: Compacting FUObjectHashTables data took   2.59ms
[2020.05.02-10.17.32:810][627]LogPlayLevel: Display: Destroying online subsystem :Context_6
[2020.05.02-10.17.33:938][762]LogSlate: FSceneViewport::OnFocusLost() reason 0
[2020.05.02-10.23.11:474][251]LogSlate: FSceneViewport::OnFocusLost() reason 0
[2020.05.02-10.23.39:111][493]LogContentBrowser: Verbose: The majority of assets in the view are of type: Skeleton
[2020.05.02-10.23.45:148][493]LogSlate: Window 'Create Animation Blueprint' being destroyed
[2020.05.02-10.24.01:865][446]LogContentBrowser: Verbose: The majority of assets in the view are of type: Skeleton
[2020.05.02-10.25.48:988][446]LogSlate: Window 'Create Animation Blueprint' being destroyed
[2020.05.02-10.25.56:831][970]LogSlate: FSceneViewport::OnFocusLost() reason 2
[2020.05.02-10.26.05:991][ 30]LogSlate: FSceneViewport::OnFocusLost() reason 0
[2020.05.02-10.26.18:783][526]LogUObjectHash: Compacting FUObjectHashTables data took   2.98ms
[2020.05.02-10.26.18:784][526]LogMetaData: Removing '/Game/ThirdPersonBP/Blueprints/PlayerAnim_BP.PlayerAnim_BP:AnimGraph.AnimGraphNode_Root_0' ref from Metadata '/Game/ThirdPersonBP/Blueprints/NewAnimBlueprint.PackageMetaData'
[2020.05.02-10.26.18:784][526]LogMetaData: Removing '/Game/ThirdPersonBP/Blueprints/PlayerAnim_BP.SKEL_PlayerAnim_BP_C' ref from Metadata '/Game/ThirdPersonBP/Blueprints/NewAnimBlueprint.PackageMetaData'
[2020.05.02-10.26.18:784][526]LogMetaData: Removing '/Game/ThirdPersonBP/Blueprints/PlayerAnim_BP.PlayerAnim_BP_C' ref from Metadata '/Game/ThirdPersonBP/Blueprints/NewAnimBlueprint.PackageMetaData'
[2020.05.02-10.26.18:784][526]LogMetaData: Removing '/Game/ThirdPersonBP/Blueprints/PlayerAnim_BP.PlayerAnim_BP:EventGraph.K2Node_Event_0' ref from Metadata '/Game/ThirdPersonBP/Blueprints/NewAnimBlueprint.PackageMetaData'
[2020.05.02-10.26.18:784][526]LogMetaData: Removing '/Game/ThirdPersonBP/Blueprints/PlayerAnim_BP.PlayerAnim_BP:EventGraph.K2Node_CallFunction_0' ref from Metadata '/Game/ThirdPersonBP/Blueprints/NewAnimBlueprint.PackageMetaData'
[2020.05.02-10.26.18:836][526]LogSavePackage: Moving '../../../../../A_CLASSES/Unreal/TrabajoUnrealTPS/TrabajoTPS/Saved/PlayerAnim_BP6643D8F44CABA1047579CA950649F16F.tmp' to '../../../../../A_CLASSES/Unreal/TrabajoUnrealTPS/TrabajoTPS/Content/ThirdPersonBP/Blueprints/PlayerAnim_BP.uasset'
[2020.05.02-10.26.18:997][526]LogUObjectHash: Compacting FUObjectHashTables data took   3.01ms
[2020.05.02-10.26.19:038][526]LogUObjectHash: Compacting FUObjectHashTables data took   2.47ms
[2020.05.02-10.26.19:074][526]LogUObjectHash: Compacting FUObjectHashTables data took   1.01ms
[2020.05.02-10.26.22:857][930]LogAssetEditorManager: Opening Asset editor for AnimBlueprint /Game/ThirdPersonBP/Blueprints/PlayerAnim_BP.PlayerAnim_BP
[2020.05.02-10.26.22:970][930]LogContentBrowser: Native class hierarchy updated for 'SkeletonEditor' in 0.0003 seconds. Added 1 classes and 2 folders.
[2020.05.02-10.26.23:345][930]LogActorComponent: RegisterComponentWithWorld: (/Engine/Transient.World_8:PersistentLevel.AnimationEditorPreviewActor_0.DebugSkelMeshComponent_0) Already registered. Aborting.
[2020.05.02-10.26.23:356][930]LogContentBrowser: Native class hierarchy updated for 'PinnedCommandList' in 0.0002 seconds. Added 1 classes and 0 folders.
[2020.05.02-10.26.23:860][930]LogSkeletalMesh: USkeletalMeshComponent::InitArticulated : Bodies already created (/Engine/Transient.World_8:PersistentLevel.AnimationEditorPreviewActor_0.DebugSkelMeshComponent_0) - call TermArticulated first.
[2020.05.02-10.26.36:914][188]LogAssetEditorManager: Opening Asset editor for PhysicsAsset /Game/ThirdPersonBP/Player/Ch06_nonPBR_PhysicsAsset.Ch06_nonPBR_PhysicsAsset
[2020.05.02-10.26.37:079][188]LogContentBrowser: Native class hierarchy updated for 'PhysicsAssetEditor' in 0.0003 seconds. Added 7 classes and 3 folders.
[2020.05.02-10.26.37:116][188]LogActorComponent: RegisterComponentWithWorld: (/Engine/Transient.World_10:PersistentLevel.AnimationEditorPreviewActor_0.PhysicsAssetEditorSkeletalMeshComponent_0) Already registered. Aborting.
[2020.05.02-10.26.37:750][189]LogRenderer: Reallocating scene render targets to support 1208x884 Format 10 NumSamples 1 (Frame:1).
[2020.05.02-10.26.44:069][754]LogWorld: UWorld::CleanupWorld for World_10, bSessionEnded=true, bCleanupResources=true
[2020.05.02-10.26.45:437][868]LogSlate: Window 'PlayerAnim_BP' being destroyed
[2020.05.02-10.26.45:441][868]LogSlate: Window 'PlayerAnim_BP' being destroyed
[2020.05.02-10.26.45:477][868]LogWorld: UWorld::CleanupWorld for World_8, bSessionEnded=true, bCleanupResources=true
[2020.05.02-10.26.45:483][868]LogWorld: UWorld::CleanupWorld for World_7, bSessionEnded=true, bCleanupResources=true
[2020.05.02-10.26.45:609][868]LogWorld: UWorld::CleanupWorld for World_9, bSessionEnded=true, bCleanupResources=true
[2020.05.02-10.27.24:414][898]LogSlate: Window 'Pick Skeleton' being destroyed
[2020.05.02-10.30.27:779][623]LogUObjectHash: Compacting FUObjectHashTables data took   5.95ms
[2020.05.02-10.30.27:779][623]LogFileHelpers: Editor autosave (incl. sublevels) for '/Game/ThirdPersonBP/Maps/ThirdPersonExampleMap' took 0.166
[2020.05.02-10.30.27:781][623]OBJ SavePackage: Generating thumbnails for [1] asset(s) in package [/Game/ThirdPersonBP/Blueprints/WalkAnim_BS] ([1] browsable assets)...
[2020.05.02-10.30.27:803][623]OBJ SavePackage:     Rendered thumbnail for [BlendSpace /Game/ThirdPersonBP/Blueprints/WalkAnim_BS.WalkAnim_BS]
[2020.05.02-10.30.27:803][623]OBJ SavePackage: Finished generating thumbnails for package [/Game/ThirdPersonBP/Blueprints/WalkAnim_BS]
[2020.05.02-10.30.27:821][623]LogSavePackage: Moving '../../../../../A_CLASSES/Unreal/TrabajoUnrealTPS/TrabajoTPS/Saved/WalkAnim_BS_Auto1A353B37C41C97F0DE6484C85C59A7B2C.tmp' to '../../../../../A_CLASSES/Unreal/TrabajoUnrealTPS/TrabajoTPS/Saved/Autosaves/Game/ThirdPersonBP/Blueprints/WalkAnim_BS_Auto1.uasset'
[2020.05.02-10.30.27:822][623]LogFileHelpers: Auto-saving content packages took 0.041
[2020.05.02-10.31.34:967][975]LogSlate: FSceneViewport::OnFocusLost() reason 0
[2020.05.02-10.31.35:354][  6]LogAssetEditorManager: Opening Asset editor for Blueprint /Game/ThirdPersonBP/Blueprints/ThirdPersonCharacter.ThirdPersonCharacter
[2020.05.02-10.31.45:490][682]LogRenderer: Reallocating scene render targets to support 1208x900 Format 10 NumSamples 1 (Frame:1).
[2020.05.02-10.40.14:255][ 99]LogSlate: FSceneViewport::OnFocusLost() reason 0
[2020.05.02-10.40.24:279][127]LogSlate: FSceneViewport::OnFocusLost() reason 0
[2020.05.02-10.40.34:176][881]LogEditorTransaction: Undo Add Variable
[2020.05.02-10.40.42:255][529]LogSlate: Took 0.020587 seconds to synchronously load lazily loaded font '../../../Engine/Content/Slate/Fonts/Roboto-BoldCondensedItalic.ttf' (160K)
[2020.05.02-10.41.31:737][676]LogUObjectHash: Compacting FUObjectHashTables data took   5.34ms
[2020.05.02-10.41.31:985][676]LogSavePackage: Moving '../../../../../A_CLASSES/Unreal/TrabajoUnrealTPS/TrabajoTPS/Saved/ThirdPersonExampleMap_Auto242A308694C3158B7D8AB2CAA5138D9CF.tmp' to '../../../../../A_CLASSES/Unreal/TrabajoUnrealTPS/TrabajoTPS/Saved/Autosaves/Game/ThirdPersonBP/Maps/ThirdPersonExampleMap_Auto2.umap'
[2020.05.02-10.41.31:992][676]LogFileHelpers: Editor autosave (incl. sublevels) for '/Game/ThirdPersonBP/Maps/ThirdPersonExampleMap' took 0.346
[2020.05.02-10.41.31:992][676]LogFileHelpers: Editor autosave (incl. sublevels) for all levels took 0.346
[2020.05.02-10.41.31:993][676]OBJ SavePackage: Generating thumbnails for [1] asset(s) in package [/Game/ThirdPersonBP/Blueprints/ThirdPersonCharacter] ([1] browsable assets)...
[2020.05.02-10.41.32:004][676]OBJ SavePackage:     Rendered thumbnail for [Blueprint /Game/ThirdPersonBP/Blueprints/ThirdPersonCharacter.ThirdPersonCharacter]
[2020.05.02-10.41.32:004][676]OBJ SavePackage: Finished generating thumbnails for package [/Game/ThirdPersonBP/Blueprints/ThirdPersonCharacter]
[2020.05.02-10.41.32:056][676]LogSavePackage: Moving '../../../../../A_CLASSES/Unreal/TrabajoUnrealTPS/TrabajoTPS/Saved/ThirdPersonCharacter_Auto23EA870704E31D7CB58AA5488B8C67102.tmp' to '../../../../../A_CLASSES/Unreal/TrabajoUnrealTPS/TrabajoTPS/Saved/Autosaves/Game/ThirdPersonBP/Blueprints/ThirdPersonCharacter_Auto2.uasset'
[2020.05.02-10.41.32:056][676]LogFileHelpers: Auto-saving content packages took 0.063
[2020.05.02-10.42.15:676][296]LogSavePackage: Moving '../../../../../A_CLASSES/Unreal/TrabajoUnrealTPS/TrabajoTPS/Saved/ThirdPersonCharacter7B5C807D4A83A35B640DD4A618149705.tmp' to '../../../../../A_CLASSES/Unreal/TrabajoUnrealTPS/TrabajoTPS/Content/ThirdPersonBP/Blueprints/ThirdPersonCharacter.uasset'
[2020.05.02-10.44.01:571][559]LogTemp: Repeating last play command: Selected Viewport
[2020.05.02-10.44.01:586][559]LogBlueprintUserMessages: Early PlayInEditor Detection: Level '/Game/ThirdPersonBP/Maps/ThirdPersonExampleMap.ThirdPersonExampleMap:PersistentLevel' has LevelScriptBlueprint '/Game/ThirdPersonBP/Maps/ThirdPersonExampleMap.ThirdPersonExampleMap:PersistentLevel.ThirdPersonExampleMap' with GeneratedClass '/Game/ThirdPersonBP/Maps/ThirdPersonExampleMap.ThirdPersonExampleMap_C' with ClassGeneratedBy '/Game/ThirdPersonBP/Maps/ThirdPersonExampleMap.ThirdPersonExampleMap:PersistentLevel.ThirdPersonExampleMap'
[2020.05.02-10.44.01:587][559]BlueprintLog: New page: Pre-Play auto-recompile
[2020.05.02-10.44.01:587][559]LogPlayLevel: [PlayLevel] Compiling ThirdPersonCharacter before play...
[2020.05.02-10.44.01:835][559]LogUObjectHash: Compacting FUObjectHashTables data took   4.18ms
[2020.05.02-10.44.01:835][559]LogPlayLevel: PlayLevel: Blueprint regeneration took 248 ms (1 blueprints)
[2020.05.02-10.44.01:836][559]PIE: New page: PIE session: ThirdPersonExampleMap (2/5/2020 14:44:01)
[2020.05.02-10.44.01:836][559]LogPlayLevel: Creating play world package: /Game/ThirdPersonBP/Maps/UEDPIE_0_ThirdPersonExampleMap
[2020.05.02-10.44.01:844][559]LogPlayLevel: PIE: StaticDuplicateObject took: (0.008197s)
[2020.05.02-10.44.01:845][559]LogAIModule: Creating AISystem for world ThirdPersonExampleMap
[2020.05.02-10.44.01:845][559]LogPlayLevel: PIE: World Init took: (0.001225s)
[2020.05.02-10.44.01:845][559]LogPlayLevel: PIE: Created PIE world by copying editor world from /Game/ThirdPersonBP/Maps/ThirdPersonExampleMap.ThirdPersonExampleMap to /Game/ThirdPersonBP/Maps/UEDPIE_0_ThirdPersonExampleMap.ThirdPersonExampleMap (0.009598s)
[2020.05.02-10.44.01:885][559]LogUObjectHash: Compacting FUObjectHashTables data took   2.86ms
[2020.05.02-10.44.01:899][559]LogInit: XAudio2 using 'Headphones (High Definition Audio Device)' : 2 channels at 48 kHz using 16 bits per sample (channel mask 0x3)
[2020.05.02-10.44.01:909][559]LogInit: FAudioDevice initialized.
[2020.05.02-10.44.01:915][559]LogLoad: Game class is 'ThirdPersonGameMode_C'
[2020.05.02-10.44.01:917][559]LogWorld: Bringing World /Game/ThirdPersonBP/Maps/UEDPIE_0_ThirdPersonExampleMap.ThirdPersonExampleMap up for play (max tick rate 0) at 2020.05.02-12.44.01
[2020.05.02-10.44.01:917][559]LogWorld: Bringing up level for play took: 0.001181
[2020.05.02-10.44.01:917][559]LogOnline: OSS: Creating online subsystem instance for: :Context_16
[2020.05.02-10.44.01:918][559]PIE: Play in editor start time for /Game/ThirdPersonBP/Maps/UEDPIE_0_ThirdPersonExampleMap -0,102
[2020.05.02-10.44.01:918][559]LogBlueprintUserMessages: Late PlayInEditor Detection: Level '/Game/ThirdPersonBP/Maps/ThirdPersonExampleMap.ThirdPersonExampleMap:PersistentLevel' has LevelScriptBlueprint '/Game/ThirdPersonBP/Maps/ThirdPersonExampleMap.ThirdPersonExampleMap:PersistentLevel.ThirdPersonExampleMap' with GeneratedClass '/Game/ThirdPersonBP/Maps/ThirdPersonExampleMap.ThirdPersonExampleMap_C' with ClassGeneratedBy '/Game/ThirdPersonBP/Maps/ThirdPersonExampleMap.ThirdPersonExampleMap:PersistentLevel.ThirdPersonExampleMap'
[2020.05.02-10.44.21:374][887]LogBlueprintUserMessages: Early EndPlayMap Detection: Level '/Game/ThirdPersonBP/Maps/ThirdPersonExampleMap.ThirdPersonExampleMap:PersistentLevel' has LevelScriptBlueprint '/Game/ThirdPersonBP/Maps/ThirdPersonExampleMap.ThirdPersonExampleMap:PersistentLevel.ThirdPersonExampleMap' with GeneratedClass '/Game/ThirdPersonBP/Maps/ThirdPersonExampleMap.ThirdPersonExampleMap_C' with ClassGeneratedBy '/Game/ThirdPersonBP/Maps/ThirdPersonExampleMap.ThirdPersonExampleMap:PersistentLevel.ThirdPersonExampleMap'
[2020.05.02-10.44.21:374][887]LogSlate: Updating window title bar state: overlay mode, drag disabled, window buttons hidden, title bar hidden
[2020.05.02-10.44.21:374][887]LogWorld: BeginTearingDown for /Game/ThirdPersonBP/Maps/UEDPIE_0_ThirdPersonExampleMap
[2020.05.02-10.44.21:374][887]LogWorld: UWorld::CleanupWorld for ThirdPersonExampleMap, bSessionEnded=true, bCleanupResources=true
[2020.05.02-10.44.21:384][887]LogPlayLevel: Display: Shutting down PIE online subsystems
[2020.05.02-10.44.21:384][887]LogBlueprintUserMessages: Late EndPlayMap Detection: Level '/Game/ThirdPersonBP/Maps/ThirdPersonExampleMap.ThirdPersonExampleMap:PersistentLevel' has LevelScriptBlueprint '/Game/ThirdPersonBP/Maps/ThirdPersonExampleMap.ThirdPersonExampleMap:PersistentLevel.ThirdPersonExampleMap' with GeneratedClass '/Game/ThirdPersonBP/Maps/ThirdPersonExampleMap.ThirdPersonExampleMap_C' with ClassGeneratedBy '/Game/ThirdPersonBP/Maps/ThirdPersonExampleMap.ThirdPersonExampleMap:PersistentLevel.ThirdPersonExampleMap'
[2020.05.02-10.44.21:421][887]LogSlate: Updating window title bar state: overlay mode, drag disabled, window buttons hidden, title bar hidden
[2020.05.02-10.44.21:425][887]LogUObjectHash: Compacting FUObjectHashTables data took   2.61ms
[2020.05.02-10.44.21:474][890]LogPlayLevel: Display: Destroying online subsystem :Context_16
[2020.05.02-10.44.25:713][387]LogSlate: FSceneViewport::OnFocusLost() reason 0
[2020.05.02-10.44.27:594][568]LogUObjectHash: Compacting FUObjectHashTables data took   2.62ms
[2020.05.02-10.44.30:238][568]LogSlate: Window 'Delete Assets' being destroyed
[2020.05.02-10.44.30:400][568]LogUObjectGlobals: Force Deleting 1 Package(s):
	Asset Name: /Game/ThirdPersonBP/Blueprints/WalkAnim_BS.WalkAnim_BS
[2020.05.02-10.44.31:669][568]LogUObjectHash: Compacting FUObjectHashTables data took   2.62ms
[2020.05.02-10.51.52:203][604]LogUObjectHash: Compacting FUObjectHashTables data took   1.23ms
[2020.05.02-10.51.52:444][604]LogSavePackage: Moving '../../../../../A_CLASSES/Unreal/TrabajoUnrealTPS/TrabajoTPS/Saved/ThirdPersonExampleMap_Auto321F561E846026AEDE7A028867C9E8C21.tmp' to '../../../../../A_CLASSES/Unreal/TrabajoUnrealTPS/TrabajoTPS/Saved/Autosaves/Game/ThirdPersonBP/Maps/ThirdPersonExampleMap_Auto3.umap'
[2020.05.02-10.51.52:446][604]LogFileHelpers: Editor autosave (incl. sublevels) for '/Game/ThirdPersonBP/Maps/ThirdPersonExampleMap' took 0.281
[2020.05.02-10.51.52:446][604]LogFileHelpers: Editor autosave (incl. sublevels) for all levels took 0.281
[2020.05.02-10.51.52:448][604]OBJ SavePackage: Generating thumbnails for [1] asset(s) in package [/Game/ThirdPersonBP/Blueprints/ThirdPersonCharacter] ([1] browsable assets)...
[2020.05.02-10.51.52:464][604]OBJ SavePackage:     Rendered thumbnail for [Blueprint /Game/ThirdPersonBP/Blueprints/ThirdPersonCharacter.ThirdPersonCharacter]
[2020.05.02-10.51.52:464][604]OBJ SavePackage: Finished generating thumbnails for package [/Game/ThirdPersonBP/Blueprints/ThirdPersonCharacter]
[2020.05.02-10.51.52:516][604]LogSavePackage: Moving '../../../../../A_CLASSES/Unreal/TrabajoUnrealTPS/TrabajoTPS/Saved/ThirdPersonCharacter_Auto3E598350840022EED8CDFC0BF3BB9EA07.tmp' to '../../../../../A_CLASSES/Unreal/TrabajoUnrealTPS/TrabajoTPS/Saved/Autosaves/Game/ThirdPersonBP/Blueprints/ThirdPersonCharacter_Auto3.uasset'
[2020.05.02-10.51.52:516][604]LogFileHelpers: Auto-saving content packages took 0.069
[2020.05.02-10.52.54:571][765]LogSlate: FSceneViewport::OnFocusLost() reason 0
[2020.05.02-10.53.02:898][447]LogSlate: Window 'Pick Skeleton' being destroyed
[2020.05.02-10.53.17:529][171]LogAssetEditorManager: Opening Asset editor for BlendSpace /Game/ThirdPersonBP/Blueprints/WalkRun_BS.WalkRun_BS
[2020.05.02-10.53.17:570][171]LogActorComponent: RegisterComponentWithWorld: (/Engine/Transient.World_13:PersistentLevel.AnimationEditorPreviewActor_0.DebugSkelMeshComponent_0) Already registered. Aborting.
[2020.05.02-10.53.17:599][171]LogSkeletalMesh: USkeletalMeshComponent::InitArticulated : Bodies already created (/Engine/Transient.World_13:PersistentLevel.AnimationEditorPreviewActor_0.DebugSkelMeshComponent_0) - call TermArticulated first.
[2020.05.02-10.53.18:242][171]LogContentBrowser: Verbose: The majority of assets in the view are of type: BlendSpace
[2020.05.02-10.53.28:306][ 67]LogSlate: Window 'Pick Skeleton' being destroyed
[2020.05.02-10.53.30:064][230]LogUObjectHash: Compacting FUObjectHashTables data took   4.59ms
[2020.05.02-10.53.31:165][230]LogSlate: Window 'Delete Assets' being destroyed
[2020.05.02-10.53.32:709][230]LogWorld: UWorld::CleanupWorld for World_14, bSessionEnded=true, bCleanupResources=true
[2020.05.02-10.53.32:737][230]LogWorld: UWorld::CleanupWorld for World_13, bSessionEnded=true, bCleanupResources=true
[2020.05.02-10.53.32:757][230]LogUObjectGlobals: Force Deleting 1 Package(s):
	Asset Name: /Game/ThirdPersonBP/Blueprints/WalkRun_BS.WalkRun_BS
[2020.05.02-10.53.33:336][230]LogUObjectHash: Compacting FUObjectHashTables data took   3.90ms
[2020.05.02-10.53.41:733][963]LogSlate: Window 'Pick Skeleton' being destroyed
[2020.05.02-10.53.52:581][233]LogAssetEditorManager: Opening Asset editor for BlendSpace1D /Game/ThirdPersonBP/Blueprints/WalkRun_BS.WalkRun_BS
[2020.05.02-10.53.52:588][233]LogActorComponent: RegisterComponentWithWorld: (/Engine/Transient.World_15:PersistentLevel.AnimationEditorPreviewActor_0.DebugSkelMeshComponent_0) Already registered. Aborting.
[2020.05.02-10.53.52:617][233]LogSkeletalMesh: USkeletalMeshComponent::InitArticulated : Bodies already created (/Engine/Transient.World_15:PersistentLevel.AnimationEditorPreviewActor_0.DebugSkelMeshComponent_0) - call TermArticulated first.
[2020.05.02-10.53.52:878][233]LogContentBrowser: Verbose: The majority of assets in the view are of type: BlendSpace1D
[2020.05.02-10.55.55:708][ 13]Cmd: OBJ SAVEPACKAGE PACKAGE="/Game/ThirdPersonBP/Blueprints/WalkRun_BS" FILE="../../../../../A_CLASSES/Unreal/TrabajoUnrealTPS/TrabajoTPS/Content/ThirdPersonBP/Blueprints/WalkRun_BS.uasset" SILENT=true
[2020.05.02-10.55.55:726][ 13]LogSavePackage: Moving '../../../../../A_CLASSES/Unreal/TrabajoUnrealTPS/TrabajoTPS/Saved/WalkRun_BS923888F34188380A06FB19B381CFF2AC.tmp' to '../../../../../A_CLASSES/Unreal/TrabajoUnrealTPS/TrabajoTPS/Content/ThirdPersonBP/Blueprints/WalkRun_BS.uasset'
[2020.05.02-10.56.03:564][676]LogSavePackage: Moving '../../../../../A_CLASSES/Unreal/TrabajoUnrealTPS/TrabajoTPS/Saved/ThirdPersonCharacterBD94932D4C8955CFC2422D92DE8331DA.tmp' to '../../../../../A_CLASSES/Unreal/TrabajoUnrealTPS/TrabajoTPS/Content/ThirdPersonBP/Blueprints/ThirdPersonCharacter.uasset'
