Log file open, 05/01/20 20:47:21
LogWindows: Failed to load 'aqProf.dll' (GetLastError=126)
LogWindows: File 'aqProf.dll' does not exist
LogWindows: Failed to load 'VtuneApi.dll' (GetLastError=126)
LogWindows: File 'VtuneApi.dll' does not exist
LogWindows: Failed to load 'VtuneApi32e.dll' (GetLastError=126)
LogWindows: File 'VtuneApi32e.dll' does not exist
LogConsoleResponse: Display: Failed to find resolution value strings in scalability ini. Falling back to default.
LogInit: Display: Running engine for game: TrabajoTPS
LogPlatformFile: Not using cached read wrapper
LogTaskGraph: Started task graph with 5 named threads and 23 total threads with 3 sets of task threads.
LogStats: Stats thread started at 2.800445
LogD3D11RHI: Loaded GFSDK_Aftermath_Lib.x64.dll
LogICUInternationalization: ICU TimeZone Detection - Raw Offset: +1:00, Platform Override: ''
LogPluginManager: Mounting plugin Paper2D
LogPluginManager: Mounting plugin AISupport
LogPluginManager: Mounting plugin LightPropagationVolume
LogPluginManager: Mounting plugin ActorLayerUtilities
LogPluginManager: Mounting plugin AnimationSharing
LogPluginManager: Mounting plugin CLionSourceCodeAccess
LogPluginManager: Mounting plugin CodeLiteSourceCodeAccess
LogPluginManager: Mounting plugin GitSourceControl
LogPluginManager: Mounting plugin KDevelopSourceCodeAccess
LogPluginManager: Mounting plugin NullSourceCodeAccess
LogPluginManager: Mounting plugin PerforceSourceControl
LogPluginManager: Mounting plugin SubversionSourceControl
LogPluginManager: Mounting plugin UObjectPlugin
LogPluginManager: Mounting plugin VisualStudioCodeSourceCodeAccess
LogPluginManager: Mounting plugin VisualStudioSourceCodeAccess
LogPluginManager: Mounting plugin XCodeSourceCodeAccess
LogPluginManager: Mounting plugin AssetManagerEditor
LogPluginManager: Mounting plugin CryptoKeys
LogPluginManager: Mounting plugin CurveEditorTools
LogPluginManager: Mounting plugin DataValidation
LogPluginManager: Mounting plugin FacialAnimation
LogPluginManager: Mounting plugin GameplayTagsEditor
LogPluginManager: Mounting plugin MacGraphicsSwitching
LogPluginManager: Mounting plugin MaterialAnalyzer
LogPluginManager: Mounting plugin MobileLauncherProfileWizard
LogPluginManager: Mounting plugin PluginBrowser
LogPluginManager: Mounting plugin SpeedTreeImporter
LogPluginManager: Mounting plugin DatasmithContent
LogPluginManager: Mounting plugin VariantManagerContent
LogPluginManager: Mounting plugin AlembicImporter
LogPluginManager: Mounting plugin AutomationUtils
LogPluginManager: Mounting plugin BackChannel
LogPluginManager: Mounting plugin CharacterAI
LogPluginManager: Mounting plugin GeometryCache
LogPluginManager: Mounting plugin HTML5Networking
LogPluginManager: Mounting plugin PlatformCrypto
LogPluginManager: Mounting plugin ProxyLODPlugin
LogPluginManager: Mounting plugin SkeletalReduction
LogPluginManager: Mounting plugin MagicLeap
LogPluginManager: Mounting plugin MagicLeapMedia
LogPluginManager: Mounting plugin AndroidMedia
LogPluginManager: Mounting plugin AvfMedia
LogPluginManager: Mounting plugin ImgMedia
LogPluginManager: Mounting plugin MediaCompositing
LogPluginManager: Mounting plugin MediaPlayerEditor
LogPluginManager: Mounting plugin WebMMedia
LogPluginManager: Mounting plugin WmfMedia
LogPluginManager: Mounting plugin TcpMessaging
LogPluginManager: Mounting plugin UdpMessaging
LogPluginManager: Mounting plugin ActorSequence
LogPluginManager: Mounting plugin LevelSequenceEditor
LogPluginManager: Mounting plugin MatineeToLevelSequence
LogPluginManager: Mounting plugin NetcodeUnitTest
LogPluginManager: Mounting plugin NUTUnrealEngine4
LogPluginManager: Mounting plugin OnlineSubsystemGooglePlay
LogPluginManager: Mounting plugin OnlineSubsystemIOS
LogPluginManager: Mounting plugin OnlineSubsystem
LogPluginManager: Mounting plugin OnlineSubsystemNull
LogPluginManager: Mounting plugin OnlineSubsystemUtils
LogPluginManager: Mounting plugin LauncherChunkInstaller
LogPluginManager: Mounting plugin AndroidDeviceProfileSelector
LogPluginManager: Mounting plugin AndroidMoviePlayer
LogPluginManager: Mounting plugin AndroidPermission
LogPluginManager: Mounting plugin AppleImageUtils
LogPluginManager: Mounting plugin AppleMoviePlayer
LogPluginManager: Mounting plugin ArchVisCharacter
LogPluginManager: Mounting plugin AudioCapture
LogPluginManager: Mounting plugin CableComponent
LogPluginManager: Mounting plugin CustomMeshComponent
LogPluginManager: Mounting plugin EditableMesh
LogPluginManager: Mounting plugin ExampleDeviceProfileSelector
LogPluginManager: Mounting plugin GoogleCloudMessaging
LogPluginManager: Mounting plugin IOSDeviceProfileSelector
LogPluginManager: Mounting plugin LinuxDeviceProfileSelector
LogPluginManager: Mounting plugin LocationServicesBPLibrary
LogPluginManager: Mounting plugin MobilePatchingUtils
LogPluginManager: Mounting plugin OculusVR
LogPluginManager: Mounting plugin PhysXVehicles
LogPluginManager: Mounting plugin ProceduralMeshComponent
LogPluginManager: Mounting plugin RuntimePhysXCooking
LogPluginManager: Mounting plugin SignificanceManager
LogPluginManager: Mounting plugin SteamVR
LogPluginManager: Mounting plugin WebMMoviePlayer
LogPluginManager: Mounting plugin WindowsMoviePlayer
LogPluginManager: Mounting plugin ScreenshotTools
LogInit: Using libcurl 7.55.1-DEV
LogInit:  - built for x86_64-pc-win32
LogInit:  - supports SSL with OpenSSL/1.1.1
LogInit:  - supports HTTP deflate (compression) using libz 1.2.8
LogInit:  - other features:
LogInit:      CURL_VERSION_SSL
LogInit:      CURL_VERSION_LIBZ
LogInit:      CURL_VERSION_IPV6
LogInit:      CURL_VERSION_ASYNCHDNS
LogInit:      CURL_VERSION_LARGEFILE
LogInit:      CURL_VERSION_IDN
LogInit:  CurlRequestOptions (configurable via config and command line):
LogInit:  - bVerifyPeer = true  - Libcurl will verify peer certificate
LogInit:  - bUseHttpProxy = false  - Libcurl will NOT use HTTP proxy
LogInit:  - bDontReuseConnections = false  - Libcurl will reuse connections
LogInit:  - MaxHostConnections = 16  - Libcurl will limit the number of connections to a host
LogInit:  - LocalHostAddr = Default
LogInit:  - BufferSize = 65536
LogOnline: OSS: Creating online subsystem instance for: NULL
LogInit: WinSock: version 1.1 (2.2), MaxSocks=32767, MaxUdp=65467
LogInit: Build: ++UE4+Release-4.23-CL-9631420
LogInit: Engine Version: 4.23.1-9631420+++UE4+Release-4.23
LogInit: Compatible Engine Version: 4.23.0-8386587+++UE4+Release-4.23
LogInit: Net CL: 8386587
LogInit: OS: Windows 10 (Release 1903) (), CPU: Intel(R) Core(TM) i7-6700 CPU @ 3.40GHz, GPU: NVIDIA GeForce GTX 1060 6GB
LogInit: Compiled (64-bit): Oct 18 2019 02:07:44
LogInit: Compiled with Visual C++: 19.16.27030.01
LogInit: Build Configuration: Development
LogInit: Branch Name: ++UE4+Release-4.23
LogInit: Command Line: 
LogInit: Base Directory: F:/Program Files/Epic Games/UE_4.23/Engine/Binaries/Win64/
LogInit: Installed Engine Build: 1
LogDevObjectVersion: Number of dev versions registered: 23
LogDevObjectVersion:   Dev-Blueprints (B0D832E4-1F89-4F0D-ACCF-7EB736FD4AA2): 10
LogDevObjectVersion:   Dev-Build (E1C64328-A22C-4D53-A36C-8E866417BD8C): 0
LogDevObjectVersion:   Dev-Core (375EC13C-06E4-48FB-B500-84F0262A717E): 3
LogDevObjectVersion:   Dev-Editor (E4B068ED-F494-42E9-A231-DA0B2E46BB41): 34
LogDevObjectVersion:   Dev-Framework (CFFC743F-43B0-4480-9391-14DF171D2073): 35
LogDevObjectVersion:   Dev-Mobile (B02B49B5-BB20-44E9-A304-32B752E40360): 2
LogDevObjectVersion:   Dev-Networking (A4E4105C-59A1-49B5-A7C5-40C4547EDFEE): 0
LogDevObjectVersion:   Dev-Online (39C831C9-5AE6-47DC-9A44-9C173E1C8E7C): 0
LogDevObjectVersion:   Dev-Physics (78F01B33-EBEA-4F98-B9B4-84EACCB95AA2): 0
LogDevObjectVersion:   Dev-Platform (6631380F-2D4D-43E0-8009-CF276956A95A): 0
LogDevObjectVersion:   Dev-Rendering (12F88B9F-8875-4AFC-A67C-D90C383ABD29): 31
LogDevObjectVersion:   Dev-Sequencer (7B5AE74C-D270-4C10-A958-57980B212A5A): 11
LogDevObjectVersion:   Dev-VR (D7296918-1DD6-4BDD-9DE2-64A83CC13884): 2
LogDevObjectVersion:   Dev-LoadTimes (C2A15278-BFE7-4AFE-6C17-90FF531DF755): 1
LogDevObjectVersion:   Private-Geometry (6EACA3D4-40EC-4CC1-B786-8BED09428FC5): 3
LogDevObjectVersion:   Dev-AnimPhys (29E575DD-E0A3-4627-9D10-D276232CDCEA): 17
LogDevObjectVersion:   Dev-Anim (AF43A65D-7FD3-4947-9873-3E8ED9C1BB05): 2
LogDevObjectVersion:   Dev-ReflectionCapture (6B266CEC-1EC7-4B8F-A30B-E4D90942FC07): 1
LogDevObjectVersion:   Dev-Automation (0DF73D61-A23F-47EA-B727-89E90C41499A): 1
LogDevObjectVersion:   FortniteMain (601D1886-AC64-4F84-AA16-D3DE0DEAC7D6): 27
LogDevObjectVersion:   Dev-Enterprise (9DFFBCD6-494F-0158-E221-12823C92A888): 6
LogDevObjectVersion:   Dev-Niagara (F2AED0AC-9AFE-416F-8664-AA7FFA26D6FC): 1
LogDevObjectVersion:   Dev-Destruction (174F1F0B-B4C6-45A5-B13F-2EE8D0FB917D): 9
LogInit: Presizing for max 16777216 objects, including 0 objects not considered by GC, pre-allocating 0 bytes for permanent pool.
LogInit: Object subsystem initialized
LogConfig: Setting CVar [[con.DebugEarlyDefault:1]]
LogConfig: Setting CVar [[r.setres:1280x720]]
[2020.05.01-18.47.23:933][  0]LogConfig: Setting CVar [[r.VSync:0]]
[2020.05.01-18.47.23:933][  0]LogConfig: Setting CVar [[r.RHICmdBypass:0]]
[2020.05.01-18.47.23:934][  0]LogConfig: Applying CVar settings from Section [/Script/Engine.RendererSettings] File [C:/Users/User/Desktop/TrabajoUnrealTPS/TrabajoTPS/Saved/Config/Windows/Engine.ini]
[2020.05.01-18.47.23:934][  0]LogConfig: Setting CVar [[r.GPUCrashDebugging:0]]
[2020.05.01-18.47.23:934][  0]LogConfig: Applying CVar settings from Section [/Script/Engine.RendererOverrideSettings] File [C:/Users/User/Desktop/TrabajoUnrealTPS/TrabajoTPS/Saved/Config/Windows/Engine.ini]
[2020.05.01-18.47.23:934][  0]LogConfig: Applying CVar settings from Section [/Script/Engine.StreamingSettings] File [C:/Users/User/Desktop/TrabajoUnrealTPS/TrabajoTPS/Saved/Config/Windows/Engine.ini]
[2020.05.01-18.47.23:934][  0]LogConfig: Setting CVar [[s.MinBulkDataSizeForAsyncLoading:131072]]
[2020.05.01-18.47.23:934][  0]LogConfig: Setting CVar [[s.AsyncLoadingThreadEnabled:0]]
[2020.05.01-18.47.23:934][  0]LogConfig: Setting CVar [[s.EventDrivenLoaderEnabled:1]]
[2020.05.01-18.47.23:934][  0]LogConfig: Setting CVar [[s.WarnIfTimeLimitExceeded:0]]
[2020.05.01-18.47.23:934][  0]LogConfig: Setting CVar [[s.TimeLimitExceededMultiplier:1.5]]
[2020.05.01-18.47.23:934][  0]LogConfig: Setting CVar [[s.TimeLimitExceededMinTime:0.005]]
[2020.05.01-18.47.23:934][  0]LogConfig: Setting CVar [[s.UseBackgroundLevelStreaming:1]]
[2020.05.01-18.47.23:934][  0]LogConfig: Setting CVar [[s.PriorityAsyncLoadingExtraTime:15.0]]
[2020.05.01-18.47.23:934][  0]LogConfig: Setting CVar [[s.LevelStreamingActorsUpdateTimeLimit:5.0]]
[2020.05.01-18.47.23:934][  0]LogConfig: Setting CVar [[s.PriorityLevelStreamingActorsUpdateExtraTime:5.0]]
[2020.05.01-18.47.23:934][  0]LogConfig: Setting CVar [[s.LevelStreamingComponentsRegistrationGranularity:10]]
[2020.05.01-18.47.23:934][  0]LogConfig: Setting CVar [[s.UnregisterComponentsTimeLimit:1.0]]
[2020.05.01-18.47.23:934][  0]LogConfig: Setting CVar [[s.LevelStreamingComponentsUnregistrationGranularity:5]]
[2020.05.01-18.47.23:934][  0]LogConfig: Applying CVar settings from Section [/Script/Engine.GarbageCollectionSettings] File [C:/Users/User/Desktop/TrabajoUnrealTPS/TrabajoTPS/Saved/Config/Windows/Engine.ini]
[2020.05.01-18.47.23:934][  0]LogConfig: Setting CVar [[gc.MaxObjectsNotConsideredByGC:1]]
[2020.05.01-18.47.23:934][  0]LogConfig: Setting CVar [[gc.SizeOfPermanentObjectPool:0]]
[2020.05.01-18.47.23:934][  0]LogConfig: Setting CVar [[gc.FlushStreamingOnGC:0]]
[2020.05.01-18.47.23:934][  0]LogConfig: Setting CVar [[gc.NumRetriesBeforeForcingGC:10]]
[2020.05.01-18.47.23:934][  0]LogConfig: Setting CVar [[gc.AllowParallelGC:1]]
[2020.05.01-18.47.23:934][  0]LogConfig: Setting CVar [[gc.TimeBetweenPurgingPendingKillObjects:61.1]]
[2020.05.01-18.47.23:934][  0]LogConfig: Setting CVar [[gc.MaxObjectsInEditor:16777216]]
[2020.05.01-18.47.23:934][  0]LogConfig: Setting CVar [[gc.IncrementalBeginDestroyEnabled:1]]
[2020.05.01-18.47.23:934][  0]LogConfig: Setting CVar [[gc.CreateGCClusters:1]]
[2020.05.01-18.47.23:934][  0]LogConfig: Setting CVar [[gc.MinGCClusterSize:5]]
[2020.05.01-18.47.23:934][  0]LogConfig: Setting CVar [[gc.ActorClusteringEnabled:0]]
[2020.05.01-18.47.23:934][  0]LogConfig: Setting CVar [[gc.BlueprintClusteringEnabled:0]]
[2020.05.01-18.47.23:934][  0]LogConfig: Setting CVar [[gc.UseDisregardForGCOnDedicatedServers:0]]
[2020.05.01-18.47.23:934][  0]LogConfig: Applying CVar settings from Section [/Script/Engine.NetworkSettings] File [C:/Users/User/Desktop/TrabajoUnrealTPS/TrabajoTPS/Saved/Config/Windows/Engine.ini]
[2020.05.01-18.47.23:934][  0]LogConfig: Applying CVar settings from Section [/Script/UnrealEd.CookerSettings] File [C:/Users/User/Desktop/TrabajoUnrealTPS/TrabajoTPS/Saved/Config/Windows/Engine.ini]
[2020.05.01-18.47.23:992][  0]LogConfig: Applying CVar settings from Section [ViewDistanceQuality@3] File [C:/Users/User/Desktop/TrabajoUnrealTPS/TrabajoTPS/Saved/Config/Windows/Scalability.ini]
[2020.05.01-18.47.23:992][  0]LogConfig: Setting CVar [[r.SkeletalMeshLODBias:0]]
[2020.05.01-18.47.23:992][  0]LogConfig: Setting CVar [[r.ViewDistanceScale:1.0]]
[2020.05.01-18.47.23:992][  0]LogConfig: Applying CVar settings from Section [AntiAliasingQuality@3] File [C:/Users/User/Desktop/TrabajoUnrealTPS/TrabajoTPS/Saved/Config/Windows/Scalability.ini]
[2020.05.01-18.47.23:992][  0]LogConfig: Setting CVar [[r.PostProcessAAQuality:4]]
[2020.05.01-18.47.23:992][  0]LogConfig: Applying CVar settings from Section [ShadowQuality@3] File [C:/Users/User/Desktop/TrabajoUnrealTPS/TrabajoTPS/Saved/Config/Windows/Scalability.ini]
[2020.05.01-18.47.23:992][  0]LogConfig: Setting CVar [[r.LightFunctionQuality:1]]
[2020.05.01-18.47.23:992][  0]LogConfig: Setting CVar [[r.ShadowQuality:5]]
[2020.05.01-18.47.23:992][  0]LogConfig: Setting CVar [[r.Shadow.CSM.MaxCascades:10]]
[2020.05.01-18.47.23:992][  0]LogConfig: Setting CVar [[r.Shadow.MaxResolution:2048]]
[2020.05.01-18.47.23:992][  0]LogConfig: Setting CVar [[r.Shadow.MaxCSMResolution:2048]]
[2020.05.01-18.47.23:992][  0]LogConfig: Setting CVar [[r.Shadow.RadiusThreshold:0.01]]
[2020.05.01-18.47.23:992][  0]LogConfig: Setting CVar [[r.Shadow.DistanceScale:1.0]]
[2020.05.01-18.47.23:992][  0]LogConfig: Setting CVar [[r.Shadow.CSM.TransitionScale:1.0]]
[2020.05.01-18.47.23:992][  0]LogConfig: Setting CVar [[r.Shadow.PreShadowResolutionFactor:1.0]]
[2020.05.01-18.47.23:992][  0]LogConfig: Setting CVar [[r.DistanceFieldShadowing:1]]
[2020.05.01-18.47.23:992][  0]LogConfig: Setting CVar [[r.DistanceFieldAO:1]]
[2020.05.01-18.47.23:992][  0]LogConfig: Setting CVar [[r.AOQuality:2]]
[2020.05.01-18.47.23:992][  0]LogConfig: Setting CVar [[r.VolumetricFog:1]]
[2020.05.01-18.47.23:992][  0]LogConfig: Setting CVar [[r.VolumetricFog.GridPixelSize:8]]
[2020.05.01-18.47.23:992][  0]LogConfig: Setting CVar [[r.VolumetricFog.GridSizeZ:128]]
[2020.05.01-18.47.23:992][  0]LogConfig: Setting CVar [[r.VolumetricFog.HistoryMissSupersampleCount:4]]
[2020.05.01-18.47.23:992][  0]LogConfig: Setting CVar [[r.LightMaxDrawDistanceScale:1]]
[2020.05.01-18.47.23:992][  0]LogConfig: Setting CVar [[r.CapsuleShadows:1]]
[2020.05.01-18.47.23:992][  0]LogConfig: Applying CVar settings from Section [PostProcessQuality@3] File [C:/Users/User/Desktop/TrabajoUnrealTPS/TrabajoTPS/Saved/Config/Windows/Scalability.ini]
[2020.05.01-18.47.23:992][  0]LogConfig: Setting CVar [[r.MotionBlurQuality:4]]
[2020.05.01-18.47.23:992][  0]LogConfig: Setting CVar [[r.AmbientOcclusionMipLevelFactor:0.4]]
[2020.05.01-18.47.23:992][  0]LogConfig: Setting CVar [[r.AmbientOcclusionMaxQuality:100]]
[2020.05.01-18.47.23:992][  0]LogConfig: Setting CVar [[r.AmbientOcclusionLevels:-1]]
[2020.05.01-18.47.23:992][  0]LogConfig: Setting CVar [[r.AmbientOcclusionRadiusScale:1.0]]
[2020.05.01-18.47.23:992][  0]LogConfig: Setting CVar [[r.DepthOfFieldQuality:2]]
[2020.05.01-18.47.23:992][  0]LogConfig: Setting CVar [[r.RenderTargetPoolMin:400]]
[2020.05.01-18.47.23:992][  0]LogConfig: Setting CVar [[r.LensFlareQuality:2]]
[2020.05.01-18.47.23:992][  0]LogConfig: Setting CVar [[r.SceneColorFringeQuality:1]]
[2020.05.01-18.47.23:992][  0]LogConfig: Setting CVar [[r.EyeAdaptationQuality:2]]
[2020.05.01-18.47.23:992][  0]LogConfig: Setting CVar [[r.BloomQuality:5]]
[2020.05.01-18.47.23:992][  0]LogConfig: Setting CVar [[r.FastBlurThreshold:100]]
[2020.05.01-18.47.23:992][  0]LogConfig: Setting CVar [[r.Upscale.Quality:3]]
[2020.05.01-18.47.23:992][  0]LogConfig: Setting CVar [[r.Tonemapper.GrainQuantization:1]]
[2020.05.01-18.47.23:992][  0]LogConfig: Setting CVar [[r.LightShaftQuality:1]]
[2020.05.01-18.47.23:992][  0]LogConfig: Setting CVar [[r.Filter.SizeScale:1]]
[2020.05.01-18.47.23:992][  0]LogConfig: Setting CVar [[r.Tonemapper.Quality:5]]
[2020.05.01-18.47.23:992][  0]LogConfig: Setting CVar [[r.DOF.Gather.AccumulatorQuality:1        ; higher gathering accumulator quality]]
[2020.05.01-18.47.23:992][  0]LogConfig: Setting CVar [[r.DOF.Gather.PostfilterMethod:1          ; Median3x3 postfilering method]]
[2020.05.01-18.47.23:992][  0]LogConfig: Setting CVar [[r.DOF.Gather.EnableBokehSettings:0       ; no bokeh simulation when gathering]]
[2020.05.01-18.47.23:992][  0]LogConfig: Setting CVar [[r.DOF.Gather.RingCount:4                 ; medium number of samples when gathering]]
[2020.05.01-18.47.23:992][  0]LogConfig: Setting CVar [[r.DOF.Scatter.ForegroundCompositing:1    ; additive foreground scattering]]
[2020.05.01-18.47.23:992][  0]LogConfig: Setting CVar [[r.DOF.Scatter.BackgroundCompositing:2    ; additive background scattering]]
[2020.05.01-18.47.23:992][  0]LogConfig: Setting CVar [[r.DOF.Scatter.EnableBokehSettings:1      ; bokeh simulation when scattering]]
[2020.05.01-18.47.23:992][  0]LogConfig: Setting CVar [[r.DOF.Scatter.MaxSpriteRatio:0.1         ; only a maximum of 10% of scattered bokeh]]
[2020.05.01-18.47.23:992][  0]LogConfig: Setting CVar [[r.DOF.Recombine.Quality:1                ; cheap slight out of focus]]
[2020.05.01-18.47.23:992][  0]LogConfig: Setting CVar [[r.DOF.Recombine.EnableBokehSettings:0    ; no bokeh simulation on slight out of focus]]
[2020.05.01-18.47.23:992][  0]LogConfig: Setting CVar [[r.DOF.TemporalAAQuality:1                ; more stable temporal accumulation]]
[2020.05.01-18.47.23:992][  0]LogConfig: Setting CVar [[r.DOF.Kernel.MaxForegroundRadius:0.025]]
[2020.05.01-18.47.23:992][  0]LogConfig: Setting CVar [[r.DOF.Kernel.MaxBackgroundRadius:0.025]]
[2020.05.01-18.47.23:992][  0]LogConfig: Applying CVar settings from Section [TextureQuality@3] File [C:/Users/User/Desktop/TrabajoUnrealTPS/TrabajoTPS/Saved/Config/Windows/Scalability.ini]
[2020.05.01-18.47.23:992][  0]LogConfig: Setting CVar [[r.Streaming.MipBias:0]]
[2020.05.01-18.47.23:992][  0]LogConfig: Setting CVar [[r.Streaming.AmortizeCPUToGPUCopy:0]]
[2020.05.01-18.47.23:992][  0]LogConfig: Setting CVar [[r.Streaming.MaxNumTexturesToStreamPerFrame:0]]
[2020.05.01-18.47.23:992][  0]LogConfig: Setting CVar [[r.Streaming.Boost:1]]
[2020.05.01-18.47.23:992][  0]LogConfig: Setting CVar [[r.MaxAnisotropy:8]]
[2020.05.01-18.47.23:992][  0]LogConfig: Setting CVar [[r.Streaming.LimitPoolSizeToVRAM:0]]
[2020.05.01-18.47.23:992][  0]LogConfig: Setting CVar [[r.Streaming.PoolSize:1000]]
[2020.05.01-18.47.23:992][  0]LogConfig: Setting CVar [[r.Streaming.MaxEffectiveScreenSize:0]]
[2020.05.01-18.47.23:992][  0]LogConfig: Applying CVar settings from Section [EffectsQuality@3] File [C:/Users/User/Desktop/TrabajoUnrealTPS/TrabajoTPS/Saved/Config/Windows/Scalability.ini]
[2020.05.01-18.47.23:992][  0]LogConfig: Setting CVar [[r.TranslucencyLightingVolumeDim:64]]
[2020.05.01-18.47.23:993][  0]LogConfig: Setting CVar [[r.RefractionQuality:2]]
[2020.05.01-18.47.23:993][  0]LogConfig: Setting CVar [[r.SSR.Quality:3]]
[2020.05.01-18.47.23:993][  0]LogConfig: Setting CVar [[r.SceneColorFormat:4]]
[2020.05.01-18.47.23:993][  0]LogConfig: Setting CVar [[r.DetailMode:2]]
[2020.05.01-18.47.23:993][  0]LogConfig: Setting CVar [[r.TranslucencyVolumeBlur:1]]
[2020.05.01-18.47.23:993][  0]LogConfig: Setting CVar [[r.MaterialQualityLevel:1 ; High quality]]
[2020.05.01-18.47.23:993][  0]LogConfig: Setting CVar [[r.SSS.Scale:1]]
[2020.05.01-18.47.23:993][  0]LogConfig: Setting CVar [[r.SSS.SampleSet:2]]
[2020.05.01-18.47.23:993][  0]LogConfig: Setting CVar [[r.SSS.Quality:1]]
[2020.05.01-18.47.23:993][  0]LogConfig: Setting CVar [[r.SSS.HalfRes:1]]
[2020.05.01-18.47.23:993][  0]LogConfig: Setting CVar [[r.EmitterSpawnRateScale:1.0]]
[2020.05.01-18.47.23:993][  0]LogConfig: Setting CVar [[r.ParticleLightQuality:2]]
[2020.05.01-18.47.23:993][  0]LogConfig: Applying CVar settings from Section [FoliageQuality@3] File [C:/Users/User/Desktop/TrabajoUnrealTPS/TrabajoTPS/Saved/Config/Windows/Scalability.ini]
[2020.05.01-18.47.23:993][  0]LogConfig: Setting CVar [[foliage.DensityScale:1.0]]
[2020.05.01-18.47.23:993][  0]LogConfig: Setting CVar [[grass.DensityScale:1.0]]
[2020.05.01-18.47.23:994][  0]LogInit: Selected Device Profile: [Windows]
[2020.05.01-18.47.23:994][  0]LogInit: Applying CVar settings loaded from the selected device profile: [Windows]
[2020.05.01-18.47.24:076][  0]LogHAL: Display: Platform has ~ 16 GB [17113026560 / 17179869184 / 16], which maps to Larger [LargestMinGB=32, LargerMinGB=12, DefaultMinGB=8, SmallerMinGB=6, SmallestMinGB=0)
[2020.05.01-18.47.24:076][  0]LogInit: Going up to parent DeviceProfile []
[2020.05.01-18.47.24:077][  0]LogConfig: Applying CVar settings from Section [ViewDistanceQuality@3] File [C:/Users/User/Desktop/TrabajoUnrealTPS/TrabajoTPS/Saved/Config/Windows/Scalability.ini]
[2020.05.01-18.47.24:077][  0]LogConfig: Setting CVar [[r.SkeletalMeshLODBias:0]]
[2020.05.01-18.47.24:077][  0]LogConfig: Setting CVar [[r.ViewDistanceScale:1.0]]
[2020.05.01-18.47.24:077][  0]LogConfig: Applying CVar settings from Section [AntiAliasingQuality@3] File [C:/Users/User/Desktop/TrabajoUnrealTPS/TrabajoTPS/Saved/Config/Windows/Scalability.ini]
[2020.05.01-18.47.24:077][  0]LogConfig: Setting CVar [[r.PostProcessAAQuality:4]]
[2020.05.01-18.47.24:077][  0]LogConfig: Applying CVar settings from Section [ShadowQuality@3] File [C:/Users/User/Desktop/TrabajoUnrealTPS/TrabajoTPS/Saved/Config/Windows/Scalability.ini]
[2020.05.01-18.47.24:077][  0]LogConfig: Setting CVar [[r.LightFunctionQuality:1]]
[2020.05.01-18.47.24:077][  0]LogConfig: Setting CVar [[r.ShadowQuality:5]]
[2020.05.01-18.47.24:077][  0]LogConfig: Setting CVar [[r.Shadow.CSM.MaxCascades:10]]
[2020.05.01-18.47.24:077][  0]LogConfig: Setting CVar [[r.Shadow.MaxResolution:2048]]
[2020.05.01-18.47.24:077][  0]LogConfig: Setting CVar [[r.Shadow.MaxCSMResolution:2048]]
[2020.05.01-18.47.24:077][  0]LogConfig: Setting CVar [[r.Shadow.RadiusThreshold:0.01]]
[2020.05.01-18.47.24:077][  0]LogConfig: Setting CVar [[r.Shadow.DistanceScale:1.0]]
[2020.05.01-18.47.24:077][  0]LogConfig: Setting CVar [[r.Shadow.CSM.TransitionScale:1.0]]
[2020.05.01-18.47.24:077][  0]LogConfig: Setting CVar [[r.Shadow.PreShadowResolutionFactor:1.0]]
[2020.05.01-18.47.24:077][  0]LogConfig: Setting CVar [[r.DistanceFieldShadowing:1]]
[2020.05.01-18.47.24:077][  0]LogConfig: Setting CVar [[r.DistanceFieldAO:1]]
[2020.05.01-18.47.24:077][  0]LogConfig: Setting CVar [[r.AOQuality:2]]
[2020.05.01-18.47.24:077][  0]LogConfig: Setting CVar [[r.VolumetricFog:1]]
[2020.05.01-18.47.24:077][  0]LogConfig: Setting CVar [[r.VolumetricFog.GridPixelSize:8]]
[2020.05.01-18.47.24:077][  0]LogConfig: Setting CVar [[r.VolumetricFog.GridSizeZ:128]]
[2020.05.01-18.47.24:077][  0]LogConfig: Setting CVar [[r.VolumetricFog.HistoryMissSupersampleCount:4]]
[2020.05.01-18.47.24:077][  0]LogConfig: Setting CVar [[r.LightMaxDrawDistanceScale:1]]
[2020.05.01-18.47.24:077][  0]LogConfig: Setting CVar [[r.CapsuleShadows:1]]
[2020.05.01-18.47.24:077][  0]LogConfig: Applying CVar settings from Section [PostProcessQuality@3] File [C:/Users/User/Desktop/TrabajoUnrealTPS/TrabajoTPS/Saved/Config/Windows/Scalability.ini]
[2020.05.01-18.47.24:077][  0]LogConfig: Setting CVar [[r.MotionBlurQuality:4]]
[2020.05.01-18.47.24:077][  0]LogConfig: Setting CVar [[r.AmbientOcclusionMipLevelFactor:0.4]]
[2020.05.01-18.47.24:077][  0]LogConfig: Setting CVar [[r.AmbientOcclusionMaxQuality:100]]
[2020.05.01-18.47.24:077][  0]LogConfig: Setting CVar [[r.AmbientOcclusionLevels:-1]]
[2020.05.01-18.47.24:077][  0]LogConfig: Setting CVar [[r.AmbientOcclusionRadiusScale:1.0]]
[2020.05.01-18.47.24:077][  0]LogConfig: Setting CVar [[r.DepthOfFieldQuality:2]]
[2020.05.01-18.47.24:077][  0]LogConfig: Setting CVar [[r.RenderTargetPoolMin:400]]
[2020.05.01-18.47.24:077][  0]LogConfig: Setting CVar [[r.LensFlareQuality:2]]
[2020.05.01-18.47.24:077][  0]LogConfig: Setting CVar [[r.SceneColorFringeQuality:1]]
[2020.05.01-18.47.24:077][  0]LogConfig: Setting CVar [[r.EyeAdaptationQuality:2]]
[2020.05.01-18.47.24:078][  0]LogConfig: Setting CVar [[r.BloomQuality:5]]
[2020.05.01-18.47.24:078][  0]LogConfig: Setting CVar [[r.FastBlurThreshold:100]]
[2020.05.01-18.47.24:078][  0]LogConfig: Setting CVar [[r.Upscale.Quality:3]]
[2020.05.01-18.47.24:078][  0]LogConfig: Setting CVar [[r.Tonemapper.GrainQuantization:1]]
[2020.05.01-18.47.24:078][  0]LogConfig: Setting CVar [[r.LightShaftQuality:1]]
[2020.05.01-18.47.24:078][  0]LogConfig: Setting CVar [[r.Filter.SizeScale:1]]
[2020.05.01-18.47.24:078][  0]LogConfig: Setting CVar [[r.Tonemapper.Quality:5]]
[2020.05.01-18.47.24:078][  0]LogConfig: Setting CVar [[r.DOF.Gather.AccumulatorQuality:1        ; higher gathering accumulator quality]]
[2020.05.01-18.47.24:078][  0]LogConfig: Setting CVar [[r.DOF.Gather.PostfilterMethod:1          ; Median3x3 postfilering method]]
[2020.05.01-18.47.24:078][  0]LogConfig: Setting CVar [[r.DOF.Gather.EnableBokehSettings:0       ; no bokeh simulation when gathering]]
[2020.05.01-18.47.24:078][  0]LogConfig: Setting CVar [[r.DOF.Gather.RingCount:4                 ; medium number of samples when gathering]]
[2020.05.01-18.47.24:078][  0]LogConfig: Setting CVar [[r.DOF.Scatter.ForegroundCompositing:1    ; additive foreground scattering]]
[2020.05.01-18.47.24:078][  0]LogConfig: Setting CVar [[r.DOF.Scatter.BackgroundCompositing:2    ; additive background scattering]]
[2020.05.01-18.47.24:078][  0]LogConfig: Setting CVar [[r.DOF.Scatter.EnableBokehSettings:1      ; bokeh simulation when scattering]]
[2020.05.01-18.47.24:078][  0]LogConfig: Setting CVar [[r.DOF.Scatter.MaxSpriteRatio:0.1         ; only a maximum of 10% of scattered bokeh]]
[2020.05.01-18.47.24:078][  0]LogConfig: Setting CVar [[r.DOF.Recombine.Quality:1                ; cheap slight out of focus]]
[2020.05.01-18.47.24:078][  0]LogConfig: Setting CVar [[r.DOF.Recombine.EnableBokehSettings:0    ; no bokeh simulation on slight out of focus]]
[2020.05.01-18.47.24:078][  0]LogConfig: Setting CVar [[r.DOF.TemporalAAQuality:1                ; more stable temporal accumulation]]
[2020.05.01-18.47.24:078][  0]LogConfig: Setting CVar [[r.DOF.Kernel.MaxForegroundRadius:0.025]]
[2020.05.01-18.47.24:078][  0]LogConfig: Setting CVar [[r.DOF.Kernel.MaxBackgroundRadius:0.025]]
[2020.05.01-18.47.24:078][  0]LogConfig: Applying CVar settings from Section [TextureQuality@3] File [C:/Users/User/Desktop/TrabajoUnrealTPS/TrabajoTPS/Saved/Config/Windows/Scalability.ini]
[2020.05.01-18.47.24:078][  0]LogConfig: Setting CVar [[r.Streaming.MipBias:0]]
[2020.05.01-18.47.24:078][  0]LogConfig: Setting CVar [[r.Streaming.AmortizeCPUToGPUCopy:0]]
[2020.05.01-18.47.24:078][  0]LogConfig: Setting CVar [[r.Streaming.MaxNumTexturesToStreamPerFrame:0]]
[2020.05.01-18.47.24:078][  0]LogConfig: Setting CVar [[r.Streaming.Boost:1]]
[2020.05.01-18.47.24:078][  0]LogConfig: Setting CVar [[r.MaxAnisotropy:8]]
[2020.05.01-18.47.24:078][  0]LogConfig: Setting CVar [[r.Streaming.LimitPoolSizeToVRAM:0]]
[2020.05.01-18.47.24:078][  0]LogConfig: Setting CVar [[r.Streaming.PoolSize:1000]]
[2020.05.01-18.47.24:078][  0]LogConfig: Setting CVar [[r.Streaming.MaxEffectiveScreenSize:0]]
[2020.05.01-18.47.24:078][  0]LogConfig: Applying CVar settings from Section [EffectsQuality@3] File [C:/Users/User/Desktop/TrabajoUnrealTPS/TrabajoTPS/Saved/Config/Windows/Scalability.ini]
[2020.05.01-18.47.24:078][  0]LogConfig: Setting CVar [[r.TranslucencyLightingVolumeDim:64]]
[2020.05.01-18.47.24:078][  0]LogConfig: Setting CVar [[r.RefractionQuality:2]]
[2020.05.01-18.47.24:078][  0]LogConfig: Setting CVar [[r.SSR.Quality:3]]
[2020.05.01-18.47.24:078][  0]LogConfig: Setting CVar [[r.SceneColorFormat:4]]
[2020.05.01-18.47.24:078][  0]LogConfig: Setting CVar [[r.DetailMode:2]]
[2020.05.01-18.47.24:078][  0]LogConfig: Setting CVar [[r.TranslucencyVolumeBlur:1]]
[2020.05.01-18.47.24:078][  0]LogConfig: Setting CVar [[r.MaterialQualityLevel:1 ; High quality]]
[2020.05.01-18.47.24:078][  0]LogConfig: Setting CVar [[r.SSS.Scale:1]]
[2020.05.01-18.47.24:078][  0]LogConfig: Setting CVar [[r.SSS.SampleSet:2]]
[2020.05.01-18.47.24:078][  0]LogConfig: Setting CVar [[r.SSS.Quality:1]]
[2020.05.01-18.47.24:078][  0]LogConfig: Setting CVar [[r.SSS.HalfRes:1]]
[2020.05.01-18.47.24:078][  0]LogConfig: Setting CVar [[r.EmitterSpawnRateScale:1.0]]
[2020.05.01-18.47.24:078][  0]LogConfig: Setting CVar [[r.ParticleLightQuality:2]]
[2020.05.01-18.47.24:078][  0]LogConfig: Applying CVar settings from Section [FoliageQuality@3] File [C:/Users/User/Desktop/TrabajoUnrealTPS/TrabajoTPS/Saved/Config/Windows/Scalability.ini]
[2020.05.01-18.47.24:078][  0]LogConfig: Setting CVar [[foliage.DensityScale:1.0]]
[2020.05.01-18.47.24:078][  0]LogConfig: Setting CVar [[grass.DensityScale:1.0]]
[2020.05.01-18.47.24:078][  0]LogConfig: Applying CVar settings from Section [Startup] File [../../../Engine/Config/ConsoleVariables.ini]
[2020.05.01-18.47.24:084][  0]LogConfig: Setting CVar [[net.UseAdaptiveNetUpdateFrequency:0]]
[2020.05.01-18.47.24:084][  0]LogConfig: Setting CVar [[p.chaos.AllowCreatePhysxBodies:1]]
[2020.05.01-18.47.24:084][  0]LogConfig: Applying CVar settings from Section [ConsoleVariables] File [C:/Users/User/Desktop/TrabajoUnrealTPS/TrabajoTPS/Saved/Config/Windows/Engine.ini]
[2020.05.01-18.47.24:128][  0]LogInit: Computer: DESKTOP-N4V67P8
[2020.05.01-18.47.24:128][  0]LogInit: User: User
[2020.05.01-18.47.24:128][  0]LogInit: CPU Page size=4096, Cores=4
[2020.05.01-18.47.24:128][  0]LogInit: High frequency timer resolution =10.000000 MHz
[2020.05.01-18.47.24:129][  0]LogMemory: Memory total: Physical=15.9GB (16GB approx)
[2020.05.01-18.47.24:129][  0]LogMemory: Platform Memory Stats for Windows
[2020.05.01-18.47.24:129][  0]LogMemory: Process Physical Memory: 100.33 MB used, 100.34 MB peak
[2020.05.01-18.47.24:129][  0]LogMemory: Process Virtual Memory: 88.55 MB used, 88.55 MB peak
[2020.05.01-18.47.24:129][  0]LogMemory: Physical Memory: 7002.43 MB used,  9317.82 MB free, 16320.25 MB total
[2020.05.01-18.47.24:129][  0]LogMemory: Virtual Memory: 4656.45 MB used,  134213072.00 MB free, 134217728.00 MB total
[2020.05.01-18.47.24:137][  0]LogWindows: WindowsPlatformFeatures enabled
[2020.05.01-18.47.24:815][  0]LogInit: Using OS detected language (es-ES).
[2020.05.01-18.47.24:815][  0]LogInit: Using OS detected locale (es-ES).
[2020.05.01-18.47.24:818][  0]LogTextLocalizationManager: No specific localization for 'es-ES' exists, so the 'es' localization will be used.
[2020.05.01-18.47.25:108][  0]LogInit: Setting process to per monitor DPI aware
[2020.05.01-18.47.25:518][  0]LogSlate: New Slate User Created.  User Index 0, Is Virtual User: 0
[2020.05.01-18.47.25:518][  0]LogSlate: Slate User Registered.  User Index 0, Is Virtual User: 0
[2020.05.01-18.47.28:139][  0]LogHMD: Failed to initialize OpenVR with code 110
[2020.05.01-18.47.28:139][  0]LogD3D11RHI: D3D11 adapters:
[2020.05.01-18.47.28:231][  0]LogD3D11RHI:    0. 'NVIDIA GeForce GTX 1060 6GB' (Feature Level 11_0)
[2020.05.01-18.47.28:231][  0]LogD3D11RHI:       6052/0/8160 MB DedicatedVideo/DedicatedSystem/SharedSystem, Outputs:2, VendorId:0x10de
[2020.05.01-18.47.28:235][  0]LogD3D11RHI:    1. 'Microsoft Basic Render Driver' (Feature Level 11_0)
[2020.05.01-18.47.28:235][  0]LogD3D11RHI:       0/0/8160 MB DedicatedVideo/DedicatedSystem/SharedSystem, Outputs:0, VendorId:0x1414
[2020.05.01-18.47.28:235][  0]LogD3D11RHI: Chosen D3D11 Adapter: 0
[2020.05.01-18.47.28:256][  0]LogD3D11RHI: Creating new Direct3DDevice
[2020.05.01-18.47.28:256][  0]LogD3D11RHI:     GPU DeviceId: 0x1c03 (for the marketing name, search the web for "GPU Device Id")
[2020.05.01-18.47.28:268][  0]LogWindows: EnumDisplayDevices:
[2020.05.01-18.47.28:268][  0]LogWindows:    0. 'NVIDIA GeForce GTX 1060 6GB' (P:0 D:1)
[2020.05.01-18.47.28:268][  0]LogWindows:    1. 'NVIDIA GeForce GTX 1060 6GB' (P:1 D:1)
[2020.05.01-18.47.28:269][  0]LogWindows:    2. 'NVIDIA GeForce GTX 1060 6GB' (P:0 D:0)
[2020.05.01-18.47.28:269][  0]LogWindows:    3. 'NVIDIA GeForce GTX 1060 6GB' (P:0 D:0)
[2020.05.01-18.47.28:269][  0]LogWindows: DebugString: FoundDriverCount:4 
[2020.05.01-18.47.28:269][  0]LogD3D11RHI:     Adapter Name: NVIDIA GeForce GTX 1060 6GB
[2020.05.01-18.47.28:269][  0]LogD3D11RHI:   Driver Version: 442.59 (internal:26.21.14.4259, unified:442.59)
[2020.05.01-18.47.28:269][  0]LogD3D11RHI:      Driver Date: 3-4-2020
[2020.05.01-18.47.28:269][  0]LogRHI: Texture pool is 4236 MB (70% of 6052 MB)
[2020.05.01-18.47.28:346][  0]LogD3D11RHI: Async texture creation enabled
[2020.05.01-18.47.28:589][  0]LogD3D11RHI: GPU Timing Frequency: 1000.000000 (Debug: 2 1)
[2020.05.01-18.47.29:610][  0]LogTemp: Display: Module 'AllDesktopTargetPlatform' loaded TargetPlatform 'AllDesktop'
[2020.05.01-18.47.29:656][  0]LogTemp: Display: Module 'MacClientTargetPlatform' loaded TargetPlatform 'MacClient'
[2020.05.01-18.47.29:679][  0]LogTemp: Display: Module 'MacNoEditorTargetPlatform' loaded TargetPlatform 'MacNoEditor'
[2020.05.01-18.47.29:701][  0]LogTemp: Display: Module 'MacServerTargetPlatform' loaded TargetPlatform 'MacServer'
[2020.05.01-18.47.29:744][  0]LogTemp: Display: Module 'MacTargetPlatform' loaded TargetPlatform 'Mac'
[2020.05.01-18.47.29:784][  0]LogTemp: Display: Module 'WindowsClientTargetPlatform' loaded TargetPlatform 'WindowsClient'
[2020.05.01-18.47.29:807][  0]LogTemp: Display: Module 'WindowsNoEditorTargetPlatform' loaded TargetPlatform 'WindowsNoEditor'
[2020.05.01-18.47.29:830][  0]LogTemp: Display: Module 'WindowsServerTargetPlatform' loaded TargetPlatform 'WindowsServer'
[2020.05.01-18.47.29:849][  0]LogTemp: Display: Module 'WindowsTargetPlatform' loaded TargetPlatform 'Windows'
[2020.05.01-18.47.29:959][  0]LogTemp: Display: Module 'AndroidTargetPlatform' loaded TargetPlatform 'Android'
[2020.05.01-18.47.29:959][  0]LogTemp: Display: Module 'AndroidTargetPlatform' loaded TargetPlatform 'Android_ASTC'
[2020.05.01-18.47.29:959][  0]LogTemp: Display: Module 'AndroidTargetPlatform' loaded TargetPlatform 'Android_ATC'
[2020.05.01-18.47.29:959][  0]LogTemp: Display: Module 'AndroidTargetPlatform' loaded TargetPlatform 'Android_DXT'
[2020.05.01-18.47.29:959][  0]LogTemp: Display: Module 'AndroidTargetPlatform' loaded TargetPlatform 'Android_ETC1'
[2020.05.01-18.47.29:959][  0]LogTemp: Display: Module 'AndroidTargetPlatform' loaded TargetPlatform 'Android_ETC1a'
[2020.05.01-18.47.29:959][  0]LogTemp: Display: Module 'AndroidTargetPlatform' loaded TargetPlatform 'Android_ETC2'
[2020.05.01-18.47.29:959][  0]LogTemp: Display: Module 'AndroidTargetPlatform' loaded TargetPlatform 'Android_PVRTC'
[2020.05.01-18.47.29:960][  0]LogTemp: Display: Module 'AndroidTargetPlatform' loaded TargetPlatform 'AndroidClient'
[2020.05.01-18.47.29:960][  0]LogTemp: Display: Module 'AndroidTargetPlatform' loaded TargetPlatform 'Android_ASTCClient'
[2020.05.01-18.47.29:960][  0]LogTemp: Display: Module 'AndroidTargetPlatform' loaded TargetPlatform 'Android_ATCClient'
[2020.05.01-18.47.29:960][  0]LogTemp: Display: Module 'AndroidTargetPlatform' loaded TargetPlatform 'Android_DXTClient'
[2020.05.01-18.47.29:960][  0]LogTemp: Display: Module 'AndroidTargetPlatform' loaded TargetPlatform 'Android_ETC1Client'
[2020.05.01-18.47.29:960][  0]LogTemp: Display: Module 'AndroidTargetPlatform' loaded TargetPlatform 'Android_ETC1aClient'
[2020.05.01-18.47.29:960][  0]LogTemp: Display: Module 'AndroidTargetPlatform' loaded TargetPlatform 'Android_ETC2Client'
[2020.05.01-18.47.29:960][  0]LogTemp: Display: Module 'AndroidTargetPlatform' loaded TargetPlatform 'Android_PVRTCClient'
[2020.05.01-18.47.29:960][  0]LogTemp: Display: Module 'AndroidTargetPlatform' loaded TargetPlatform 'Android_Multi'
[2020.05.01-18.47.29:960][  0]LogTemp: Display: Module 'AndroidTargetPlatform' loaded TargetPlatform 'Android_MultiClient'
[2020.05.01-18.47.29:991][  0]LogTemp: Display: Module 'HTML5TargetPlatform' loaded TargetPlatform 'HTML5'
[2020.05.01-18.47.30:117][  0]LogTemp: Display: Module 'IOSTargetPlatform' loaded TargetPlatform 'IOSClient'
[2020.05.01-18.47.30:117][  0]LogTemp: Display: Module 'IOSTargetPlatform' loaded TargetPlatform 'IOS'
[2020.05.01-18.47.30:160][  0]LogTemp: Display: Module 'TVOSTargetPlatform' loaded TargetPlatform 'TVOSClient'
[2020.05.01-18.47.30:160][  0]LogTemp: Display: Module 'TVOSTargetPlatform' loaded TargetPlatform 'TVOS'
[2020.05.01-18.47.30:204][  0]LogTemp: Display: Module 'LinuxClientTargetPlatform' loaded TargetPlatform 'LinuxClient'
[2020.05.01-18.47.30:226][  0]LogTemp: Display: Module 'LinuxNoEditorTargetPlatform' loaded TargetPlatform 'LinuxNoEditor'
[2020.05.01-18.47.30:264][  0]LogTemp: Display: Module 'LinuxServerTargetPlatform' loaded TargetPlatform 'LinuxServer'
[2020.05.01-18.47.30:294][  0]LogTemp: Display: Module 'LinuxTargetPlatform' loaded TargetPlatform 'Linux'
[2020.05.01-18.47.30:363][  0]LogTemp: Display: Module 'LuminTargetPlatform' loaded TargetPlatform 'Lumin'
[2020.05.01-18.47.30:363][  0]LogTemp: Display: Module 'LuminTargetPlatform' loaded TargetPlatform 'LuminClient'
[2020.05.01-18.47.30:363][  0]LogTargetPlatformManager: Display: Building Assets For Windows
[2020.05.01-18.47.30:520][  0]LogAudioDebug: Display: Lib vorbis DLL was dynamically loaded.
[2020.05.01-18.47.31:208][  0]LogShaderCompilers: Guid format shader working directory is -5 characters bigger than the processId version (C:/Users/User/Desktop/TrabajoUnrealTPS/TrabajoTPS/Intermediate/Shaders/WorkingDirectory/11596/).
[2020.05.01-18.47.31:208][  0]LogShaderCompilers: Cleaned the shader compiler working directory 'C:/Users/User/AppData/Local/Temp/UnrealShaderWorkingDir/D53E577749FCFB9366CCD38CBC1EFAA8/'.
[2020.05.01-18.47.31:245][  0]LogXGEController: Cleaning working directory: C:/Users/User/AppData/Local/Temp/UnrealXGEWorkingDir/
[2020.05.01-18.47.31:246][  0]LogXGEController: Cannot use XGE Controller as Incredibuild is not installed on this machine.
[2020.05.01-18.47.31:246][  0]LogShaderCompilers: Cannot use XGE Shader Compiler as Incredibuild is not installed on this machine.
[2020.05.01-18.47.31:246][  0]LogShaderCompilers: Display: Using Local Shader Compiler.
[2020.05.01-18.47.34:548][  0]LogDerivedDataCache: Display: Max Cache Size: 512 MB
[2020.05.01-18.47.34:548][  0]LogDerivedDataCache: Display: Starting with empty Boot cache
[2020.05.01-18.47.34:548][  0]LogDerivedDataCache: FDerivedDataBackendGraph:  Pak pak cache file C:/Users/User/Desktop/TrabajoUnrealTPS/TrabajoTPS/DerivedDataCache/DDC.ddp not found, will not use a pak cache.
[2020.05.01-18.47.34:548][  0]LogDerivedDataCache: Unable to find inner node Pak for hierarchical cache Hierarchy.
[2020.05.01-18.47.34:548][  0]LogDerivedDataCache: FDerivedDataBackendGraph:  CompressedPak pak cache file C:/Users/User/Desktop/TrabajoUnrealTPS/TrabajoTPS/DerivedDataCache/Compressed.ddp not found, will not use a pak cache.
[2020.05.01-18.47.34:548][  0]LogDerivedDataCache: Unable to find inner node CompressedPak for hierarchical cache Hierarchy.
[2020.05.01-18.47.34:598][  0]LogDerivedDataCache: Display: Pak cache opened for reading ../../../Engine/DerivedDataCache/Compressed.ddp.
[2020.05.01-18.47.34:598][  0]LogDerivedDataCache: FDerivedDataBackendGraph:  EnterprisePak pak cache file ../../../Enterprise/DerivedDataCache/Compressed.ddp not found, will not use a pak cache.
[2020.05.01-18.47.34:598][  0]LogDerivedDataCache: Unable to find inner node EnterprisePak for hierarchical cache Hierarchy.
[2020.05.01-18.47.34:600][  0]LogDerivedDataCache: Using Local data cache path C:/Users/User/AppData/Local/UnrealEngine/Common/DerivedDataCache: Writable
[2020.05.01-18.47.34:600][  0]LogDerivedDataCache: Shared data cache path not found in *engine.ini, will not use an Shared cache.
[2020.05.01-18.47.34:600][  0]LogDerivedDataCache: Unable to find inner node Shared for hierarchical cache Hierarchy.
[2020.05.01-18.47.34:791][  0]LogMaterial: Verifying Global Shaders for PCD3D_SM5
[2020.05.01-18.47.34:841][  0]LogSlate: Using FreeType 2.6.0
[2020.05.01-18.47.34:935][  0]LogSlate: SlateFontServices - WITH_FREETYPE: 1, WITH_HARFBUZZ: 1
[2020.05.01-18.47.35:958][  0]LogAssetRegistry: FAssetRegistry took 0.0061 seconds to start up
[2020.05.01-18.47.39:397][  0]LogInit: Selected Device Profile: [Windows]
[2020.05.01-18.47.41:247][  0]LogMeshReduction: Using QuadricMeshReduction for automatic static mesh reduction
[2020.05.01-18.47.41:247][  0]LogMeshReduction: Using SimplygonMeshReduction for automatic skeletal mesh reduction
[2020.05.01-18.47.41:247][  0]LogMeshReduction: Using ProxyLODMeshReduction for automatic mesh merging
[2020.05.01-18.47.41:247][  0]LogMeshReduction: No distributed automatic mesh merging module available
[2020.05.01-18.47.41:264][  0]LogMeshMerging: No distributed automatic mesh merging module available
[2020.05.01-18.47.41:791][  0]LogNetVersion: TrabajoTPS 1.0.0, NetCL: 8386587, EngineNetVer: 11, GameNetVer: 0 (Checksum: 3956719085)
[2020.05.01-18.47.46:343][  0]LogPackageLocalizationCache: Processed 12 localized package path(s) for 1 prioritized culture(s) in 0.074598 seconds
[2020.05.01-18.47.46:394][  0]LogUObjectArray: 43444 objects as part of root set at end of initial load.
[2020.05.01-18.47.46:394][  0]LogUObjectAllocator: 7548648 out of 0 bytes used by permanent object pool.
[2020.05.01-18.47.46:394][  0]LogUObjectArray: CloseDisregardForGC: 0/0 objects in disregard for GC pool
[2020.05.01-18.48.00:148][  0]LogTcpMessaging: Initializing TcpMessaging bridge
[2020.05.01-18.48.00:194][  0]LogUdpMessaging: Initializing bridge on interface 0.0.0.0:0 to multicast group 230.0.0.1:6666.
[2020.05.01-18.48.01:084][  0]SourceControl: El control de código fuente está desactivado
[2020.05.01-18.48.01:093][  0]SourceControl: El control de código fuente está desactivado
[2020.05.01-18.48.01:197][  0]SourceControl: El control de código fuente está desactivado
[2020.05.01-18.48.01:216][  0]SourceControl: El control de código fuente está desactivado
[2020.05.01-18.48.02:647][  0]LogAndroidPermission: UAndroidPermissionCallbackProxy::GetInstance
[2020.05.01-18.48.03:457][  0]LogOcInput: OculusInput pre-init called
[2020.05.01-18.48.03:545][  0]LogWindows: Failed to load 'OVRPlugin.dll' (GetLastError=126)
[2020.05.01-18.48.03:546][  0]LogWindows: File 'OVRPlugin.dll' does not exist
[2020.05.01-18.48.04:594][  0]LogEngine: Initializing Engine...
[2020.05.01-18.48.04:628][  0]LogHMD: Failed to initialize OpenVR with code 110
[2020.05.01-18.48.04:685][  0]LogStats: UGameplayTagsManager::InitializeManager -  0.044 s
[2020.05.01-18.48.05:386][  0]LogInit: Initializing FReadOnlyCVARCache
[2020.05.01-18.48.06:006][  0]LogAIModule: Creating AISystem for world Untitled
[2020.05.01-18.48.06:239][  0]LogInit: XAudio2 using 'Altavoces (Realtek High Definition Audio)' : 2 channels at 48 kHz using 32 bits per sample (channel mask 0x3)
[2020.05.01-18.48.06:268][  0]LogInit: FAudioDevice initialized.
[2020.05.01-18.48.06:276][  0]LogNetVersion: Set ProjectVersion to 1.0.0.0. Version Checksum will be recalculated on next use.
[2020.05.01-18.48.06:666][  0]LogDerivedDataCache: Saved boot cache 0.39s 74MB C:/Users/User/AppData/Local/UnrealEngine/4.23/DerivedDataCache/Boot.ddc.
[2020.05.01-18.48.06:675][  0]LogInit: Texture streaming: Enabled
[2020.05.01-18.48.06:897][  0]LogEngineSessionManager: EngineSessionManager initialized
[2020.05.01-18.48.06:897][  0]LogEditorSessionSummary: Verbose: Initializing EditorSessionSummaryWriter for editor session tracking
[2020.05.01-18.48.06:898][  0]LogEditorSessionSummary: EditorSessionSummaryWriter initialized
[2020.05.01-18.48.07:205][  0]LogInit: Transaction tracking system initialized
[2020.05.01-18.48.07:690][  0]BlueprintLog: New page: Cargar el editor
[2020.05.01-18.48.09:571][  0]LocalizationService: Localization service is disabled
[2020.05.01-18.48.11:357][  0]LogFileCache: Scanning file cache for directory 'C:/Users/User/Desktop/TrabajoUnrealTPS/TrabajoTPS/Content/' took 0.01s
[2020.05.01-18.48.11:357][  0]LogCook: Display: Max memory allowance for cook 16384mb min free memory 0mb
[2020.05.01-18.48.11:358][  0]LogCook: Display: Mobile HDR setting 1
[2020.05.01-18.48.13:668][  0]SourceControl: El control de código fuente está desactivado
[2020.05.01-18.48.13:684][  0]Cmd: MAP LOAD FILE="C:/Users/User/Desktop/TrabajoUnrealTPS/TrabajoTPS/Content/ThirdPersonBP/Maps/ThirdPersonExampleMap.umap" TEMPLATE=0 SHOWPROGRESS=1 FEATURELEVEL=3
[2020.05.01-18.48.13:687][  0]LightingResults: New page: Diseñar la iluminación
[2020.05.01-18.48.13:874][  0]LogWorld: UWorld::CleanupWorld for Untitled, bSessionEnded=true, bCleanupResources=true
[2020.05.01-18.48.13:987][  0]MapCheck: New page: Revisión del mapa
[2020.05.01-18.48.13:987][  0]LightingResults: New page: Diseñar la iluminación
[2020.05.01-18.48.14:545][  0]LogUObjectHash: Compacting FUObjectHashTables data took   1.99ms
[2020.05.01-18.48.15:242][  0]LogLinker: Warning: While loading 'C:/Users/User/Desktop/TrabajoUnrealTPS/TrabajoTPS/Content/ThirdPersonBP/Maps/ThirdPersonExampleMap.umap' failed to load '/Game/ThirdPersonBP/Maps/ThirdPersonExampleMap_BuiltData': No puede encontrar el archivo
[2020.05.01-18.48.15:243][  0]LogLinker: Warning: While loading 'C:/Users/User/Desktop/TrabajoUnrealTPS/TrabajoTPS/Content/ThirdPersonBP/Maps/ThirdPersonExampleMap.umap' failed to load '/Game/ThirdPersonBP/Maps/ThirdPersonExampleMap_BuiltData': No puede encontrar el archivo para el activo.
[2020.05.01-18.48.15:251][  0]LogLinker: Warning: While loading 'C:/Users/User/Desktop/TrabajoUnrealTPS/TrabajoTPS/Content/ThirdPersonBP/Maps/ThirdPersonExampleMap.umap' failed to load '/Game/ThirdPersonBP/Maps/ThirdPersonExampleMap_BuiltData': No puede encontrar el archivo
[2020.05.01-18.48.15:251][  0]LogLinker: Warning: While loading 'C:/Users/User/Desktop/TrabajoUnrealTPS/TrabajoTPS/Content/ThirdPersonBP/Maps/ThirdPersonExampleMap.umap' failed to load '/Game/ThirdPersonBP/Maps/ThirdPersonExampleMap_BuiltData': No puede encontrar el archivo para el activo.
[2020.05.01-18.48.15:263][  0]LogLinker: Warning: Error al cargar '{FileName}': No puede encontrar el archivo
[2020.05.01-18.48.15:264][  0]LogLinker: Warning: Error al cargar '{FileName}': No puede encontrar el archivo para el activo.
[2020.05.01-18.48.15:264][  0]LogLinker: Warning: Error al cargar '{FileName}': No puede encontrar el archivo
[2020.05.01-18.48.15:264][  0]LogLinker: Warning: Error al cargar '{FileName}': No puede encontrar el archivo para el activo.
[2020.05.01-18.48.15:429][  0]LogLinker: Warning: While loading 'C:/Users/User/Desktop/TrabajoUnrealTPS/TrabajoTPS/Content/ThirdPersonBP/Maps/ThirdPersonExampleMap.umap' failed to load '/Game/ThirdPersonBP/Maps/ThirdPersonExampleMap_BuiltData': No puede encontrar el archivo
[2020.05.01-18.48.15:429][  0]LoadErrors: Error al cargar /Game/ThirdPersonBP/Maps/ThirdPersonExampleMap_BuiltData.ThirdPersonExampleMap_BuiltData Referenciado por PersistentLevel
[2020.05.01-18.48.15:430][  0]LogLinker: Warning: While loading 'C:/Users/User/Desktop/TrabajoUnrealTPS/TrabajoTPS/Content/ThirdPersonBP/Maps/ThirdPersonExampleMap.umap' failed to load '/Game/ThirdPersonBP/Maps/ThirdPersonExampleMap_BuiltData': No puede encontrar el archivo para el activo.
[2020.05.01-18.48.15:430][  0]LoadErrors: Error al cargar /Game/ThirdPersonBP/Maps/ThirdPersonExampleMap_BuiltData.ThirdPersonExampleMap_BuiltData Referenciado por PersistentLevel
[2020.05.01-18.48.15:898][  0]LogAIModule: Creating AISystem for world ThirdPersonExampleMap
[2020.05.01-18.48.16:510][  0]LogEditorServer: Finished looking for orphan Actors (0.000 secs)
[2020.05.01-18.48.16:607][  0]LogUObjectHash: Compacting FUObjectHashTables data took   2.08ms
[2020.05.01-18.48.16:618][  0]Cmd: MAP CHECKDEP NOCLEARLOG
[2020.05.01-18.48.16:623][  0]MapCheck: Map check complete: 0 Error(s), 0 Warning(s), took 5,139ms to complete.
[2020.05.01-18.48.16:623][  0]LogFileHelpers: Loading map 'ThirdPersonExampleMap' took 2.940
[2020.05.01-18.48.18:588][  0]LogSlate: Updating window title bar state: overlay mode, drag disabled, window buttons hidden, title bar hidden
[2020.05.01-18.48.18:597][  0]LogSlate: Updating window title bar state: overlay mode, drag disabled, window buttons hidden, title bar hidden
[2020.05.01-18.48.18:604][  0]LogSlate: Updating window title bar state: overlay mode, drag disabled, window buttons hidden, title bar hidden
[2020.05.01-18.48.18:611][  0]LogSlate: Updating window title bar state: overlay mode, drag disabled, window buttons hidden, title bar hidden
[2020.05.01-18.48.18:721][  0]LogCollectionManager: Loaded 0 collections in 0.000971 seconds
[2020.05.01-18.48.18:833][  0]LogFileCache: Scanning file cache for directory 'C:/Users/User/Desktop/TrabajoUnrealTPS/TrabajoTPS/Saved/Collections/' took 0.00s
[2020.05.01-18.48.18:833][  0]LogFileCache: Scanning file cache for directory 'C:/Users/User/Desktop/TrabajoUnrealTPS/TrabajoTPS/Content/Developers/User/Collections/' took 0.00s
[2020.05.01-18.48.18:833][  0]LogFileCache: Scanning file cache for directory 'C:/Users/User/Desktop/TrabajoUnrealTPS/TrabajoTPS/Content/Collections/' took 0.00s
[2020.05.01-18.48.18:833][  0]LogCollectionManager: Rebuilt the GUID cache for 0 collections in 0.000002 seconds
[2020.05.01-18.48.18:853][  0]LogContentBrowser: Native class hierarchy populated in 0.0085 seconds. Added 2863 classes and 680 folders.
[2020.05.01-18.48.18:955][  0]LogContentBrowser: Native class hierarchy updated for 'WidgetCarousel' in 0.0002 seconds. Added 0 classes and 0 folders.
[2020.05.01-18.48.19:085][  0]LogContentBrowser: Native class hierarchy updated for 'AddContentDialog' in 0.0002 seconds. Added 0 classes and 0 folders.
[2020.05.01-18.48.19:154][  0]LogContentBrowser: Native class hierarchy updated for 'SceneOutliner' in 0.0002 seconds. Added 1 classes and 2 folders.
[2020.05.01-18.48.19:662][  0]LogSlate: Took 0.036893 seconds to synchronously load lazily loaded font '../../../Engine/Content/Slate/Fonts/Roboto-Regular.ttf' (155K)
[2020.05.01-18.48.19:701][  0]LogSlate: Took 0.027004 seconds to synchronously load lazily loaded font '../../../Engine/Content/Slate/Fonts/Roboto-Bold.ttf' (160K)
[2020.05.01-18.48.19:775][  0]LogSlate: Took 0.008786 seconds to synchronously load lazily loaded font '../../../Engine/Content/Editor/Slate/Fonts/FontAwesome.ttf' (139K)
[2020.05.01-18.48.20:286][  0]LogRenderer: Reallocating scene render targets to support 1208x600 Format 10 NumSamples 1 (Frame:1).
[2020.05.01-18.48.20:830][  0]LogSlate: FSceneViewport::OnFocusLost() reason 5
[2020.05.01-18.48.20:940][  0]LogSlate: Window 'Tutoriales' being destroyed
[2020.05.01-18.48.21:035][  0]LogContentBrowser: Native class hierarchy updated for 'HierarchicalLODOutliner' in 0.0002 seconds. Added 0 classes and 0 folders.
[2020.05.01-18.48.21:035][  0]LogLoad: (Engine Initialization) Total time: 68.03 seconds
[2020.05.01-18.48.21:035][  0]LogLoad: (Engine Initialization) Total Blueprint compile time: 0.00 seconds
[2020.05.01-18.48.21:501][  0]LogContentStreaming: Texture pool size now 1000 MB
[2020.05.01-18.48.21:595][  0]LogSlate: FSceneViewport::OnFocusLost() reason 5
[2020.05.01-18.48.21:756][  0]LogSlate: Took 0.015378 seconds to synchronously load lazily loaded font '../../../Engine/Content/Slate/Fonts/Roboto-Light.ttf' (167K)
[2020.05.01-18.48.21:980][  1]LogAssetRegistry: Asset discovery search completed in 46.0240 seconds
[2020.05.01-18.48.22:000][  1]LogCollectionManager: Rebuilt the object cache for 0 collections in 0.000014 seconds (found 0 objects)
[2020.05.01-18.48.22:000][  1]LogCollectionManager: Fixed up redirectors for 0 collections in 0.000100 seconds (updated 0 objects)
[2020.05.01-18.48.49:883][ 95]LogSlate: Window 'Registro del mensaje' being destroyed
[2020.05.01-18.48.49:893][ 95]LogSlate: Window 'Registro del mensaje' being destroyed
[2020.05.01-18.48.53:748][488]LogSlate: FSceneViewport::OnFocusLost() reason 5
[2020.05.01-18.48.55:652][595]LogSlate: FSceneViewport::OnFocusLost() reason 5
[2020.05.01-18.48.56:073][637]LogSlate: FSceneViewport::OnFocusLost() reason 5
[2020.05.01-18.48.58:266][852]LogUObjectHash: Compacting FUObjectHashTables data took   1.15ms
[2020.05.01-18.49.02:314][318]LogSlate: FSceneViewport::OnFocusLost() reason 5
[2020.05.01-18.49.04:948][593]LogUObjectHash: Compacting FUObjectHashTables data took   0.62ms
[2020.05.01-18.49.06:081][715]LogSlate: FSceneViewport::OnFocusLost() reason 0
[2020.05.01-18.49.06:186][725]LogUObjectHash: Compacting FUObjectHashTables data took   0.60ms
[2020.05.01-18.49.06:304][725]LogSlate: Window 'TrabajoTPS - Unreal Editor' being destroyed
[2020.05.01-18.49.06:305][725]LogWindowsTextInputMethodSystem: Display: IME system now deactivated.
[2020.05.01-18.49.06:704][726]Cmd: QUIT_EDITOR
[2020.05.01-18.49.07:053][726]LogExit: Preparing to exit.
[2020.05.01-18.49.07:749][726]LogDemo: Cleaned up 0 splitscreen connections with owner deletion
[2020.05.01-18.49.07:824][726]LogWorld: UWorld::CleanupWorld for None, bSessionEnded=true, bCleanupResources=true
[2020.05.01-18.49.07:824][726]LogExit: Editor shut down
[2020.05.01-18.49.07:824][726]LogExit: Transaction tracking system shut down
[2020.05.01-18.49.09:333][726]LogExit: Object subsystem successfully closed.
[2020.05.01-18.49.09:495][726]LogShaderCompilers: Display: Shaders left to compile 0
[2020.05.01-18.49.10:524][726]LogModuleManager: Shutting down and abandoning module HierarchicalLODOutliner (668)
[2020.05.01-18.49.10:524][726]LogModuleManager: Shutting down and abandoning module SceneOutliner (666)
[2020.05.01-18.49.10:524][726]LogModuleManager: Shutting down and abandoning module AddContentDialog (664)
[2020.05.01-18.49.10:540][726]LogModuleManager: Shutting down and abandoning module WidgetCarousel (663)
[2020.05.01-18.49.10:540][726]LogModuleManager: Shutting down and abandoning module EditorWidgets (660)
[2020.05.01-18.49.10:540][726]LogModuleManager: Shutting down and abandoning module CollectionManager (658)
[2020.05.01-18.49.10:568][726]LogModuleManager: Shutting down and abandoning module StatsViewer (656)
[2020.05.01-18.49.10:584][726]LogModuleManager: Shutting down and abandoning module VirtualTexturingEditor (654)
[2020.05.01-18.49.10:584][726]LogModuleManager: Shutting down and abandoning module FoliageEdit (652)
[2020.05.01-18.49.10:594][726]LogModuleManager: Shutting down and abandoning module LandscapeEditor (650)
[2020.05.01-18.49.10:617][726]LogModuleManager: Shutting down and abandoning module MeshPaintMode (648)
[2020.05.01-18.49.10:617][726]LogModuleManager: Shutting down and abandoning module SceneDepthPickerMode (646)
[2020.05.01-18.49.10:617][726]LogModuleManager: Shutting down and abandoning module ActorPickerMode (644)
[2020.05.01-18.49.10:617][726]LogModuleManager: Shutting down and abandoning module GeometryMode (642)
[2020.05.01-18.49.10:622][726]LogModuleManager: Shutting down and abandoning module TextureAlignMode (640)
[2020.05.01-18.49.10:622][726]LogModuleManager: Shutting down and abandoning module BspMode (638)
[2020.05.01-18.49.10:622][726]LogModuleManager: Shutting down and abandoning module PIEPreviewDeviceProfileSelector (636)
[2020.05.01-18.49.10:623][726]LogModuleManager: Shutting down and abandoning module SequenceRecorderSections (634)
[2020.05.01-18.49.10:637][726]LogModuleManager: Shutting down and abandoning module AutomationWorker (632)
[2020.05.01-18.49.10:637][726]LogModuleManager: Shutting down and abandoning module OculusMR (630)
[2020.05.01-18.49.10:637][726]LogModuleManager: Shutting down and abandoning module AudioCaptureEditor (628)
[2020.05.01-18.49.10:637][726]LogModuleManager: Shutting down and abandoning module MatineeToLevelSequence (626)
[2020.05.01-18.49.10:653][726]LogModuleManager: Shutting down and abandoning module LevelSequenceEditor (624)
[2020.05.01-18.49.10:730][726]LogModuleManager: Shutting down and abandoning module PlacementMode (623)
[2020.05.01-18.49.10:730][726]LogModuleManager: Shutting down and abandoning module MaterialEditor (622)
[2020.05.01-18.49.10:756][726]LogModuleManager: Shutting down and abandoning module ActorSequenceEditor (618)
[2020.05.01-18.49.10:757][726]LogModuleManager: Shutting down and abandoning module WmfMediaFactory (616)
[2020.05.01-18.49.10:757][726]LogModuleManager: Shutting down and abandoning module WmfMediaEditor (614)
[2020.05.01-18.49.10:757][726]LogModuleManager: Shutting down and abandoning module WebMMediaFactory (612)
[2020.05.01-18.49.10:757][726]LogModuleManager: Shutting down and abandoning module WebMMediaEditor (610)
[2020.05.01-18.49.10:757][726]LogModuleManager: Shutting down and abandoning module WebMMedia (608)
[2020.05.01-18.49.10:758][726]LogModuleManager: Shutting down and abandoning module MediaPlayerEditor (606)
[2020.05.01-18.49.10:776][726]LogModuleManager: Shutting down and abandoning module MediaCompositingEditor (604)
[2020.05.01-18.49.10:799][726]LogModuleManager: Shutting down and abandoning module SequenceRecorder (603)
[2020.05.01-18.49.10:799][726]LogModuleManager: Shutting down and abandoning module OpenExrWrapper (600)
[2020.05.01-18.49.10:799][726]LogModuleManager: Shutting down and abandoning module ImgMediaFactory (598)
[2020.05.01-18.49.10:799][726]LogModuleManager: Shutting down and abandoning module ImgMediaEditor (596)
[2020.05.01-18.49.10:799][726]LogModuleManager: Shutting down and abandoning module AvfMediaFactory (594)
[2020.05.01-18.49.10:799][726]LogModuleManager: Shutting down and abandoning module AvfMediaEditor (592)
[2020.05.01-18.49.10:799][726]LogModuleManager: Shutting down and abandoning module AndroidMediaFactory (590)
[2020.05.01-18.49.10:799][726]LogModuleManager: Shutting down and abandoning module AndroidMediaEditor (588)
[2020.05.01-18.49.10:799][726]LogModuleManager: Shutting down and abandoning module MagicLeapCameraPreviewFactory (586)
[2020.05.01-18.49.10:800][726]LogModuleManager: Shutting down and abandoning module MagicLeapMediaCodecFactory (584)
[2020.05.01-18.49.10:800][726]LogModuleManager: Shutting down and abandoning module MagicLeapMediaFactory (582)
[2020.05.01-18.49.10:800][726]LogModuleManager: Shutting down and abandoning module MagicLeapMediaEditor (580)
[2020.05.01-18.49.10:800][726]LogModuleManager: Shutting down and abandoning module CharacterAI (578)
[2020.05.01-18.49.10:800][726]LogModuleManager: Shutting down and abandoning module SmartSnapping (576)
[2020.05.01-18.49.10:800][726]LogModuleManager: Shutting down and abandoning module SessionServices (574)
[2020.05.01-18.49.10:800][726]LogModuleManager: Shutting down and abandoning module MeshPaint (572)
[2020.05.01-18.49.10:815][726]LogModuleManager: Shutting down and abandoning module ViewportSnapping (570)
[2020.05.01-18.49.10:815][726]LogModuleManager: Shutting down and abandoning module ViewportInteraction (568)
[2020.05.01-18.49.10:815][726]LogModuleManager: Shutting down and abandoning module ClothPainter (566)
[2020.05.01-18.49.10:837][726]LogModuleManager: Shutting down and abandoning module SkeletalMeshEditor (565)
[2020.05.01-18.49.10:838][726]LogModuleManager: Shutting down and abandoning module LogVisualizer (562)
[2020.05.01-18.49.10:839][726]LogModuleManager: Shutting down and abandoning module IntroTutorials (560)
[2020.05.01-18.49.10:839][726]LogModuleManager: Shutting down and abandoning module GameProjectGeneration (559)
[2020.05.01-18.49.10:851][726]LogModuleManager: Shutting down and abandoning module LuminPlatformEditor (556)
[2020.05.01-18.49.10:851][726]LogModuleManager: Shutting down and abandoning module IOSPlatformEditor (554)
[2020.05.01-18.49.10:851][726]LogModuleManager: Shutting down and abandoning module HTML5PlatformEditor (552)
[2020.05.01-18.49.10:851][726]LogModuleManager: Shutting down and abandoning module AndroidPlatformEditor (550)
[2020.05.01-18.49.10:851][726]LogModuleManager: Shutting down and abandoning module AndroidDeviceDetection (549)
[2020.05.01-18.49.11:063][726]LogModuleManager: Shutting down and abandoning module WindowsPlatformEditor (546)
[2020.05.01-18.49.11:063][726]LogModuleManager: Shutting down and abandoning module LuminRuntimeSettings (544)
[2020.05.01-18.49.11:063][726]LogModuleManager: Shutting down and abandoning module IOSRuntimeSettings (542)
[2020.05.01-18.49.11:063][726]LogModuleManager: Shutting down and abandoning module AndroidRuntimeSettings (540)
[2020.05.01-18.49.11:063][726]LogModuleManager: Shutting down and abandoning module TimeManagementEditor (538)
[2020.05.01-18.49.11:063][726]LogModuleManager: Shutting down and abandoning module InputBindingEditor (536)
[2020.05.01-18.49.11:064][726]LogModuleManager: Shutting down and abandoning module MergeActors (534)
[2020.05.01-18.49.11:076][726]LogModuleManager: Shutting down and abandoning module LocalizationDashboard (532)
[2020.05.01-18.49.11:086][726]LogModuleManager: Shutting down and abandoning module LocalizationService (531)
[2020.05.01-18.49.11:090][726]LogModuleManager: Shutting down and abandoning module HardwareTargeting (528)
[2020.05.01-18.49.11:090][726]LogModuleManager: Shutting down and abandoning module DeviceProfileEditor (526)
[2020.05.01-18.49.11:105][726]LogModuleManager: Shutting down and abandoning module UndoHistory (524)
[2020.05.01-18.49.11:120][726]LogModuleManager: Shutting down and abandoning module XmlParser (522)
[2020.05.01-18.49.11:122][726]LogModuleManager: Shutting down and abandoning module Blutility (520)
[2020.05.01-18.49.11:130][726]LogModuleManager: Shutting down and abandoning module ProjectSettingsViewer (518)
[2020.05.01-18.49.11:130][726]LogModuleManager: Shutting down and abandoning module ProjectTargetPlatformEditor (517)
[2020.05.01-18.49.11:130][726]LogModuleManager: Shutting down and abandoning module EditorSettingsViewer (514)
[2020.05.01-18.49.11:130][726]LogModuleManager: Shutting down and abandoning module SettingsEditor (512)
[2020.05.01-18.49.11:160][726]LogModuleManager: Shutting down and abandoning module ProjectLauncher (510)
[2020.05.01-18.49.11:161][726]LogModuleManager: Shutting down and abandoning module SessionFrontend (508)
[2020.05.01-18.49.11:169][726]LogModuleManager: Shutting down and abandoning module ProfilerClient (506)
[2020.05.01-18.49.11:176][726]LogModuleManager: Shutting down and abandoning module DeviceManager (504)
[2020.05.01-18.49.11:187][726]LogModuleManager: Shutting down and abandoning module TargetDeviceServices (503)
[2020.05.01-18.49.11:246][726]LogModuleManager: Shutting down and abandoning module AutomationController (500)
[2020.05.01-18.49.11:256][726]LogModuleManager: Shutting down and abandoning module AutomationWindow (498)
[2020.05.01-18.49.11:259][726]LogModuleManager: Shutting down and abandoning module Layers (496)
[2020.05.01-18.49.11:281][726]LogModuleManager: Shutting down and abandoning module ComponentVisualizers (494)
[2020.05.01-18.49.11:281][726]LogModuleManager: Shutting down and abandoning module DetailCustomizations (492)
[2020.05.01-18.49.11:295][726]LogModuleManager: Shutting down and abandoning module PackagesDialog (490)
[2020.05.01-18.49.11:296][726]LogModuleManager: Shutting down and abandoning module AnimationBlueprintEditor (488)
[2020.05.01-18.49.11:313][726]LogModuleManager: Shutting down and abandoning module Persona (486)
[2020.05.01-18.49.11:347][726]LogModuleManager: Shutting down and abandoning module AdvancedPreviewScene (485)
[2020.05.01-18.49.11:347][726]LogModuleManager: Shutting down and abandoning module AnimGraph (483)
[2020.05.01-18.49.11:347][726]LogModuleManager: Shutting down and abandoning module Kismet (480)
[2020.05.01-18.49.11:424][726]LogModuleManager: Shutting down and abandoning module KismetWidgets (479)
[2020.05.01-18.49.11:431][726]LogModuleManager: Shutting down and abandoning module GraphEditor (476)
[2020.05.01-18.49.11:546][726]LogModuleManager: Shutting down and abandoning module StructViewer (474)
[2020.05.01-18.49.11:546][726]LogModuleManager: Shutting down and abandoning module ClassViewer (472)
[2020.05.01-18.49.11:546][726]LogModuleManager: Shutting down and abandoning module Toolbox (470)
[2020.05.01-18.49.11:546][726]LogModuleManager: Shutting down and abandoning module ModuleUI (468)
[2020.05.01-18.49.11:556][726]LogModuleManager: Shutting down and abandoning module MovieSceneTools (466)
[2020.05.01-18.49.11:572][726]LogModuleManager: Shutting down and abandoning module OutputLog (464)
[2020.05.01-18.49.11:593][726]LogModuleManager: Shutting down and abandoning module GammaUI (462)
[2020.05.01-18.49.11:610][726]LogModuleManager: Shutting down and abandoning module Documentation (460)
[2020.05.01-18.49.11:610][726]LogModuleManager: Shutting down and abandoning module LiveCoding (458)
[2020.05.01-18.49.11:641][726]LogModuleManager: Shutting down and abandoning module LevelSequence (456)
[2020.05.01-18.49.11:641][726]LogModuleManager: Shutting down and abandoning module MovieSceneTracks (454)
[2020.05.01-18.49.11:641][726]LogModuleManager: Shutting down and abandoning module MovieScene (452)
[2020.05.01-18.49.11:663][726]LogModuleManager: Shutting down and abandoning module StreamingPauseRendering (450)
[2020.05.01-18.49.11:683][726]LogModuleManager: Shutting down and abandoning module LauncherPlatform (448)
[2020.05.01-18.49.11:683][726]LogModuleManager: Shutting down and abandoning module AnalyticsET (446)
[2020.05.01-18.49.11:683][726]LogModuleManager: Shutting down and abandoning module PortalServices (444)
[2020.05.01-18.49.11:683][726]LogModuleManager: Shutting down and abandoning module PortalRpc (442)
[2020.05.01-18.49.11:683][726]LogModuleManager: Shutting down and abandoning module MessagingRpc (440)
[2020.05.01-18.49.11:683][726]LogModuleManager: Shutting down and abandoning module AIModule (438)
[2020.05.01-18.49.11:687][726]LogModuleManager: Shutting down and abandoning module GameplayDebugger (437)
[2020.05.01-18.49.11:697][726]LogModuleManager: Shutting down and abandoning module AITestSuite (435)
[2020.05.01-18.49.11:697][726]LogModuleManager: Shutting down and abandoning module NavigationSystem (433)
[2020.05.01-18.49.11:697][726]LogModuleManager: Shutting down and abandoning module DesktopPlatform (430)
[2020.05.01-18.49.11:701][726]LogModuleManager: Shutting down and abandoning module ImageWriteQueue (428)
[2020.05.01-18.49.11:704][726]LogModuleManager: Shutting down and abandoning module ProfilerService (426)
[2020.05.01-18.49.11:712][726]LogModuleManager: Shutting down and abandoning module TaskGraph (424)
[2020.05.01-18.49.11:718][726]LogModuleManager: Shutting down and abandoning module ScreenshotTools (422)
[2020.05.01-18.49.11:718][726]LogModuleManager: Shutting down and abandoning module SteamVRController (420)
[2020.05.01-18.49.11:718][726]LogModuleManager: Shutting down and abandoning module ProceduralMeshComponentEditor (418)
[2020.05.01-18.49.11:718][726]LogModuleManager: Shutting down and abandoning module ProceduralMeshComponent (416)
[2020.05.01-18.49.11:730][726]LogModuleManager: Shutting down and abandoning module OculusEditor (414)
[2020.05.01-18.49.11:730][726]LogModuleManager: Shutting down and abandoning module OculusInput (412)
[2020.05.01-18.49.11:730][726]LogModuleManager: Shutting down and abandoning module MobilePatchingUtils (410)
[2020.05.01-18.49.11:730][726]LogModuleManager: Shutting down and abandoning module EditableMesh (408)
[2020.05.01-18.49.11:736][726]LogModuleManager: Shutting down and abandoning module CustomMeshComponent (406)
[2020.05.01-18.49.11:736][726]LogModuleManager: Shutting down and abandoning module CableComponent (404)
[2020.05.01-18.49.11:736][726]LogModuleManager: Shutting down and abandoning module AudioCapture (402)
[2020.05.01-18.49.11:736][726]LogModuleManager: Shutting down and abandoning module ArchVisCharacter (400)
[2020.05.01-18.49.11:736][726]LogModuleManager: Shutting down and abandoning module AppleImageUtilsBlueprintSupport (398)
[2020.05.01-18.49.11:736][726]LogModuleManager: Shutting down and abandoning module AppleImageUtils (396)
[2020.05.01-18.49.11:736][726]LogModuleManager: Shutting down and abandoning module AndroidPermission (394)
[2020.05.01-18.49.11:736][726]LogModuleManager: Shutting down and abandoning module NUTUnrealEngine4 (392)
[2020.05.01-18.49.11:746][726]LogModuleManager: Shutting down and abandoning module NetcodeUnitTest (390)
[2020.05.01-18.49.11:757][726]LogModuleManager: Shutting down and abandoning module MediaCompositing (388)
[2020.05.01-18.49.11:757][726]LogModuleManager: Shutting down and abandoning module ImgMedia (386)
[2020.05.01-18.49.11:766][726]LogModuleManager: Shutting down and abandoning module MagicLeapHelperVulkan (384)
[2020.05.01-18.49.11:766][726]LogModuleManager: Shutting down and abandoning module MagicLeapHelperOpenGL (382)
[2020.05.01-18.49.11:766][726]LogModuleManager: Shutting down and abandoning module MagicLeapAudio (380)
[2020.05.01-18.49.11:774][726]LogModuleManager: Shutting down and abandoning module HTML5Networking (378)
[2020.05.01-18.49.11:774][726]LogModuleManager: Shutting down and abandoning module GeometryCacheTracks (376)
[2020.05.01-18.49.11:774][726]LogModuleManager: Shutting down and abandoning module GeometryCacheSequencer (374)
[2020.05.01-18.49.11:774][726]LogModuleManager: Shutting down and abandoning module BackChannel (372)
[2020.05.01-18.49.11:779][726]LogModuleManager: Shutting down and abandoning module AutomationUtilsEditor (370)
[2020.05.01-18.49.11:779][726]LogModuleManager: Shutting down and abandoning module AutomationUtils (368)
[2020.05.01-18.49.11:780][726]LogModuleManager: Shutting down and abandoning module AlembicImporter (366)
[2020.05.01-18.49.11:789][726]LogModuleManager: Shutting down and abandoning module AlembicLibrary (365)
[2020.05.01-18.49.11:789][726]LogModuleManager: Shutting down and abandoning module GeometryCache (364)
[2020.05.01-18.49.11:789][726]LogModuleManager: Shutting down and abandoning module GeometryCacheEd (363)
[2020.05.01-18.49.11:789][726]LogModuleManager: Shutting down and abandoning module VariantManagerContent (358)
[2020.05.01-18.49.11:789][726]LogModuleManager: Shutting down and abandoning module DatasmithContentEditor (356)
[2020.05.01-18.49.11:789][726]LogModuleManager: Shutting down and abandoning module SpeedTreeImporter (354)
[2020.05.01-18.49.11:789][726]LogModuleManager: Shutting down and abandoning module PluginBrowser (352)
[2020.05.01-18.49.11:798][726]LogModuleManager: Shutting down and abandoning module MobileLauncherProfileWizard (350)
[2020.05.01-18.49.11:807][726]LogModuleManager: Shutting down and abandoning module MaterialAnalyzer (348)
[2020.05.01-18.49.11:811][726]LogModuleManager: Shutting down and abandoning module CurveEditorTools (346)
[2020.05.01-18.49.11:844][726]LogModuleManager: Shutting down and abandoning module CurveEditor (345)
[2020.05.01-18.49.11:845][726]LogModuleManager: Shutting down and abandoning module CryptoKeysOpenSSL (342)
[2020.05.01-18.49.11:845][726]LogModuleManager: Shutting down and abandoning module CryptoKeys (340)
[2020.05.01-18.49.11:845][726]LogModuleManager: Shutting down and abandoning module VisualStudioSourceCodeAccess (338)
[2020.05.01-18.49.11:846][726]LogModuleManager: Shutting down and abandoning module VisualStudioCodeSourceCodeAccess (336)
[2020.05.01-18.49.11:846][726]LogModuleManager: Shutting down and abandoning module UObjectPlugin (334)
[2020.05.01-18.49.11:846][726]LogModuleManager: Shutting down and abandoning module SubversionSourceControl (332)
[2020.05.01-18.49.11:855][726]LogModuleManager: Shutting down and abandoning module PerforceSourceControl (330)
[2020.05.01-18.49.11:859][726]LogModuleManager: Shutting down and abandoning module GitSourceControl (328)
[2020.05.01-18.49.11:876][726]LogModuleManager: Shutting down and abandoning module SourceControl (327)
[2020.05.01-18.49.11:876][726]LogModuleManager: Shutting down and abandoning module CLionSourceCodeAccess (324)
[2020.05.01-18.49.11:876][726]LogModuleManager: Shutting down and abandoning module AnimationSharingEd (322)
[2020.05.01-18.49.11:876][726]LogModuleManager: Shutting down and abandoning module ActorLayerUtilitiesEditor (320)
[2020.05.01-18.49.11:876][726]LogModuleManager: Shutting down and abandoning module ActorLayerUtilities (318)
[2020.05.01-18.49.11:876][726]LogModuleManager: Shutting down and abandoning module LightPropagationVolumeEditor (316)
[2020.05.01-18.49.11:876][726]LogModuleManager: Shutting down and abandoning module PaperTiledImporter (314)
[2020.05.01-18.49.11:876][726]LogModuleManager: Shutting down and abandoning module PaperSpriteSheetImporter (312)
[2020.05.01-18.49.11:876][726]LogModuleManager: Shutting down and abandoning module Paper2DEditor (310)
[2020.05.01-18.49.11:892][726]LogModuleManager: Shutting down and abandoning module SignificanceManager (308)
[2020.05.01-18.49.11:892][726]LogModuleManager: Shutting down and abandoning module RuntimePhysXCooking (306)
[2020.05.01-18.49.11:892][726]LogModuleManager: Shutting down and abandoning module PhysXVehiclesEditor (304)
[2020.05.01-18.49.11:892][726]LogModuleManager: Shutting down and abandoning module LocationServicesBPLibrary (300)
[2020.05.01-18.49.11:892][726]LogModuleManager: Shutting down and abandoning module ActorSequence (298)
[2020.05.01-18.49.11:892][726]LogModuleManager: Shutting down and abandoning module UdpMessaging (296)
[2020.05.01-18.49.11:992][726]LogModuleManager: Shutting down and abandoning module TcpMessaging (294)
[2020.05.01-18.49.12:099][726]LogModuleManager: Shutting down and abandoning module MagicLeapIdentity (292)
[2020.05.01-18.49.12:099][726]LogModuleManager: Shutting down and abandoning module MagicLeapSecureStorage (290)
[2020.05.01-18.49.12:099][726]LogModuleManager: Shutting down and abandoning module MagicLeapHandTracking (288)
[2020.05.01-18.49.12:107][726]LogModuleManager: Shutting down and abandoning module MagicLeapEyeTracker (286)
[2020.05.01-18.49.12:107][726]LogModuleManager: Shutting down and abandoning module MagicLeapController (284)
[2020.05.01-18.49.12:107][726]LogSlate: Slate User Destroyed.  User Index 0, Is Virtual User: 0
[2020.05.01-18.49.12:107][726]LogModuleManager: Shutting down and abandoning module MagicLeapAR (282)
[2020.05.01-18.49.12:107][726]LogModuleManager: Shutting down and abandoning module AugmentedReality (281)
[2020.05.01-18.49.12:107][726]LogModuleManager: Shutting down and abandoning module GameplayTagsEditor (278)
[2020.05.01-18.49.12:125][726]LogModuleManager: Shutting down and abandoning module FacialAnimationEditor (276)
[2020.05.01-18.49.12:125][726]LogModuleManager: Shutting down and abandoning module FacialAnimation (274)
[2020.05.01-18.49.12:125][726]LogModuleManager: Shutting down and abandoning module DataValidation (272)
[2020.05.01-18.49.12:125][726]LogModuleManager: Shutting down and abandoning module AssetManagerEditor (270)
[2020.05.01-18.49.12:139][726]LogModuleManager: Shutting down and abandoning module LevelEditor (269)
[2020.05.01-18.49.12:160][726]LogModuleManager: Shutting down and abandoning module PixelInspectorModule (268)
[2020.05.01-18.49.12:185][726]LogModuleManager: Shutting down and abandoning module CommonMenuExtensions (266)
[2020.05.01-18.49.12:185][726]LogModuleManager: Shutting down and abandoning module MainFrame (264)
[2020.05.01-18.49.12:185][726]LogModuleManager: Shutting down and abandoning module HotReload (263)
[2020.05.01-18.49.12:191][726]LogModuleManager: Shutting down and abandoning module ContentBrowser (259)
[2020.05.01-18.49.12:191][726]LogModuleManager: Shutting down and abandoning module TreeMap (257)
[2020.05.01-18.49.12:199][726]LogModuleManager: Shutting down and abandoning module AnimationSharing (254)
[2020.05.01-18.49.12:199][726]LogModuleManager: Shutting down and abandoning module LightPropagationVolumeRuntime (252)
[2020.05.01-18.49.12:199][726]LogModuleManager: Shutting down and abandoning module Paper2D (250)
[2020.05.01-18.49.12:212][726]LogModuleManager: Shutting down and abandoning module WindowsMoviePlayer (248)
[2020.05.01-18.49.12:226][726]LogModuleManager: Shutting down and abandoning module WebMMoviePlayer (246)
[2020.05.01-18.49.12:235][726]LogModuleManager: Shutting down and abandoning module NetworkReplayStreaming (244)
[2020.05.01-18.49.12:235][726]LogModuleManager: Shutting down and abandoning module PacketHandler (242)
[2020.05.01-18.49.12:235][726]LogModuleManager: Shutting down and abandoning module ClothingSystemEditor (240)
[2020.05.01-18.49.12:235][726]LogModuleManager: Shutting down and abandoning module ClothingSystemRuntime (238)
[2020.05.01-18.49.12:247][726]LogModuleManager: Shutting down and abandoning module MediaAssets (236)
[2020.05.01-18.49.12:247][726]LogModuleManager: Shutting down and abandoning module Overlay (234)
[2020.05.01-18.49.12:247][726]LogModuleManager: Shutting down and abandoning module OverlayEditor (233)
[2020.05.01-18.49.12:247][726]LogModuleManager: Shutting down and abandoning module VREditor (230)
[2020.05.01-18.49.12:264][726]LogModuleManager: Shutting down and abandoning module StringTableEditor (228)
[2020.05.01-18.49.12:268][726]LogModuleManager: Shutting down and abandoning module GameplayTasksEditor (226)
[2020.05.01-18.49.12:268][726]LogModuleManager: Shutting down and abandoning module BehaviorTreeEditor (224)
[2020.05.01-18.49.12:291][726]LogModuleManager: Shutting down and abandoning module FunctionalTesting (222)
[2020.05.01-18.49.12:298][726]LogModuleManager: Shutting down and abandoning module CollisionAnalyzer (220)
[2020.05.01-18.49.12:314][726]LogModuleManager: Shutting down and abandoning module WorkspaceMenuStructure (219)
[2020.05.01-18.49.12:322][726]LogModuleManager: Shutting down and abandoning module UMG (216)
[2020.05.01-18.49.12:329][726]LogModuleManager: Shutting down and abandoning module UMGEditor (215)
[2020.05.01-18.49.12:344][726]LogModuleManager: Shutting down and abandoning module Sequencer (214)
[2020.05.01-18.49.12:412][726]LogModuleManager: Shutting down and abandoning module MessageLog (211)
[2020.05.01-18.49.12:412][726]LogModuleManager: Shutting down and abandoning module SlateReflector (206)
[2020.05.01-18.49.12:424][726]LogModuleManager: Shutting down and abandoning module Slate (204)
[2020.05.01-18.49.12:424][726]LogModuleManager: Shutting down and abandoning module LandscapeEditorUtilities (202)
[2020.05.01-18.49.12:424][726]LogModuleManager: Shutting down and abandoning module EditorStyle (200)
[2020.05.01-18.49.12:425][726]LogModuleManager: Shutting down and abandoning module UnrealEd (198)
[2020.05.01-18.49.12:433][726]LogModuleManager: Shutting down and abandoning module MRMesh (196)
[2020.05.01-18.49.12:433][726]LogModuleManager: Shutting down and abandoning module SourceCodeAccess (194)
[2020.05.01-18.49.12:433][726]LogModuleManager: Shutting down and abandoning module HeadMountedDisplay (192)
[2020.05.01-18.49.12:433][726]LogModuleManager: Shutting down and abandoning module XAudio2 (190)
[2020.05.01-18.49.12:433][726]LogModuleManager: Shutting down and abandoning module Networking (188)
[2020.05.01-18.49.12:433][726]LogModuleManager: Shutting down and abandoning module Core (186)
[2020.05.01-18.49.12:433][726]LogModuleManager: Shutting down and abandoning module KismetCompiler (184)
[2020.05.01-18.49.12:433][726]LogModuleManager: Shutting down and abandoning module MeshUtilities (182)
[2020.05.01-18.49.12:433][726]LogModuleManager: Shutting down and abandoning module MeshMergeUtilities (181)
[2020.05.01-18.49.12:437][726]LogModuleManager: Shutting down and abandoning module MeshReductionInterface (180)
[2020.05.01-18.49.12:437][726]LogModuleManager: Shutting down and abandoning module SkeletalMeshReduction (179)
[2020.05.01-18.49.12:454][726]LogModuleManager: Shutting down and abandoning module ProxyLODMeshReduction (177)
[2020.05.01-18.49.12:462][726]LogModuleManager: Shutting down and abandoning module QuadricMeshReduction (175)
[2020.05.01-18.49.12:477][726]LogModuleManager: Shutting down and abandoning module MaterialBaking (171)
[2020.05.01-18.49.12:488][726]LogModuleManager: Shutting down and abandoning module NullInstallBundleManager (166)
[2020.05.01-18.49.12:488][726]LogModuleManager: Shutting down and abandoning module DerivedDataCache (164)
[2020.05.01-18.49.12:723][726]LogDerivedDataCache: Shutdown
[2020.05.01-18.49.12:723][726]LogModuleManager: Shutting down and abandoning module XGEController (162)
[2020.05.01-18.49.12:723][726]LogXGEController: Cleaning working directory: C:/Users/User/AppData/Local/Temp/UnrealXGEWorkingDir/
[2020.05.01-18.49.12:730][726]LogModuleManager: Shutting down and abandoning module TargetPlatform (160)
[2020.05.01-18.49.12:738][726]LogModuleManager: Shutting down and abandoning module VulkanShaderFormat (159)
[2020.05.01-18.49.12:743][726]LogModuleManager: Shutting down and abandoning module ShaderFormatVectorVM (157)
[2020.05.01-18.49.12:756][726]LogModuleManager: Shutting down and abandoning module ShaderFormatOpenGL (155)
[2020.05.01-18.49.12:761][726]LogModuleManager: Shutting down and abandoning module ShaderFormatD3D (153)
[2020.05.01-18.49.12:768][726]LogModuleManager: Shutting down and abandoning module MetalShaderFormat (151)
[2020.05.01-18.49.12:786][726]LogModuleManager: Shutting down and abandoning module TextureFormatUncompressed (149)
[2020.05.01-18.49.12:786][726]LogModuleManager: Shutting down and abandoning module TextureFormatPVR (147)
[2020.05.01-18.49.12:786][726]LogModuleManager: Shutting down and abandoning module TextureFormatDXT (145)
[2020.05.01-18.49.12:796][726]LogModuleManager: Shutting down and abandoning module TextureFormatIntelISPCTexComp (143)
[2020.05.01-18.49.12:797][726]LogModuleManager: Shutting down and abandoning module TextureFormatASTC (141)
[2020.05.01-18.49.12:797][726]LogModuleManager: Shutting down and abandoning module ImageWrapper (140)
[2020.05.01-18.49.12:797][726]LogModuleManager: Shutting down and abandoning module TextureFormatAndroid (137)
[2020.05.01-18.49.12:797][726]LogModuleManager: Shutting down and abandoning module AudioFormatOpus (135)
[2020.05.01-18.49.12:799][726]LogModuleManager: Shutting down and abandoning module AudioFormatOgg (133)
[2020.05.01-18.49.12:799][726]LogModuleManager: Shutting down and abandoning module AudioFormatADPCM (131)
[2020.05.01-18.49.12:799][726]LogModuleManager: Shutting down and abandoning module LuminTargetPlatform (129)
[2020.05.01-18.49.12:816][726]LogModuleManager: Shutting down and abandoning module LinuxTargetPlatform (127)
[2020.05.01-18.49.12:816][726]LogModuleManager: Shutting down and abandoning module LinuxServerTargetPlatform (125)
[2020.05.01-18.49.12:831][726]LogModuleManager: Shutting down and abandoning module LinuxNoEditorTargetPlatform (123)
[2020.05.01-18.49.12:839][726]LogModuleManager: Shutting down and abandoning module LinuxClientTargetPlatform (121)
[2020.05.01-18.49.12:840][726]LogModuleManager: Shutting down and abandoning module TVOSTargetPlatform (119)
[2020.05.01-18.49.12:840][726]LogModuleManager: Shutting down and abandoning module Messaging (117)
[2020.05.01-18.49.12:840][726]LogModuleManager: Shutting down and abandoning module IOSTargetPlatform (115)
[2020.05.01-18.49.12:841][726]LogModuleManager: Shutting down and abandoning module HTML5TargetPlatform (113)
[2020.05.01-18.49.12:841][726]LogModuleManager: Shutting down and abandoning module AndroidTargetPlatform (111)
[2020.05.01-18.49.12:846][726]LogModuleManager: Shutting down and abandoning module WindowsTargetPlatform (109)
[2020.05.01-18.49.12:846][726]LogModuleManager: Shutting down and abandoning module WindowsServerTargetPlatform (107)
[2020.05.01-18.49.12:846][726]LogModuleManager: Shutting down and abandoning module WindowsNoEditorTargetPlatform (105)
[2020.05.01-18.49.12:846][726]LogModuleManager: Shutting down and abandoning module WindowsClientTargetPlatform (103)
[2020.05.01-18.49.12:846][726]LogModuleManager: Shutting down and abandoning module MacTargetPlatform (101)
[2020.05.01-18.49.12:846][726]LogModuleManager: Shutting down and abandoning module MacServerTargetPlatform (99)
[2020.05.01-18.49.12:846][726]LogModuleManager: Shutting down and abandoning module MacNoEditorTargetPlatform (97)
[2020.05.01-18.49.12:846][726]LogModuleManager: Shutting down and abandoning module MacClientTargetPlatform (95)
[2020.05.01-18.49.12:846][726]LogModuleManager: Shutting down and abandoning module AllDesktopTargetPlatform (93)
[2020.05.01-18.49.12:846][726]LogModuleManager: Shutting down and abandoning module InputCore (90)
[2020.05.01-18.49.12:846][726]LogModuleManager: Shutting down and abandoning module Settings (88)
[2020.05.01-18.49.12:846][726]LogModuleManager: Shutting down and abandoning module DirectoryWatcher (86)
[2020.05.01-18.49.12:847][726]LogModuleManager: Shutting down and abandoning module PhysXCooking (84)
[2020.05.01-18.49.12:847][726]LogModuleManager: Shutting down and abandoning module WindowsPlatformFeatures (82)
[2020.05.01-18.49.12:847][726]LogModuleManager: Shutting down and abandoning module GameplayMediaEncoder (81)
[2020.05.01-18.49.12:858][726]LogModuleManager: Shutting down and abandoning module SteamVR (78)
[2020.05.01-18.49.12:867][726]LogHMD: Freeing OpenVRDLLHandle.
[2020.05.01-18.49.12:867][726]LogModuleManager: Shutting down and abandoning module OculusHMD (76)
[2020.05.01-18.49.12:876][726]LogModuleManager: Shutting down and abandoning module ExampleDeviceProfileSelector (74)
[2020.05.01-18.49.12:876][726]LogModuleManager: Shutting down and abandoning module LauncherChunkInstaller (72)
[2020.05.01-18.49.12:876][726]LogModuleManager: Shutting down and abandoning module OnlineBlueprintSupport (70)
[2020.05.01-18.49.12:876][726]LogModuleManager: Shutting down and abandoning module OnlineSubsystem (66)
[2020.05.01-18.49.12:892][726]LogModuleManager: Shutting down and abandoning module XMPP (61)
[2020.05.01-18.49.12:903][726]LogModuleManager: Shutting down and abandoning module WebSockets (60)
[2020.05.01-18.49.12:927][726]LogModuleManager: Shutting down and abandoning module HTTP (57)
[2020.05.01-18.49.12:927][726]LogHttp: Display: Http module shutting down, but needs to wait on 1 outstanding Http requests:
[2020.05.01-18.49.12:927][726]LogHttp: Display: 	verb=[POST] url=[https://datarouter.ol.epicgames.com/datarouter/api/v1/public/data?SessionID=%7B38F3B818-4961-058A-6A89-8FB731C6A899%7D&AppID=UEEditor.Rocket.Release&AppVersion=4.23.1-9631420%2B%2B%2BUE4%2BRelease-4.23&UserID=1c41149a43b8b55c0bd2ed82bade63a6%7C2535cdb3982542b39109c851f056458c%7Ce4064e0c-f458-4afa-9578-f9be7cd8b8f6&AppEnvironment=datacollector-binary&UploadType=eteventstream] status=Processing
[2020.05.01-18.49.12:946][726]LogModuleManager: Shutting down and abandoning module SSL (56)
[2020.05.01-18.49.12:946][726]LogModuleManager: Shutting down and abandoning module WmfMedia (52)
[2020.05.01-18.49.12:964][726]LogModuleManager: Shutting down and abandoning module Media (51)
[2020.05.01-18.49.12:964][726]LogModuleManager: Shutting down and abandoning module MagicLeap (48)
[2020.05.01-18.49.12:974][726]LogModuleManager: Shutting down and abandoning module DatasmithContent (46)
[2020.05.01-18.49.12:974][726]LogModuleManager: Shutting down and abandoning module AISupportModule (44)
[2020.05.01-18.49.12:974][726]LogModuleManager: Shutting down and abandoning module PlatformCryptoOpenSSL (42)
[2020.05.01-18.49.12:981][726]LogModuleManager: Shutting down and abandoning module PlatformCrypto (40)
[2020.05.01-18.49.12:981][726]LogModuleManager: Shutting down and abandoning module AnimationModifiers (38)
[2020.05.01-18.49.12:994][726]LogModuleManager: Shutting down and abandoning module PropertyEditor (37)
[2020.05.01-18.49.13:011][726]LogModuleManager: Shutting down and abandoning module AudioEditor (34)
[2020.05.01-18.49.13:020][726]LogModuleManager: Shutting down and abandoning module TextureCompressor (32)
[2020.05.01-18.49.13:029][726]LogModuleManager: Shutting down and abandoning module RenderCore (30)
[2020.05.01-18.49.13:029][726]LogModuleManager: Shutting down and abandoning module Landscape (28)
[2020.05.01-18.49.13:029][726]LogModuleManager: Shutting down and abandoning module SlateRHIRenderer (26)
[2020.05.01-18.49.13:038][726]LogModuleManager: Shutting down and abandoning module OpenGLDrv (24)
[2020.05.01-18.49.13:053][726]LogModuleManager: Shutting down and abandoning module D3D11RHI (22)
[2020.05.01-18.49.13:053][726]LogModuleManager: Shutting down and abandoning module AnimGraphRuntime (20)
[2020.05.01-18.49.13:065][726]LogModuleManager: Shutting down and abandoning module Renderer (18)
[2020.05.01-18.49.13:065][726]LogModuleManager: Shutting down and abandoning module Engine (16)
[2020.05.01-18.49.13:065][726]LogModuleManager: Shutting down and abandoning module CoreUObject (14)
[2020.05.01-18.49.13:065][726]LogModuleManager: Shutting down and abandoning module NetworkFile (12)
[2020.05.01-18.49.13:073][726]LogModuleManager: Shutting down and abandoning module CookedIterativeFile (10)
[2020.05.01-18.49.13:073][726]LogModuleManager: Shutting down and abandoning module StreamingFile (8)
[2020.05.01-18.49.13:081][726]LogModuleManager: Shutting down and abandoning module SandboxFile (6)
[2020.05.01-18.49.13:081][726]LogModuleManager: Shutting down and abandoning module PakFile (4)
[2020.05.01-18.49.13:088][726]LogModuleManager: Shutting down and abandoning module RSA (3)
[2020.05.01-18.49.13:098][726]LogD3D11RHI: Shutdown
[2020.05.01-18.49.13:104][726]LogD3D11RHI: CleanupD3DDevice
[2020.05.01-18.49.13:126][726]LogRendererCore: FGlobalDynamicReadBuffer::Cleanup()
[2020.05.01-18.49.13:136][726]LogRendererCore: FGlobalDynamicReadBuffer::Cleanup()
[2020.05.01-18.49.13:136][726]LogRendererCore: FGlobalDynamicReadBuffer::Cleanup()
[2020.05.01-18.49.13:195][726]LogD3D11RHI: ~FD3D11DynamicRHI
[2020.05.01-18.49.13:224][726]LogExit: Exiting.
[2020.05.01-18.49.13:242][726]Log file closed, 05/01/20 20:49:13
